INFO 2023-10-15 08:09:32,444 autoreload 13406 127749810566976 Watching for file changes with StatReloader
WARNING 2023-10-15 08:09:53,960 log 13406 127749770041088 Not Found: /favicon.ico
WARNING 2023-10-15 08:09:53,961 basehttp 13406 127749770041088 "GET /favicon.ico HTTP/1.1" 404 2555
WARNING 2023-10-15 08:10:01,122 log 13406 127749752469248 Not Found: /favicon.ico
WARNING 2023-10-15 08:10:01,123 basehttp 13406 127749752469248 "GET /favicon.ico HTTP/1.1" 404 2555
WARNING 2023-10-15 08:10:02,093 log 13406 127749744076544 Not Found: /favicon.ico
WARNING 2023-10-15 08:10:02,094 basehttp 13406 127749744076544 "GET /favicon.ico HTTP/1.1" 404 2550
INFO 2023-10-15 08:10:03,175 basehttp 13406 127749735683840 "GET / HTTP/1.1" 200 115
WARNING 2023-10-15 08:10:03,272 log 13406 127749735683840 Not Found: /favicon.ico
WARNING 2023-10-15 08:10:03,274 basehttp 13406 127749735683840 "GET /favicon.ico HTTP/1.1" 404 2550
INFO 2023-10-15 08:10:11,861 basehttp 13406 127749735683840 "GET /about HTTP/1.1" 301 0
INFO 2023-10-15 08:10:11,926 basehttp 13406 127749735683840 "GET /about/ HTTP/1.1" 200 406
WARNING 2023-10-15 08:11:05,306 log 13406 127749735683840 Not Found: /favicon.ico
WARNING 2023-10-15 08:11:05,307 basehttp 13406 127749735683840 "GET /favicon.ico HTTP/1.1" 404 2550
INFO 2023-10-15 17:38:37,134 autoreload 17343 130092496791360 Watching for file changes with StatReloader
INFO 2023-10-17 16:55:56,192 autoreload 12830 128439054055232 Watching for file changes with StatReloader
INFO 2023-10-17 16:56:05,481 basehttp 12830 128439013529344 "GET / HTTP/1.1" 200 115
INFO 2023-10-17 16:56:12,827 basehttp 12830 128439013529344 "GET /about HTTP/1.1" 301 0
INFO 2023-10-17 16:56:12,855 basehttp 12830 128439013529344 "GET /about/ HTTP/1.1" 200 406
INFO 2023-10-17 16:56:42,731 basehttp 12830 128439013529344 "GET /models/ HTTP/1.1" 200 115
INFO 2023-10-17 16:56:54,871 basehttp 12830 128439013529344 "GET /models/about/ HTTP/1.1" 200 406
INFO 2023-10-17 18:38:09,816 autoreload 15124 125717927696192 Watching for file changes with StatReloader
INFO 2023-10-17 18:44:18,898 autoreload 15448 138298763155264 Watching for file changes with StatReloader
INFO 2023-10-18 17:36:21,009 autoreload 21483 125150829885248 Watching for file changes with StatReloader
INFO 2023-10-18 17:36:29,196 basehttp 21483 125150716491520 "GET / HTTP/1.1" 200 115
INFO 2023-10-18 17:36:40,514 basehttp 21483 125150716491520 "GET /app3 HTTP/1.1" 301 0
ERROR 2023-10-18 17:36:40,662 log 21483 125150716491520 Internal Server Error: /app3/
Traceback (most recent call last):
  File "/home/administrator/Desktops/Desktop1/Study/django/env/lib/python3.7/site-packages/django/template/base.py", line 470, in parse
    compile_func = self.tags[command]
KeyError: "static'bootstrap.min.css'"

During handling of the above exception, another exception occurred:

Traceback (most recent call last):
  File "/home/administrator/Desktops/Desktop1/Study/django/env/lib/python3.7/site-packages/django/core/handlers/exception.py", line 47, in inner
    response = get_response(request)
  File "/home/administrator/Desktops/Desktop1/Study/django/env/lib/python3.7/site-packages/django/core/handlers/base.py", line 181, in _get_response
    response = wrapped_callback(request, *callback_args, **callback_kwargs)
  File "/home/administrator/Desktops/Desktop1/Study/django/proj_one/hometask3_app/views.py", line 10, in index
    return render(request,'hometask3_app/base.html')
  File "/home/administrator/Desktops/Desktop1/Study/django/env/lib/python3.7/site-packages/django/shortcuts.py", line 19, in render
    content = loader.render_to_string(template_name, context, request, using=using)
  File "/home/administrator/Desktops/Desktop1/Study/django/env/lib/python3.7/site-packages/django/template/loader.py", line 61, in render_to_string
    template = get_template(template_name, using=using)
  File "/home/administrator/Desktops/Desktop1/Study/django/env/lib/python3.7/site-packages/django/template/loader.py", line 15, in get_template
    return engine.get_template(template_name)
  File "/home/administrator/Desktops/Desktop1/Study/django/env/lib/python3.7/site-packages/django/template/backends/django.py", line 34, in get_template
    return Template(self.engine.get_template(template_name), self)
  File "/home/administrator/Desktops/Desktop1/Study/django/env/lib/python3.7/site-packages/django/template/engine.py", line 143, in get_template
    template, origin = self.find_template(template_name)
  File "/home/administrator/Desktops/Desktop1/Study/django/env/lib/python3.7/site-packages/django/template/engine.py", line 125, in find_template
    template = loader.get_template(name, skip=skip)
  File "/home/administrator/Desktops/Desktop1/Study/django/env/lib/python3.7/site-packages/django/template/loaders/base.py", line 30, in get_template
    contents, origin, origin.template_name, self.engine,
  File "/home/administrator/Desktops/Desktop1/Study/django/env/lib/python3.7/site-packages/django/template/base.py", line 155, in __init__
    self.nodelist = self.compile_nodelist()
  File "/home/administrator/Desktops/Desktop1/Study/django/env/lib/python3.7/site-packages/django/template/base.py", line 193, in compile_nodelist
    return parser.parse()
  File "/home/administrator/Desktops/Desktop1/Study/django/env/lib/python3.7/site-packages/django/template/base.py", line 472, in parse
    self.invalid_block_tag(token, command, parse_until)
  File "/home/administrator/Desktops/Desktop1/Study/django/env/lib/python3.7/site-packages/django/template/base.py", line 534, in invalid_block_tag
    "or load this tag?" % (token.lineno, command)
django.template.exceptions.TemplateSyntaxError: Invalid block tag on line 4: 'static'bootstrap.min.css''. Did you forget to register or load this tag?
ERROR 2023-10-18 17:36:40,664 basehttp 21483 125150716491520 "GET /app3/ HTTP/1.1" 500 128697
INFO 2023-10-18 17:38:34,967 autoreload 21903 124741168265024 Watching for file changes with StatReloader
INFO 2023-10-18 17:38:38,884 basehttp 21903 124741127739136 "GET / HTTP/1.1" 200 115
ERROR 2023-10-18 17:38:45,554 log 21903 124741127739136 Internal Server Error: /app3/
Traceback (most recent call last):
  File "/home/administrator/Desktops/Desktop1/Study/django/env/lib/python3.7/site-packages/django/template/base.py", line 470, in parse
    compile_func = self.tags[command]
KeyError: 'static'

During handling of the above exception, another exception occurred:

Traceback (most recent call last):
  File "/home/administrator/Desktops/Desktop1/Study/django/env/lib/python3.7/site-packages/django/core/handlers/exception.py", line 47, in inner
    response = get_response(request)
  File "/home/administrator/Desktops/Desktop1/Study/django/env/lib/python3.7/site-packages/django/core/handlers/base.py", line 181, in _get_response
    response = wrapped_callback(request, *callback_args, **callback_kwargs)
  File "/home/administrator/Desktops/Desktop1/Study/django/proj_one/hometask3_app/views.py", line 10, in index
    return render(request,'hometask3_app/base.html')
  File "/home/administrator/Desktops/Desktop1/Study/django/env/lib/python3.7/site-packages/django/shortcuts.py", line 19, in render
    content = loader.render_to_string(template_name, context, request, using=using)
  File "/home/administrator/Desktops/Desktop1/Study/django/env/lib/python3.7/site-packages/django/template/loader.py", line 61, in render_to_string
    template = get_template(template_name, using=using)
  File "/home/administrator/Desktops/Desktop1/Study/django/env/lib/python3.7/site-packages/django/template/loader.py", line 15, in get_template
    return engine.get_template(template_name)
  File "/home/administrator/Desktops/Desktop1/Study/django/env/lib/python3.7/site-packages/django/template/backends/django.py", line 34, in get_template
    return Template(self.engine.get_template(template_name), self)
  File "/home/administrator/Desktops/Desktop1/Study/django/env/lib/python3.7/site-packages/django/template/engine.py", line 143, in get_template
    template, origin = self.find_template(template_name)
  File "/home/administrator/Desktops/Desktop1/Study/django/env/lib/python3.7/site-packages/django/template/engine.py", line 125, in find_template
    template = loader.get_template(name, skip=skip)
  File "/home/administrator/Desktops/Desktop1/Study/django/env/lib/python3.7/site-packages/django/template/loaders/base.py", line 30, in get_template
    contents, origin, origin.template_name, self.engine,
  File "/home/administrator/Desktops/Desktop1/Study/django/env/lib/python3.7/site-packages/django/template/base.py", line 155, in __init__
    self.nodelist = self.compile_nodelist()
  File "/home/administrator/Desktops/Desktop1/Study/django/env/lib/python3.7/site-packages/django/template/base.py", line 193, in compile_nodelist
    return parser.parse()
  File "/home/administrator/Desktops/Desktop1/Study/django/env/lib/python3.7/site-packages/django/template/base.py", line 472, in parse
    self.invalid_block_tag(token, command, parse_until)
  File "/home/administrator/Desktops/Desktop1/Study/django/env/lib/python3.7/site-packages/django/template/base.py", line 534, in invalid_block_tag
    "or load this tag?" % (token.lineno, command)
django.template.exceptions.TemplateSyntaxError: Invalid block tag on line 4: 'static'. Did you forget to register or load this tag?
ERROR 2023-10-18 17:38:45,556 basehttp 21903 124741127739136 "GET /app3/ HTTP/1.1" 500 128326
WARNING 2023-10-18 17:39:42,756 log 21903 124741127739136 Not Found: /static
WARNING 2023-10-18 17:39:42,757 basehttp 21903 124741127739136 "GET /static HTTP/1.1" 404 2640
INFO 2023-10-18 17:42:23,302 autoreload 22304 134661982013248 Watching for file changes with StatReloader
WARNING 2023-10-18 17:42:29,269 log 22304 134661941487360 Not Found: /static
WARNING 2023-10-18 17:42:29,271 basehttp 22304 134661941487360 "GET /static HTTP/1.1" 404 2640
INFO 2023-10-18 17:44:21,596 autoreload 22304 134661982013248 /home/administrator/Desktops/Desktop1/Study/django/proj_one/proj_one/settings.py changed, reloading.
INFO 2023-10-18 17:44:21,970 autoreload 22391 137143389583168 Watching for file changes with StatReloader
INFO 2023-10-18 17:44:27,387 basehttp 22391 137143349057280 "GET / HTTP/1.1" 200 115
ERROR 2023-10-18 17:44:36,616 log 22391 137143349057280 Internal Server Error: /app3/
Traceback (most recent call last):
  File "/home/administrator/Desktops/Desktop1/Study/django/env/lib/python3.7/site-packages/django/template/base.py", line 470, in parse
    compile_func = self.tags[command]
KeyError: "static'bootstrap.min.css'"

During handling of the above exception, another exception occurred:

Traceback (most recent call last):
  File "/home/administrator/Desktops/Desktop1/Study/django/env/lib/python3.7/site-packages/django/core/handlers/exception.py", line 47, in inner
    response = get_response(request)
  File "/home/administrator/Desktops/Desktop1/Study/django/env/lib/python3.7/site-packages/django/core/handlers/base.py", line 181, in _get_response
    response = wrapped_callback(request, *callback_args, **callback_kwargs)
  File "/home/administrator/Desktops/Desktop1/Study/django/proj_one/hometask3_app/views.py", line 10, in index
    return render(request,'hometask3_app/base.html')
  File "/home/administrator/Desktops/Desktop1/Study/django/env/lib/python3.7/site-packages/django/shortcuts.py", line 19, in render
    content = loader.render_to_string(template_name, context, request, using=using)
  File "/home/administrator/Desktops/Desktop1/Study/django/env/lib/python3.7/site-packages/django/template/loader.py", line 61, in render_to_string
    template = get_template(template_name, using=using)
  File "/home/administrator/Desktops/Desktop1/Study/django/env/lib/python3.7/site-packages/django/template/loader.py", line 15, in get_template
    return engine.get_template(template_name)
  File "/home/administrator/Desktops/Desktop1/Study/django/env/lib/python3.7/site-packages/django/template/backends/django.py", line 34, in get_template
    return Template(self.engine.get_template(template_name), self)
  File "/home/administrator/Desktops/Desktop1/Study/django/env/lib/python3.7/site-packages/django/template/engine.py", line 143, in get_template
    template, origin = self.find_template(template_name)
  File "/home/administrator/Desktops/Desktop1/Study/django/env/lib/python3.7/site-packages/django/template/engine.py", line 125, in find_template
    template = loader.get_template(name, skip=skip)
  File "/home/administrator/Desktops/Desktop1/Study/django/env/lib/python3.7/site-packages/django/template/loaders/base.py", line 30, in get_template
    contents, origin, origin.template_name, self.engine,
  File "/home/administrator/Desktops/Desktop1/Study/django/env/lib/python3.7/site-packages/django/template/base.py", line 155, in __init__
    self.nodelist = self.compile_nodelist()
  File "/home/administrator/Desktops/Desktop1/Study/django/env/lib/python3.7/site-packages/django/template/base.py", line 193, in compile_nodelist
    return parser.parse()
  File "/home/administrator/Desktops/Desktop1/Study/django/env/lib/python3.7/site-packages/django/template/base.py", line 472, in parse
    self.invalid_block_tag(token, command, parse_until)
  File "/home/administrator/Desktops/Desktop1/Study/django/env/lib/python3.7/site-packages/django/template/base.py", line 534, in invalid_block_tag
    "or load this tag?" % (token.lineno, command)
django.template.exceptions.TemplateSyntaxError: Invalid block tag on line 4: 'static'bootstrap.min.css''. Did you forget to register or load this tag?
ERROR 2023-10-18 17:44:36,618 basehttp 22391 137143349057280 "GET /app3/ HTTP/1.1" 500 128697
INFO 2023-10-18 17:46:43,048 autoreload 22772 125388970321728 Watching for file changes with StatReloader
INFO 2023-10-18 17:46:46,919 basehttp 22772 125388929795840 "GET / HTTP/1.1" 200 115
ERROR 2023-10-18 17:46:52,188 log 22772 125388929795840 Internal Server Error: /app3/
Traceback (most recent call last):
  File "/home/administrator/Desktops/Desktop1/Study/django/env/lib/python3.7/site-packages/django/template/base.py", line 470, in parse
    compile_func = self.tags[command]
KeyError: 'static'

During handling of the above exception, another exception occurred:

Traceback (most recent call last):
  File "/home/administrator/Desktops/Desktop1/Study/django/env/lib/python3.7/site-packages/django/core/handlers/exception.py", line 47, in inner
    response = get_response(request)
  File "/home/administrator/Desktops/Desktop1/Study/django/env/lib/python3.7/site-packages/django/core/handlers/base.py", line 181, in _get_response
    response = wrapped_callback(request, *callback_args, **callback_kwargs)
  File "/home/administrator/Desktops/Desktop1/Study/django/proj_one/hometask3_app/views.py", line 10, in index
    return render(request,'hometask3_app/base.html')
  File "/home/administrator/Desktops/Desktop1/Study/django/env/lib/python3.7/site-packages/django/shortcuts.py", line 19, in render
    content = loader.render_to_string(template_name, context, request, using=using)
  File "/home/administrator/Desktops/Desktop1/Study/django/env/lib/python3.7/site-packages/django/template/loader.py", line 61, in render_to_string
    template = get_template(template_name, using=using)
  File "/home/administrator/Desktops/Desktop1/Study/django/env/lib/python3.7/site-packages/django/template/loader.py", line 15, in get_template
    return engine.get_template(template_name)
  File "/home/administrator/Desktops/Desktop1/Study/django/env/lib/python3.7/site-packages/django/template/backends/django.py", line 34, in get_template
    return Template(self.engine.get_template(template_name), self)
  File "/home/administrator/Desktops/Desktop1/Study/django/env/lib/python3.7/site-packages/django/template/engine.py", line 143, in get_template
    template, origin = self.find_template(template_name)
  File "/home/administrator/Desktops/Desktop1/Study/django/env/lib/python3.7/site-packages/django/template/engine.py", line 125, in find_template
    template = loader.get_template(name, skip=skip)
  File "/home/administrator/Desktops/Desktop1/Study/django/env/lib/python3.7/site-packages/django/template/loaders/base.py", line 30, in get_template
    contents, origin, origin.template_name, self.engine,
  File "/home/administrator/Desktops/Desktop1/Study/django/env/lib/python3.7/site-packages/django/template/base.py", line 155, in __init__
    self.nodelist = self.compile_nodelist()
  File "/home/administrator/Desktops/Desktop1/Study/django/env/lib/python3.7/site-packages/django/template/base.py", line 193, in compile_nodelist
    return parser.parse()
  File "/home/administrator/Desktops/Desktop1/Study/django/env/lib/python3.7/site-packages/django/template/base.py", line 472, in parse
    self.invalid_block_tag(token, command, parse_until)
  File "/home/administrator/Desktops/Desktop1/Study/django/env/lib/python3.7/site-packages/django/template/base.py", line 534, in invalid_block_tag
    "or load this tag?" % (token.lineno, command)
django.template.exceptions.TemplateSyntaxError: Invalid block tag on line 4: 'static'. Did you forget to register or load this tag?
ERROR 2023-10-18 17:46:52,190 basehttp 22772 125388929795840 "GET /app3/ HTTP/1.1" 500 128378
INFO 2023-10-18 17:47:50,636 autoreload 23113 136180173637440 Watching for file changes with StatReloader
ERROR 2023-10-18 17:47:54,559 log 23113 136180058289920 Internal Server Error: /app3/
Traceback (most recent call last):
  File "/home/administrator/Desktops/Desktop1/Study/django/env/lib/python3.7/site-packages/django/core/handlers/exception.py", line 47, in inner
    response = get_response(request)
  File "/home/administrator/Desktops/Desktop1/Study/django/env/lib/python3.7/site-packages/django/core/handlers/base.py", line 181, in _get_response
    response = wrapped_callback(request, *callback_args, **callback_kwargs)
  File "/home/administrator/Desktops/Desktop1/Study/django/proj_one/hometask3_app/views.py", line 10, in index
    return render(request,'hometask3_app/base.html')
  File "/home/administrator/Desktops/Desktop1/Study/django/env/lib/python3.7/site-packages/django/shortcuts.py", line 19, in render
    content = loader.render_to_string(template_name, context, request, using=using)
  File "/home/administrator/Desktops/Desktop1/Study/django/env/lib/python3.7/site-packages/django/template/loader.py", line 61, in render_to_string
    template = get_template(template_name, using=using)
  File "/home/administrator/Desktops/Desktop1/Study/django/env/lib/python3.7/site-packages/django/template/loader.py", line 15, in get_template
    return engine.get_template(template_name)
  File "/home/administrator/Desktops/Desktop1/Study/django/env/lib/python3.7/site-packages/django/template/backends/django.py", line 34, in get_template
    return Template(self.engine.get_template(template_name), self)
  File "/home/administrator/Desktops/Desktop1/Study/django/env/lib/python3.7/site-packages/django/template/engine.py", line 143, in get_template
    template, origin = self.find_template(template_name)
  File "/home/administrator/Desktops/Desktop1/Study/django/env/lib/python3.7/site-packages/django/template/engine.py", line 125, in find_template
    template = loader.get_template(name, skip=skip)
  File "/home/administrator/Desktops/Desktop1/Study/django/env/lib/python3.7/site-packages/django/template/loaders/base.py", line 30, in get_template
    contents, origin, origin.template_name, self.engine,
  File "/home/administrator/Desktops/Desktop1/Study/django/env/lib/python3.7/site-packages/django/template/base.py", line 155, in __init__
    self.nodelist = self.compile_nodelist()
  File "/home/administrator/Desktops/Desktop1/Study/django/env/lib/python3.7/site-packages/django/template/base.py", line 193, in compile_nodelist
    return parser.parse()
  File "/home/administrator/Desktops/Desktop1/Study/django/env/lib/python3.7/site-packages/django/template/base.py", line 449, in parse
    raise self.error(token, e)
  File "/home/administrator/Desktops/Desktop1/Study/django/env/lib/python3.7/site-packages/django/template/base.py", line 447, in parse
    filter_expression = self.compile_filter(token.contents)
  File "/home/administrator/Desktops/Desktop1/Study/django/env/lib/python3.7/site-packages/django/template/base.py", line 563, in compile_filter
    return FilterExpression(token, self)
  File "/home/administrator/Desktops/Desktop1/Study/django/env/lib/python3.7/site-packages/django/template/base.py", line 663, in __init__
    "from '%s'" % (token[upto:], token))
django.template.exceptions.TemplateSyntaxError: Could not parse the remainder: ' "bootstrap.min.css"' from 'static "bootstrap.min.css"'
ERROR 2023-10-18 17:47:54,561 basehttp 23113 136180058289920 "GET /app3/ HTTP/1.1" 500 133518
INFO 2023-10-18 17:48:26,095 autoreload 23189 124806752954176 Watching for file changes with StatReloader
INFO 2023-10-18 17:48:30,939 basehttp 23189 124806712428288 "GET / HTTP/1.1" 200 115
INFO 2023-10-18 17:48:38,037 basehttp 23189 124806712428288 "GET /app3/ HTTP/1.1" 200 557
INFO 2023-10-18 17:49:07,829 autoreload 23564 133889096464192 Watching for file changes with StatReloader
INFO 2023-10-18 17:49:12,084 basehttp 23564 133889055938304 "GET / HTTP/1.1" 200 115
ERROR 2023-10-18 17:49:19,761 log 23564 133889055938304 Internal Server Error: /app3/
Traceback (most recent call last):
  File "/home/administrator/Desktops/Desktop1/Study/django/env/lib/python3.7/site-packages/django/template/base.py", line 470, in parse
    compile_func = self.tags[command]
KeyError: 'static'

During handling of the above exception, another exception occurred:

Traceback (most recent call last):
  File "/home/administrator/Desktops/Desktop1/Study/django/env/lib/python3.7/site-packages/django/core/handlers/exception.py", line 47, in inner
    response = get_response(request)
  File "/home/administrator/Desktops/Desktop1/Study/django/env/lib/python3.7/site-packages/django/core/handlers/base.py", line 181, in _get_response
    response = wrapped_callback(request, *callback_args, **callback_kwargs)
  File "/home/administrator/Desktops/Desktop1/Study/django/proj_one/hometask3_app/views.py", line 10, in index
    return render(request,'hometask3_app/base.html')
  File "/home/administrator/Desktops/Desktop1/Study/django/env/lib/python3.7/site-packages/django/shortcuts.py", line 19, in render
    content = loader.render_to_string(template_name, context, request, using=using)
  File "/home/administrator/Desktops/Desktop1/Study/django/env/lib/python3.7/site-packages/django/template/loader.py", line 61, in render_to_string
    template = get_template(template_name, using=using)
  File "/home/administrator/Desktops/Desktop1/Study/django/env/lib/python3.7/site-packages/django/template/loader.py", line 15, in get_template
    return engine.get_template(template_name)
  File "/home/administrator/Desktops/Desktop1/Study/django/env/lib/python3.7/site-packages/django/template/backends/django.py", line 34, in get_template
    return Template(self.engine.get_template(template_name), self)
  File "/home/administrator/Desktops/Desktop1/Study/django/env/lib/python3.7/site-packages/django/template/engine.py", line 143, in get_template
    template, origin = self.find_template(template_name)
  File "/home/administrator/Desktops/Desktop1/Study/django/env/lib/python3.7/site-packages/django/template/engine.py", line 125, in find_template
    template = loader.get_template(name, skip=skip)
  File "/home/administrator/Desktops/Desktop1/Study/django/env/lib/python3.7/site-packages/django/template/loaders/base.py", line 30, in get_template
    contents, origin, origin.template_name, self.engine,
  File "/home/administrator/Desktops/Desktop1/Study/django/env/lib/python3.7/site-packages/django/template/base.py", line 155, in __init__
    self.nodelist = self.compile_nodelist()
  File "/home/administrator/Desktops/Desktop1/Study/django/env/lib/python3.7/site-packages/django/template/base.py", line 193, in compile_nodelist
    return parser.parse()
  File "/home/administrator/Desktops/Desktop1/Study/django/env/lib/python3.7/site-packages/django/template/base.py", line 472, in parse
    self.invalid_block_tag(token, command, parse_until)
  File "/home/administrator/Desktops/Desktop1/Study/django/env/lib/python3.7/site-packages/django/template/base.py", line 534, in invalid_block_tag
    "or load this tag?" % (token.lineno, command)
django.template.exceptions.TemplateSyntaxError: Invalid block tag on line 4: 'static'. Did you forget to register or load this tag?
ERROR 2023-10-18 17:49:19,763 basehttp 23564 133889055938304 "GET /app3/ HTTP/1.1" 500 128258
INFO 2023-10-18 17:51:54,703 autoreload 23927 124750877620032 Watching for file changes with StatReloader
INFO 2023-10-18 17:51:59,889 basehttp 23927 124750837094144 "GET / HTTP/1.1" 200 115
INFO 2023-10-18 17:52:03,573 basehttp 23927 124750837094144 "GET /app3/ HTTP/1.1" 200 583
WARNING 2023-10-18 17:52:03,687 basehttp 23927 124750837094144 "GET /static/bootstrap.min.css HTTP/1.1" 404 1813
WARNING 2023-10-18 17:52:26,325 log 23927 124750837094144 Not Found: /static
WARNING 2023-10-18 17:52:26,326 basehttp 23927 124750837094144 "GET /static HTTP/1.1" 404 2640
WARNING 2023-10-18 17:52:38,636 basehttp 23927 124750837094144 "GET /static/bootstrap.min.css HTTP/1.1" 404 1813
INFO 2023-10-18 17:53:10,121 autoreload 24327 137375033775936 Watching for file changes with StatReloader
INFO 2023-10-18 17:53:14,182 basehttp 24327 137374993250048 "GET / HTTP/1.1" 200 115
INFO 2023-10-18 17:53:22,494 basehttp 24327 137374993250048 "GET /app3/ HTTP/1.1" 200 583
WARNING 2023-10-18 17:53:22,618 basehttp 24327 137374993250048 "GET /static/bootstrap.min.css HTTP/1.1" 404 1813
INFO 2023-10-18 17:55:15,655 autoreload 24327 137375033775936 /home/administrator/Desktops/Desktop1/Study/django/proj_one/proj_one/settings.py changed, reloading.
INFO 2023-10-18 17:55:16,079 autoreload 24682 130588736468800 Watching for file changes with StatReloader
INFO 2023-10-18 17:55:22,265 basehttp 24682 130588695942912 "GET / HTTP/1.1" 200 115
INFO 2023-10-18 17:55:28,008 basehttp 24682 130588695942912 "GET /app3/ HTTP/1.1" 200 583
WARNING 2023-10-18 17:55:28,123 basehttp 24682 130588695942912 "GET /static/bootstrap.min.css HTTP/1.1" 404 1813
INFO 2023-10-18 17:56:04,502 autoreload 25047 130030804698944 Watching for file changes with StatReloader
INFO 2023-10-18 17:56:08,131 basehttp 25047 130030764173056 "GET / HTTP/1.1" 200 115
INFO 2023-10-18 17:56:16,143 basehttp 25047 130030764173056 "GET /app3/ HTTP/1.1" 200 583
WARNING 2023-10-18 17:56:16,275 basehttp 25047 130030764173056 "GET /static/bootstrap.min.css HTTP/1.1" 404 1813
INFO 2023-10-18 17:58:32,100 autoreload 25409 123392576956224 Watching for file changes with StatReloader
INFO 2023-10-18 17:58:35,919 basehttp 25409 123392464254720 "GET / HTTP/1.1" 200 115
INFO 2023-10-18 17:58:41,477 basehttp 25409 123392464254720 "GET /app3/ HTTP/1.1" 200 583
INFO 2023-10-18 17:58:41,607 basehttp 25409 123392464254720 "GET /static/bootstrap.min.css HTTP/1.1" 200 232948
WARNING 2023-10-18 17:58:54,622 log 25409 123392464254720 Not Found: /app3/static
WARNING 2023-10-18 17:58:54,624 basehttp 25409 123392464254720 "GET /app3/static HTTP/1.1" 404 2888
WARNING 2023-10-18 17:59:09,762 log 25409 123392464254720 Not Found: /app3/static
WARNING 2023-10-18 17:59:09,763 basehttp 25409 123392464254720 "GET /app3/static HTTP/1.1" 404 2888
INFO 2023-10-18 17:59:21,451 basehttp 25409 123392464254720 "GET /app3/ HTTP/1.1" 200 583
INFO 2023-10-18 17:59:23,616 basehttp 25409 123392464254720 "GET /app3/ HTTP/1.1" 200 583
INFO 2023-10-18 17:59:24,641 basehttp 25409 123392464254720 "GET /app3/about/ HTTP/1.1" 200 406
INFO 2023-10-18 19:17:10,786 autoreload 26971 136680520587072 Watching for file changes with StatReloader
INFO 2023-10-18 19:17:16,664 basehttp 26971 136680480061184 "GET / HTTP/1.1" 200 115
INFO 2023-10-18 19:17:26,302 basehttp 26971 136680480061184 "GET /app3/ HTTP/1.1" 200 583
WARNING 2023-10-18 19:17:32,260 log 26971 136680480061184 Not Found: /app3/5/5
WARNING 2023-10-18 19:17:32,262 basehttp 26971 136680480061184 "GET /app3/5/5 HTTP/1.1" 404 3107
INFO 2023-10-18 19:17:48,235 basehttp 26971 136680480061184 "GET /app3/orders/5/5 HTTP/1.1" 200 675
INFO 2023-10-18 19:18:24,569 autoreload 26971 136680520587072 /home/administrator/Desktops/Desktop1/Study/django/proj_one/hometask3_app/views.py changed, reloading.
INFO 2023-10-18 19:18:24,949 autoreload 27391 135106312214336 Watching for file changes with StatReloader
INFO 2023-10-18 19:18:30,116 basehttp 27391 135106271688448 "GET / HTTP/1.1" 200 115
INFO 2023-10-18 19:18:35,465 basehttp 27391 135106271688448 "GET /app3/ HTTP/1.1" 200 583
INFO 2023-10-18 19:18:45,888 basehttp 27391 135106271688448 "GET /app3/orders/5/5 HTTP/1.1" 200 675
INFO 2023-10-18 19:19:30,566 autoreload 27391 135106312214336 /home/administrator/Desktops/Desktop1/Study/django/proj_one/hometask3_app/views.py changed, reloading.
INFO 2023-10-18 19:19:30,990 autoreload 27761 131520677746496 Watching for file changes with StatReloader
INFO 2023-10-18 19:19:36,640 basehttp 27761 131520637220608 "GET / HTTP/1.1" 200 115
INFO 2023-10-18 19:19:43,146 basehttp 27761 131520637220608 "GET /app3/orders/5/5 HTTP/1.1" 200 675
INFO 2023-10-18 19:20:54,800 autoreload 27761 131520677746496 /home/administrator/Desktops/Desktop1/Study/django/proj_one/hometask3_app/views.py changed, reloading.
INFO 2023-10-18 19:20:55,221 autoreload 28106 124745221531456 Watching for file changes with StatReloader
INFO 2023-10-18 19:21:38,611 basehttp 28106 124745110517504 "GET /app3/orders/5/5 HTTP/1.1" 200 675
INFO 2023-10-18 19:21:39,607 basehttp 28106 124745110517504 "GET /app3/orders/5/5 HTTP/1.1" 200 675
INFO 2023-10-18 19:23:00,613 autoreload 28106 124745221531456 /home/administrator/Desktops/Desktop1/Study/django/proj_one/hometask3_app/views.py changed, reloading.
INFO 2023-10-18 19:23:01,039 autoreload 28209 129141518067520 Watching for file changes with StatReloader
INFO 2023-10-18 19:23:03,632 basehttp 28209 129141410432768 "GET /app3/orders/5/5 HTTP/1.1" 200 798
INFO 2023-10-18 19:23:44,190 autoreload 28209 129141518067520 /home/administrator/Desktops/Desktop1/Study/django/proj_one/hometask3_app/views.py changed, reloading.
INFO 2023-10-18 19:23:44,569 autoreload 28250 136254074525504 Watching for file changes with StatReloader
INFO 2023-10-18 19:23:46,743 basehttp 28250 136254033999616 "GET /app3/orders/5/5 HTTP/1.1" 200 798
INFO 2023-10-18 19:23:50,003 basehttp 28250 136254033999616 "GET /app3/orders/5/5 HTTP/1.1" 200 798
INFO 2023-10-19 10:38:05,726 basehttp 28250 136254033999616 "GET /app3/orders/5/5 HTTP/1.1" 200 798
INFO 2023-10-19 10:38:35,227 autoreload 28250 136254074525504 /home/administrator/Desktops/Desktop1/Study/django/proj_one/hometask3_app/views.py changed, reloading.
INFO 2023-10-19 10:38:35,647 autoreload 31561 125902145746752 Watching for file changes with StatReloader
INFO 2023-10-19 10:45:03,170 autoreload 31561 125902145746752 /home/administrator/Desktops/Desktop1/Study/django/proj_one/hometask3_app/views.py changed, reloading.
INFO 2023-10-19 10:45:03,629 autoreload 31620 134087219427136 Watching for file changes with StatReloader
INFO 2023-10-19 10:45:09,021 basehttp 31620 134087178901248 "GET / HTTP/1.1" 200 115
WARNING 2023-10-19 10:45:18,619 log 31620 134087178901248 Not Found: /app3/5/5
WARNING 2023-10-19 10:45:18,620 basehttp 31620 134087178901248 "GET /app3/5/5 HTTP/1.1" 404 3107
INFO 2023-10-19 10:45:30,956 basehttp 31620 134087178901248 "GET /app3/orders/5/5 HTTP/1.1" 200 798
INFO 2023-10-19 10:46:16,975 autoreload 32021 123649792980800 Watching for file changes with StatReloader
INFO 2023-10-19 10:46:18,991 basehttp 32021 123649752454912 "GET /app3/orders/5/5 HTTP/1.1" 200 675
INFO 2023-10-19 10:46:20,310 basehttp 32021 123649752454912 "GET /app3/orders/5/5 HTTP/1.1" 200 675
INFO 2023-10-19 10:46:20,913 basehttp 32021 123649752454912 "GET /app3/orders/5/5 HTTP/1.1" 200 675
INFO 2023-10-19 10:53:23,393 autoreload 32021 123649792980800 /home/administrator/Desktops/Desktop1/Study/django/proj_one/hometask3_app/views.py changed, reloading.
INFO 2023-10-19 10:53:23,789 autoreload 32114 136719842432832 Watching for file changes with StatReloader
INFO 2023-10-19 10:53:27,146 basehttp 32114 136719801906944 "GET /app3/orders/5/5 HTTP/1.1" 200 798
INFO 2023-10-19 10:57:54,563 basehttp 32114 136719801906944 "GET /app3/orders/5/5 HTTP/1.1" 200 807
INFO 2023-10-19 10:58:00,384 autoreload 32189 130748095846208 Watching for file changes with StatReloader
INFO 2023-10-19 10:58:04,579 basehttp 32189 130748055320320 "GET /app3/orders/5/5 HTTP/1.1" 200 807
INFO 2023-10-19 10:58:37,655 autoreload 32247 140453738362688 Watching for file changes with StatReloader
INFO 2023-10-19 10:58:40,287 basehttp 32247 140453697836800 "GET /app3/orders/5/5 HTTP/1.1" 200 798
INFO 2023-10-19 10:58:41,283 basehttp 32247 140453697836800 "GET /app3/orders/5/5 HTTP/1.1" 200 798
INFO 2023-10-19 10:58:41,886 basehttp 32247 140453697836800 "GET /app3/orders/5/5 HTTP/1.1" 200 798
INFO 2023-10-19 10:59:27,890 autoreload 32247 140453738362688 /home/administrator/Desktops/Desktop1/Study/django/proj_one/hometask3_app/views.py changed, reloading.
INFO 2023-10-19 10:59:28,315 autoreload 32312 138859548657472 Watching for file changes with StatReloader
INFO 2023-10-19 10:59:29,827 basehttp 32312 138859508131584 "GET /app3/orders/5/5 HTTP/1.1" 200 798
INFO 2023-10-19 11:00:14,437 autoreload 32312 138859548657472 /home/administrator/Desktops/Desktop1/Study/django/proj_one/hometask3_app/views.py changed, reloading.
INFO 2023-10-19 11:00:14,854 autoreload 32359 134451380700992 Watching for file changes with StatReloader
INFO 2023-10-19 11:00:16,976 basehttp 32359 134451266844416 "GET /app3/orders/5/5 HTTP/1.1" 200 763
INFO 2023-10-19 11:00:42,386 basehttp 32359 134451266844416 "GET /app3/orders/5/5 HTTP/1.1" 200 680
INFO 2023-10-19 11:03:27,922 autoreload 32601 126880647317312 Watching for file changes with StatReloader
INFO 2023-10-19 11:03:33,683 basehttp 32601 126880606791424 "GET / HTTP/1.1" 200 115
INFO 2023-10-19 11:03:38,376 basehttp 32601 126880606791424 "GET /app3/ HTTP/1.1" 200 583
WARNING 2023-10-19 11:03:43,113 log 32601 126880606791424 Not Found: /app3/5/5
WARNING 2023-10-19 11:03:43,115 basehttp 32601 126880606791424 "GET /app3/5/5 HTTP/1.1" 404 3107
INFO 2023-10-19 11:03:52,963 basehttp 32601 126880606791424 "GET /app3/orders/5/5 HTTP/1.1" 200 680
INFO 2023-10-19 11:03:59,130 basehttp 32601 126880606791424 "GET /app3/orders/5/6 HTTP/1.1" 200 680
INFO 2023-10-19 11:04:03,904 basehttp 32601 126880606791424 "GET /app3/orders/8/6 HTTP/1.1" 200 784
INFO 2023-10-19 11:04:11,578 basehttp 32601 126880606791424 "GET /app3/orders/5/5 HTTP/1.1" 200 680
INFO 2023-10-19 11:04:17,343 basehttp 32601 126880606791424 "GET /app3/orders/6/6 HTTP/1.1" 200 680
INFO 2023-10-19 11:04:23,675 basehttp 32601 126880606791424 "GET /app3/orders/10/6 HTTP/1.1" 200 681
INFO 2023-10-19 11:04:30,141 basehttp 32601 126880606791424 "GET /app3/orders/1/20 HTTP/1.1" 200 681
INFO 2023-10-19 11:04:40,016 basehttp 32601 126880606791424 "GET /app3/orders/2/300 HTTP/1.1" 200 1332
INFO 2023-10-19 11:04:48,527 basehttp 32601 126880606791424 "GET /app3/orders/1/300 HTTP/1.1" 200 1566
INFO 2023-10-19 11:05:05,373 basehttp 32601 126880606791424 "GET /app3/orders/1/300 HTTP/1.1" 200 1668
INFO 2023-10-19 11:05:20,141 basehttp 32601 126880606791424 "GET /app3/orders/1/300 HTTP/1.1" 200 4744
INFO 2023-10-19 11:05:33,216 basehttp 32601 126880606791424 "GET /app3/orders/1/10 HTTP/1.1" 200 681
ERROR 2023-10-19 11:08:01,701 log 32601 126880606791424 Internal Server Error: /app3/orders/1/10
Traceback (most recent call last):
  File "/home/administrator/Desktops/Desktop1/Study/django/env/lib/python3.7/site-packages/django/template/smartif.py", line 175, in translate_token
    op = OPERATORS[token]
KeyError: 'len(goods)>0'

During handling of the above exception, another exception occurred:

Traceback (most recent call last):
  File "/home/administrator/Desktops/Desktop1/Study/django/env/lib/python3.7/site-packages/django/core/handlers/exception.py", line 47, in inner
    response = get_response(request)
  File "/home/administrator/Desktops/Desktop1/Study/django/env/lib/python3.7/site-packages/django/core/handlers/base.py", line 181, in _get_response
    response = wrapped_callback(request, *callback_args, **callback_kwargs)
  File "/home/administrator/Desktops/Desktop1/Study/django/proj_one/hometask3_app/views.py", line 28, in orders_of_client
    return render(request,'hometask3_app/ordrs_clnt.html', {'goods':goods_of_client, 'client': client, 'lst_days':days_count})
  File "/home/administrator/Desktops/Desktop1/Study/django/env/lib/python3.7/site-packages/django/shortcuts.py", line 19, in render
    content = loader.render_to_string(template_name, context, request, using=using)
  File "/home/administrator/Desktops/Desktop1/Study/django/env/lib/python3.7/site-packages/django/template/loader.py", line 61, in render_to_string
    template = get_template(template_name, using=using)
  File "/home/administrator/Desktops/Desktop1/Study/django/env/lib/python3.7/site-packages/django/template/loader.py", line 15, in get_template
    return engine.get_template(template_name)
  File "/home/administrator/Desktops/Desktop1/Study/django/env/lib/python3.7/site-packages/django/template/backends/django.py", line 34, in get_template
    return Template(self.engine.get_template(template_name), self)
  File "/home/administrator/Desktops/Desktop1/Study/django/env/lib/python3.7/site-packages/django/template/engine.py", line 143, in get_template
    template, origin = self.find_template(template_name)
  File "/home/administrator/Desktops/Desktop1/Study/django/env/lib/python3.7/site-packages/django/template/engine.py", line 125, in find_template
    template = loader.get_template(name, skip=skip)
  File "/home/administrator/Desktops/Desktop1/Study/django/env/lib/python3.7/site-packages/django/template/loaders/base.py", line 30, in get_template
    contents, origin, origin.template_name, self.engine,
  File "/home/administrator/Desktops/Desktop1/Study/django/env/lib/python3.7/site-packages/django/template/base.py", line 155, in __init__
    self.nodelist = self.compile_nodelist()
  File "/home/administrator/Desktops/Desktop1/Study/django/env/lib/python3.7/site-packages/django/template/base.py", line 193, in compile_nodelist
    return parser.parse()
  File "/home/administrator/Desktops/Desktop1/Study/django/env/lib/python3.7/site-packages/django/template/base.py", line 478, in parse
    raise self.error(token, e)
  File "/home/administrator/Desktops/Desktop1/Study/django/env/lib/python3.7/site-packages/django/template/base.py", line 476, in parse
    compiled_result = compile_func(self, token)
  File "/home/administrator/Desktops/Desktop1/Study/django/env/lib/python3.7/site-packages/django/template/loader_tags.py", line 278, in do_extends
    nodelist = parser.parse()
  File "/home/administrator/Desktops/Desktop1/Study/django/env/lib/python3.7/site-packages/django/template/base.py", line 478, in parse
    raise self.error(token, e)
  File "/home/administrator/Desktops/Desktop1/Study/django/env/lib/python3.7/site-packages/django/template/base.py", line 476, in parse
    compiled_result = compile_func(self, token)
  File "/home/administrator/Desktops/Desktop1/Study/django/env/lib/python3.7/site-packages/django/template/loader_tags.py", line 216, in do_block
    nodelist = parser.parse(('endblock',))
  File "/home/administrator/Desktops/Desktop1/Study/django/env/lib/python3.7/site-packages/django/template/base.py", line 478, in parse
    raise self.error(token, e)
  File "/home/administrator/Desktops/Desktop1/Study/django/env/lib/python3.7/site-packages/django/template/base.py", line 476, in parse
    compiled_result = compile_func(self, token)
  File "/home/administrator/Desktops/Desktop1/Study/django/env/lib/python3.7/site-packages/django/template/defaulttags.py", line 967, in do_if
    condition = TemplateIfParser(parser, bits).parse()
  File "/home/administrator/Desktops/Desktop1/Study/django/env/lib/python3.7/site-packages/django/template/defaulttags.py", line 900, in __init__
    super().__init__(*args, **kwargs)
  File "/home/administrator/Desktops/Desktop1/Study/django/env/lib/python3.7/site-packages/django/template/smartif.py", line 166, in __init__
    mapped_tokens.append(self.translate_token(token))
  File "/home/administrator/Desktops/Desktop1/Study/django/env/lib/python3.7/site-packages/django/template/smartif.py", line 177, in translate_token
    return self.create_var(token)
  File "/home/administrator/Desktops/Desktop1/Study/django/env/lib/python3.7/site-packages/django/template/defaulttags.py", line 903, in create_var
    return TemplateLiteral(self.template_parser.compile_filter(value), value)
  File "/home/administrator/Desktops/Desktop1/Study/django/env/lib/python3.7/site-packages/django/template/base.py", line 563, in compile_filter
    return FilterExpression(token, self)
  File "/home/administrator/Desktops/Desktop1/Study/django/env/lib/python3.7/site-packages/django/template/base.py", line 663, in __init__
    "from '%s'" % (token[upto:], token))
django.template.exceptions.TemplateSyntaxError: Could not parse the remainder: '(goods)>0' from 'len(goods)>0'
ERROR 2023-10-19 11:08:01,703 basehttp 32601 126880606791424 "GET /app3/orders/1/10 HTTP/1.1" 500 191013
INFO 2023-10-19 11:09:23,351 basehttp 32601 126880606791424 "GET /app3/orders/1/10 HTTP/1.1" 200 777
INFO 2023-10-19 11:09:28,765 basehttp 32601 126880606791424 "GET /app3/orders/1/300 HTTP/1.1" 200 4894
INFO 2023-10-19 11:09:33,403 basehttp 32601 126880606791424 "GET /app3/orders/1/11 HTTP/1.1" 200 777
INFO 2023-10-19 11:09:38,416 basehttp 32601 126880606791424 "GET /app3/orders/1/300 HTTP/1.1" 200 4894
INFO 2023-10-19 11:09:40,858 basehttp 32601 126880606791424 "GET /app3/orders/1/30 HTTP/1.1" 200 777
INFO 2023-10-19 11:09:44,775 basehttp 32601 126880606791424 "GET /app3/orders/1/40 HTTP/1.1" 200 1317
INFO 2023-10-25 19:42:08,902 autoreload 2000 137096766592832 Watching for file changes with StatReloader
INFO 2023-10-25 19:42:13,689 basehttp 2000 137096726173440 "GET / HTTP/1.1" 200 115
WARNING 2023-10-25 19:42:13,829 log 2000 137096726173440 Not Found: /favicon.ico
WARNING 2023-10-25 19:42:13,829 basehttp 2000 137096726173440 "GET /favicon.ico HTTP/1.1" 404 2652
INFO 2023-10-25 19:42:21,267 basehttp 2000 137096726173440 "GET /app3 HTTP/1.1" 301 0
INFO 2023-10-25 19:42:21,280 basehttp 2000 137096726173440 "GET /app3/ HTTP/1.1" 200 583
INFO 2023-10-25 19:42:21,345 basehttp 2000 137096726173440 "GET /static/bootstrap.min.css HTTP/1.1" 200 232948
WARNING 2023-10-25 19:42:30,443 log 2000 137096726173440 Not Found: /app3/order/3/100
WARNING 2023-10-25 19:42:30,444 basehttp 2000 137096726173440 "GET /app3/order/3/100 HTTP/1.1" 404 3128
INFO 2023-10-25 19:42:37,844 basehttp 2000 137096726173440 "GET /app3/orders/3/100 HTTP/1.1" 200 1928
INFO 2023-10-25 19:42:43,156 basehttp 2000 137096726173440 "GET /app3/ HTTP/1.1" 200 583
INFO 2023-10-27 18:43:24,605 autoreload 4502 136816765634368 Watching for file changes with StatReloader
INFO 2023-10-27 18:43:27,423 basehttp 4502 136816652973824 "GET / HTTP/1.1" 200 573
INFO 2023-10-27 18:43:27,450 basehttp 4502 136816652973824 "GET /static/bootstrap.min.css HTTP/1.1" 304 0
ERROR 2023-10-27 18:43:41,444 log 4502 136816652973824 Internal Server Error: /orders/3/3
Traceback (most recent call last):
  File "/home/administrator/Desktops/Desktop1/study/django/env/lib/python3.7/site-packages/django/core/handlers/exception.py", line 47, in inner
    response = get_response(request)
  File "/home/administrator/Desktops/Desktop1/study/django/env/lib/python3.7/site-packages/django/core/handlers/base.py", line 181, in _get_response
    response = wrapped_callback(request, *callback_args, **callback_kwargs)
  File "/home/administrator/Desktops/Desktop1/study/django/django/proj_one/hometask_app/views.py", line 28, in orders_of_client
    return render(request,'hometask3_app/ordrs_clnt.html', {'goods':goods_of_client, 'client': client, 'lst_days':days_count})
  File "/home/administrator/Desktops/Desktop1/study/django/env/lib/python3.7/site-packages/django/shortcuts.py", line 19, in render
    content = loader.render_to_string(template_name, context, request, using=using)
  File "/home/administrator/Desktops/Desktop1/study/django/env/lib/python3.7/site-packages/django/template/loader.py", line 61, in render_to_string
    template = get_template(template_name, using=using)
  File "/home/administrator/Desktops/Desktop1/study/django/env/lib/python3.7/site-packages/django/template/loader.py", line 19, in get_template
    raise TemplateDoesNotExist(template_name, chain=chain)
django.template.exceptions.TemplateDoesNotExist: hometask3_app/ordrs_clnt.html
ERROR 2023-10-27 18:43:41,445 basehttp 4502 136816652973824 "GET /orders/3/3 HTTP/1.1" 500 84500
INFO 2023-10-27 18:44:19,300 autoreload 4502 136816765634368 /home/administrator/Desktops/Desktop1/study/django/django/proj_one/hometask_app/views.py changed, reloading.
INFO 2023-10-27 18:44:19,499 autoreload 4679 126220331530048 Watching for file changes with StatReloader
INFO 2023-10-27 18:44:22,292 basehttp 4679 126220291110656 "GET / HTTP/1.1" 200 573
INFO 2023-10-27 18:44:22,435 basehttp 4679 126220291110656 "GET /static/bootstrap.min.css HTTP/1.1" 200 4096
ERROR 2023-10-27 18:44:32,638 log 4679 126220291110656 Internal Server Error: /orders/3/3
Traceback (most recent call last):
  File "/home/administrator/Desktops/Desktop1/study/django/env/lib/python3.7/site-packages/django/template/backends/django.py", line 61, in render
    return self.template.render(context)
  File "/home/administrator/Desktops/Desktop1/study/django/env/lib/python3.7/site-packages/django/template/base.py", line 170, in render
    return self._render(context)
  File "/home/administrator/Desktops/Desktop1/study/django/env/lib/python3.7/site-packages/django/template/base.py", line 162, in _render
    return self.nodelist.render(context)
  File "/home/administrator/Desktops/Desktop1/study/django/env/lib/python3.7/site-packages/django/template/base.py", line 938, in render
    bit = node.render_annotated(context)
  File "/home/administrator/Desktops/Desktop1/study/django/env/lib/python3.7/site-packages/django/template/base.py", line 905, in render_annotated
    return self.render(context)
  File "/home/administrator/Desktops/Desktop1/study/django/env/lib/python3.7/site-packages/django/template/loader_tags.py", line 127, in render
    compiled_parent = self.get_parent(context)
  File "/home/administrator/Desktops/Desktop1/study/django/env/lib/python3.7/site-packages/django/template/loader_tags.py", line 124, in get_parent
    return self.find_template(parent, context)
  File "/home/administrator/Desktops/Desktop1/study/django/env/lib/python3.7/site-packages/django/template/loader_tags.py", line 104, in find_template
    template_name, skip=history,
  File "/home/administrator/Desktops/Desktop1/study/django/env/lib/python3.7/site-packages/django/template/engine.py", line 129, in find_template
    raise TemplateDoesNotExist(name, tried=tried)
django.template.exceptions.TemplateDoesNotExist: hometask3_app/base.html

The above exception was the direct cause of the following exception:

Traceback (most recent call last):
  File "/home/administrator/Desktops/Desktop1/study/django/env/lib/python3.7/site-packages/django/core/handlers/exception.py", line 47, in inner
    response = get_response(request)
  File "/home/administrator/Desktops/Desktop1/study/django/env/lib/python3.7/site-packages/django/core/handlers/base.py", line 181, in _get_response
    response = wrapped_callback(request, *callback_args, **callback_kwargs)
  File "/home/administrator/Desktops/Desktop1/study/django/django/proj_one/hometask_app/views.py", line 28, in orders_of_client
    return render(request,'hometask_app/ordrs_clnt.html', {'goods':goods_of_client, 'client': client, 'lst_days':days_count})
  File "/home/administrator/Desktops/Desktop1/study/django/env/lib/python3.7/site-packages/django/shortcuts.py", line 19, in render
    content = loader.render_to_string(template_name, context, request, using=using)
  File "/home/administrator/Desktops/Desktop1/study/django/env/lib/python3.7/site-packages/django/template/loader.py", line 62, in render_to_string
    return template.render(context, request)
  File "/home/administrator/Desktops/Desktop1/study/django/env/lib/python3.7/site-packages/django/template/backends/django.py", line 63, in render
    reraise(exc, self.backend)
  File "/home/administrator/Desktops/Desktop1/study/django/env/lib/python3.7/site-packages/django/template/backends/django.py", line 84, in reraise
    raise new from exc
django.template.exceptions.TemplateDoesNotExist: hometask3_app/base.html
ERROR 2023-10-27 18:44:32,639 basehttp 4679 126220291110656 "GET /orders/3/3 HTTP/1.1" 500 131443
INFO 2023-10-27 18:47:39,780 autoreload 5140 134010637412160 Watching for file changes with StatReloader
INFO 2023-10-27 18:47:42,341 basehttp 5140 134010596992768 "GET / HTTP/1.1" 200 573
INFO 2023-10-27 18:47:42,472 basehttp 5140 134010596992768 "GET /static/bootstrap.min.css HTTP/1.1" 200 4096
ERROR 2023-10-27 18:47:52,994 log 5140 134010596992768 Internal Server Error: /orders/3/3
Traceback (most recent call last):
  File "/home/administrator/Desktops/Desktop1/study/django/env/lib/python3.7/site-packages/django/template/backends/django.py", line 61, in render
    return self.template.render(context)
  File "/home/administrator/Desktops/Desktop1/study/django/env/lib/python3.7/site-packages/django/template/base.py", line 170, in render
    return self._render(context)
  File "/home/administrator/Desktops/Desktop1/study/django/env/lib/python3.7/site-packages/django/template/base.py", line 162, in _render
    return self.nodelist.render(context)
  File "/home/administrator/Desktops/Desktop1/study/django/env/lib/python3.7/site-packages/django/template/base.py", line 938, in render
    bit = node.render_annotated(context)
  File "/home/administrator/Desktops/Desktop1/study/django/env/lib/python3.7/site-packages/django/template/base.py", line 905, in render_annotated
    return self.render(context)
  File "/home/administrator/Desktops/Desktop1/study/django/env/lib/python3.7/site-packages/django/template/loader_tags.py", line 127, in render
    compiled_parent = self.get_parent(context)
  File "/home/administrator/Desktops/Desktop1/study/django/env/lib/python3.7/site-packages/django/template/loader_tags.py", line 124, in get_parent
    return self.find_template(parent, context)
  File "/home/administrator/Desktops/Desktop1/study/django/env/lib/python3.7/site-packages/django/template/loader_tags.py", line 104, in find_template
    template_name, skip=history,
  File "/home/administrator/Desktops/Desktop1/study/django/env/lib/python3.7/site-packages/django/template/engine.py", line 129, in find_template
    raise TemplateDoesNotExist(name, tried=tried)
django.template.exceptions.TemplateDoesNotExist: hometask3_app/base.html

The above exception was the direct cause of the following exception:

Traceback (most recent call last):
  File "/home/administrator/Desktops/Desktop1/study/django/env/lib/python3.7/site-packages/django/core/handlers/exception.py", line 47, in inner
    response = get_response(request)
  File "/home/administrator/Desktops/Desktop1/study/django/env/lib/python3.7/site-packages/django/core/handlers/base.py", line 181, in _get_response
    response = wrapped_callback(request, *callback_args, **callback_kwargs)
  File "/home/administrator/Desktops/Desktop1/study/django/django/proj_one/hometask_app/views.py", line 28, in orders_of_client
    return render(request,'hometask_app/ordrs_clnt.html', {'goods':goods_of_client, 'client': client, 'lst_days':days_count})
  File "/home/administrator/Desktops/Desktop1/study/django/env/lib/python3.7/site-packages/django/shortcuts.py", line 19, in render
    content = loader.render_to_string(template_name, context, request, using=using)
  File "/home/administrator/Desktops/Desktop1/study/django/env/lib/python3.7/site-packages/django/template/loader.py", line 62, in render_to_string
    return template.render(context, request)
  File "/home/administrator/Desktops/Desktop1/study/django/env/lib/python3.7/site-packages/django/template/backends/django.py", line 63, in render
    reraise(exc, self.backend)
  File "/home/administrator/Desktops/Desktop1/study/django/env/lib/python3.7/site-packages/django/template/backends/django.py", line 84, in reraise
    raise new from exc
django.template.exceptions.TemplateDoesNotExist: hometask3_app/base.html
ERROR 2023-10-27 18:47:52,996 basehttp 5140 134010596992768 "GET /orders/3/3 HTTP/1.1" 500 131443
INFO 2023-10-27 18:48:19,090 basehttp 5140 134010596992768 "GET /orders/3/3 HTTP/1.1" 200 766
INFO 2023-10-27 18:48:24,359 basehttp 5140 134010596992768 "GET /orders/3/100 HTTP/1.1" 200 2050
INFO 2023-10-27 18:48:30,389 basehttp 5140 134010596992768 "GET /orders/3/300 HTTP/1.1" 200 4406
INFO 2023-10-27 20:04:02,084 autoreload 7663 137115512047424 Watching for file changes with StatReloader
INFO 2023-10-27 20:04:04,700 basehttp 7663 137115471628032 "GET / HTTP/1.1" 200 573
WARNING 2023-10-27 20:04:04,756 log 7663 137115471628032 Not Found: /favicon.ico
WARNING 2023-10-27 20:04:04,757 basehttp 7663 137115471628032 "GET /favicon.ico HTTP/1.1" 404 2839
INFO 2023-10-27 20:04:16,298 basehttp 7663 137115471628032 "GET /goods HTTP/1.1" 301 0
ERROR 2023-10-27 20:04:16,332 log 7663 137115471628032 Internal Server Error: /goods/
Traceback (most recent call last):
  File "/home/administrator/Desktops/Desktop1/study/django/env/lib/python3.7/site-packages/django/core/handlers/exception.py", line 47, in inner
    response = get_response(request)
  File "/home/administrator/Desktops/Desktop1/study/django/env/lib/python3.7/site-packages/django/core/handlers/base.py", line 181, in _get_response
    response = wrapped_callback(request, *callback_args, **callback_kwargs)
  File "/home/administrator/Desktops/Desktop1/study/django/django/proj_one/hometask_app/views.py", line 33, in all_goods_list
    return render(request,'hometask_app/all_goods.html',{'goods':goods})
  File "/home/administrator/Desktops/Desktop1/study/django/env/lib/python3.7/site-packages/django/shortcuts.py", line 19, in render
    content = loader.render_to_string(template_name, context, request, using=using)
  File "/home/administrator/Desktops/Desktop1/study/django/env/lib/python3.7/site-packages/django/template/loader.py", line 61, in render_to_string
    template = get_template(template_name, using=using)
  File "/home/administrator/Desktops/Desktop1/study/django/env/lib/python3.7/site-packages/django/template/loader.py", line 15, in get_template
    return engine.get_template(template_name)
  File "/home/administrator/Desktops/Desktop1/study/django/env/lib/python3.7/site-packages/django/template/backends/django.py", line 34, in get_template
    return Template(self.engine.get_template(template_name), self)
  File "/home/administrator/Desktops/Desktop1/study/django/env/lib/python3.7/site-packages/django/template/engine.py", line 143, in get_template
    template, origin = self.find_template(template_name)
  File "/home/administrator/Desktops/Desktop1/study/django/env/lib/python3.7/site-packages/django/template/engine.py", line 125, in find_template
    template = loader.get_template(name, skip=skip)
  File "/home/administrator/Desktops/Desktop1/study/django/env/lib/python3.7/site-packages/django/template/loaders/base.py", line 30, in get_template
    contents, origin, origin.template_name, self.engine,
  File "/home/administrator/Desktops/Desktop1/study/django/env/lib/python3.7/site-packages/django/template/base.py", line 155, in __init__
    self.nodelist = self.compile_nodelist()
  File "/home/administrator/Desktops/Desktop1/study/django/env/lib/python3.7/site-packages/django/template/base.py", line 193, in compile_nodelist
    return parser.parse()
  File "/home/administrator/Desktops/Desktop1/study/django/env/lib/python3.7/site-packages/django/template/base.py", line 478, in parse
    raise self.error(token, e)
  File "/home/administrator/Desktops/Desktop1/study/django/env/lib/python3.7/site-packages/django/template/base.py", line 476, in parse
    compiled_result = compile_func(self, token)
  File "/home/administrator/Desktops/Desktop1/study/django/env/lib/python3.7/site-packages/django/template/loader_tags.py", line 278, in do_extends
    nodelist = parser.parse()
  File "/home/administrator/Desktops/Desktop1/study/django/env/lib/python3.7/site-packages/django/template/base.py", line 478, in parse
    raise self.error(token, e)
  File "/home/administrator/Desktops/Desktop1/study/django/env/lib/python3.7/site-packages/django/template/base.py", line 476, in parse
    compiled_result = compile_func(self, token)
  File "/home/administrator/Desktops/Desktop1/study/django/env/lib/python3.7/site-packages/django/template/loader_tags.py", line 216, in do_block
    nodelist = parser.parse(('endblock',))
  File "/home/administrator/Desktops/Desktop1/study/django/env/lib/python3.7/site-packages/django/template/base.py", line 478, in parse
    raise self.error(token, e)
  File "/home/administrator/Desktops/Desktop1/study/django/env/lib/python3.7/site-packages/django/template/base.py", line 476, in parse
    compiled_result = compile_func(self, token)
  File "/home/administrator/Desktops/Desktop1/study/django/env/lib/python3.7/site-packages/django/template/defaulttags.py", line 968, in do_if
    nodelist = parser.parse(('elif', 'else', 'endif'))
  File "/home/administrator/Desktops/Desktop1/study/django/env/lib/python3.7/site-packages/django/template/base.py", line 478, in parse
    raise self.error(token, e)
  File "/home/administrator/Desktops/Desktop1/study/django/env/lib/python3.7/site-packages/django/template/base.py", line 476, in parse
    compiled_result = compile_func(self, token)
  File "/home/administrator/Desktops/Desktop1/study/django/env/lib/python3.7/site-packages/django/template/defaulttags.py", line 817, in do_for
    nodelist_loop = parser.parse(('empty', 'endfor',))
  File "/home/administrator/Desktops/Desktop1/study/django/env/lib/python3.7/site-packages/django/template/base.py", line 478, in parse
    raise self.error(token, e)
  File "/home/administrator/Desktops/Desktop1/study/django/env/lib/python3.7/site-packages/django/template/base.py", line 476, in parse
    compiled_result = compile_func(self, token)
  File "/home/administrator/Desktops/Desktop1/study/django/env/lib/python3.7/site-packages/django/template/defaulttags.py", line 1375, in url
    viewname = parser.compile_filter(bits[1])
  File "/home/administrator/Desktops/Desktop1/study/django/env/lib/python3.7/site-packages/django/template/base.py", line 563, in compile_filter
    return FilterExpression(token, self)
  File "/home/administrator/Desktops/Desktop1/study/django/env/lib/python3.7/site-packages/django/template/base.py", line 663, in __init__
    "from '%s'" % (token[upto:], token))
django.template.exceptions.TemplateSyntaxError: Could not parse the remainder: ''goodedit\'' from ''goodedit\''
ERROR 2023-10-27 20:04:16,333 basehttp 7663 137115471628032 "GET /goods/ HTTP/1.1" 500 203194
INFO 2023-10-27 20:05:08,731 autoreload 7821 127168647526208 Watching for file changes with StatReloader
ERROR 2023-10-27 20:05:11,430 log 7821 127168607106816 Internal Server Error: /goods/
Traceback (most recent call last):
  File "/home/administrator/Desktops/Desktop1/study/django/env/lib/python3.7/site-packages/django/core/handlers/exception.py", line 47, in inner
    response = get_response(request)
  File "/home/administrator/Desktops/Desktop1/study/django/env/lib/python3.7/site-packages/django/core/handlers/base.py", line 181, in _get_response
    response = wrapped_callback(request, *callback_args, **callback_kwargs)
  File "/home/administrator/Desktops/Desktop1/study/django/django/proj_one/hometask_app/views.py", line 33, in all_goods_list
    return render(request,'hometask_app/all_goods.html',{'goods':goods})
  File "/home/administrator/Desktops/Desktop1/study/django/env/lib/python3.7/site-packages/django/shortcuts.py", line 19, in render
    content = loader.render_to_string(template_name, context, request, using=using)
  File "/home/administrator/Desktops/Desktop1/study/django/env/lib/python3.7/site-packages/django/template/loader.py", line 61, in render_to_string
    template = get_template(template_name, using=using)
  File "/home/administrator/Desktops/Desktop1/study/django/env/lib/python3.7/site-packages/django/template/loader.py", line 15, in get_template
    return engine.get_template(template_name)
  File "/home/administrator/Desktops/Desktop1/study/django/env/lib/python3.7/site-packages/django/template/backends/django.py", line 34, in get_template
    return Template(self.engine.get_template(template_name), self)
  File "/home/administrator/Desktops/Desktop1/study/django/env/lib/python3.7/site-packages/django/template/engine.py", line 143, in get_template
    template, origin = self.find_template(template_name)
  File "/home/administrator/Desktops/Desktop1/study/django/env/lib/python3.7/site-packages/django/template/engine.py", line 125, in find_template
    template = loader.get_template(name, skip=skip)
  File "/home/administrator/Desktops/Desktop1/study/django/env/lib/python3.7/site-packages/django/template/loaders/base.py", line 30, in get_template
    contents, origin, origin.template_name, self.engine,
  File "/home/administrator/Desktops/Desktop1/study/django/env/lib/python3.7/site-packages/django/template/base.py", line 155, in __init__
    self.nodelist = self.compile_nodelist()
  File "/home/administrator/Desktops/Desktop1/study/django/env/lib/python3.7/site-packages/django/template/base.py", line 193, in compile_nodelist
    return parser.parse()
  File "/home/administrator/Desktops/Desktop1/study/django/env/lib/python3.7/site-packages/django/template/base.py", line 478, in parse
    raise self.error(token, e)
  File "/home/administrator/Desktops/Desktop1/study/django/env/lib/python3.7/site-packages/django/template/base.py", line 476, in parse
    compiled_result = compile_func(self, token)
  File "/home/administrator/Desktops/Desktop1/study/django/env/lib/python3.7/site-packages/django/template/loader_tags.py", line 278, in do_extends
    nodelist = parser.parse()
  File "/home/administrator/Desktops/Desktop1/study/django/env/lib/python3.7/site-packages/django/template/base.py", line 478, in parse
    raise self.error(token, e)
  File "/home/administrator/Desktops/Desktop1/study/django/env/lib/python3.7/site-packages/django/template/base.py", line 476, in parse
    compiled_result = compile_func(self, token)
  File "/home/administrator/Desktops/Desktop1/study/django/env/lib/python3.7/site-packages/django/template/loader_tags.py", line 216, in do_block
    nodelist = parser.parse(('endblock',))
  File "/home/administrator/Desktops/Desktop1/study/django/env/lib/python3.7/site-packages/django/template/base.py", line 478, in parse
    raise self.error(token, e)
  File "/home/administrator/Desktops/Desktop1/study/django/env/lib/python3.7/site-packages/django/template/base.py", line 476, in parse
    compiled_result = compile_func(self, token)
  File "/home/administrator/Desktops/Desktop1/study/django/env/lib/python3.7/site-packages/django/template/defaulttags.py", line 968, in do_if
    nodelist = parser.parse(('elif', 'else', 'endif'))
  File "/home/administrator/Desktops/Desktop1/study/django/env/lib/python3.7/site-packages/django/template/base.py", line 478, in parse
    raise self.error(token, e)
  File "/home/administrator/Desktops/Desktop1/study/django/env/lib/python3.7/site-packages/django/template/base.py", line 476, in parse
    compiled_result = compile_func(self, token)
  File "/home/administrator/Desktops/Desktop1/study/django/env/lib/python3.7/site-packages/django/template/defaulttags.py", line 817, in do_for
    nodelist_loop = parser.parse(('empty', 'endfor',))
  File "/home/administrator/Desktops/Desktop1/study/django/env/lib/python3.7/site-packages/django/template/base.py", line 478, in parse
    raise self.error(token, e)
  File "/home/administrator/Desktops/Desktop1/study/django/env/lib/python3.7/site-packages/django/template/base.py", line 476, in parse
    compiled_result = compile_func(self, token)
  File "/home/administrator/Desktops/Desktop1/study/django/env/lib/python3.7/site-packages/django/template/defaulttags.py", line 1375, in url
    viewname = parser.compile_filter(bits[1])
  File "/home/administrator/Desktops/Desktop1/study/django/env/lib/python3.7/site-packages/django/template/base.py", line 563, in compile_filter
    return FilterExpression(token, self)
  File "/home/administrator/Desktops/Desktop1/study/django/env/lib/python3.7/site-packages/django/template/base.py", line 663, in __init__
    "from '%s'" % (token[upto:], token))
django.template.exceptions.TemplateSyntaxError: Could not parse the remainder: ''index\'' from ''index\''
ERROR 2023-10-27 20:05:11,432 basehttp 7821 127168607106816 "GET /goods/ HTTP/1.1" 500 203137
INFO 2023-10-27 20:05:35,663 autoreload 7871 135145568474944 Watching for file changes with StatReloader
INFO 2023-10-27 20:05:38,478 basehttp 7871 135145528055552 "GET /goods/ HTTP/1.1" 200 13475
INFO 2023-10-27 20:06:02,578 basehttp 7871 135145528055552 "GET / HTTP/1.1" 200 573
INFO 2023-10-27 20:06:02,682 basehttp 7871 135145528055552 "GET /static/bootstrap.min.css HTTP/1.1" 200 232948
INFO 2023-10-27 20:06:02,682 basehttp 7871 135145528055552 - Broken pipe from ('127.0.0.1', 42648)

INFO 2023-10-27 20:06:08,937 basehttp 7871 135145528055552 "GET /goods/ HTTP/1.1" 200 13875
INFO 2023-10-27 20:53:50,222 autoreload 7871 135145568474944 /home/administrator/Desktops/Desktop1/study/django/django/proj_one/hometask_app/views.py changed, reloading.
INFO 2023-10-27 20:53:50,387 autoreload 8479 131918844901184 Watching for file changes with StatReloader
INFO 2023-10-27 20:54:16,742 autoreload 8548 131956154902336 Watching for file changes with StatReloader
INFO 2023-10-27 20:54:43,592 autoreload 8618 130618957862720 Watching for file changes with StatReloader
INFO 2023-10-27 20:56:42,142 autoreload 8682 126929845729088 Watching for file changes with StatReloader
INFO 2023-10-27 20:56:45,720 basehttp 8682 126929805309696 "GET / HTTP/1.1" 200 573
INFO 2023-10-27 20:57:52,814 autoreload 8682 126929845729088 /home/administrator/Desktops/Desktop1/study/django/django/proj_one/hometask_app/views.py changed, reloading.
INFO 2023-10-27 20:57:52,962 autoreload 8798 125140588066624 Watching for file changes with StatReloader
INFO 2023-10-27 21:02:28,904 autoreload 9057 137562621486912 Watching for file changes with StatReloader
ERROR 2023-10-27 21:02:51,042 log 9057 137562581067520 Internal Server Error: /goodedit/3
Traceback (most recent call last):
  File "/home/administrator/Desktops/Desktop1/study/django/env/lib/python3.7/site-packages/django/core/handlers/exception.py", line 47, in inner
    response = get_response(request)
  File "/home/administrator/Desktops/Desktop1/study/django/env/lib/python3.7/site-packages/django/core/handlers/base.py", line 181, in _get_response
    response = wrapped_callback(request, *callback_args, **callback_kwargs)
  File "/home/administrator/Desktops/Desktop1/study/django/django/proj_one/hometask_app/views.py", line 41, in good_add_image
    form = AddImageToGoodForm(good_id=good_id)
  File "/home/administrator/Desktops/Desktop1/study/django/django/proj_one/hometask_app/forms.py", line 13, in __init__
    good = forms.TextInput(initial=GoodOne.objects.filter(pk=good_id).first().__str__())
TypeError: __init__() got an unexpected keyword argument 'initial'
ERROR 2023-10-27 21:02:51,042 basehttp 9057 137562581067520 "GET /goodedit/3 HTTP/1.1" 500 71336
INFO 2023-10-27 21:03:59,791 autoreload 9057 137562621486912 /home/administrator/Desktops/Desktop1/study/django/django/proj_one/hometask_app/forms.py changed, reloading.
INFO 2023-10-27 21:03:59,943 autoreload 9145 124349170206528 Watching for file changes with StatReloader
ERROR 2023-10-27 21:04:04,286 log 9145 124349129787136 Internal Server Error: /goodedit/3
Traceback (most recent call last):
  File "/home/administrator/Desktops/Desktop1/study/django/env/lib/python3.7/site-packages/django/core/handlers/exception.py", line 47, in inner
    response = get_response(request)
  File "/home/administrator/Desktops/Desktop1/study/django/env/lib/python3.7/site-packages/django/core/handlers/base.py", line 181, in _get_response
    response = wrapped_callback(request, *callback_args, **callback_kwargs)
  File "/home/administrator/Desktops/Desktop1/study/django/django/proj_one/hometask_app/views.py", line 41, in good_add_image
    form = AddImageToGoodForm(good_id=good_id)
  File "/home/administrator/Desktops/Desktop1/study/django/django/proj_one/hometask_app/forms.py", line 11, in __init__
    good = forms.TextInput(initial=GoodOne.objects.filter(pk=good_id).first().__str__())
TypeError: __init__() got an unexpected keyword argument 'initial'
ERROR 2023-10-27 21:04:04,286 basehttp 9145 124349129787136 "GET /goodedit/3 HTTP/1.1" 500 71752
INFO 2023-10-27 21:06:40,689 autoreload 9145 124349170206528 /home/administrator/Desktops/Desktop1/study/django/django/proj_one/hometask_app/forms.py changed, reloading.
INFO 2023-10-27 21:06:40,858 autoreload 9204 128752567879488 Watching for file changes with StatReloader
ERROR 2023-10-27 21:06:43,696 log 9204 128752527460096 Internal Server Error: /goodedit/3
Traceback (most recent call last):
  File "/home/administrator/Desktops/Desktop1/study/django/env/lib/python3.7/site-packages/django/core/handlers/exception.py", line 47, in inner
    response = get_response(request)
  File "/home/administrator/Desktops/Desktop1/study/django/env/lib/python3.7/site-packages/django/core/handlers/base.py", line 181, in _get_response
    response = wrapped_callback(request, *callback_args, **callback_kwargs)
  File "/home/administrator/Desktops/Desktop1/study/django/django/proj_one/hometask_app/views.py", line 41, in good_add_image
    form = AddImageToGoodForm(good_id=good_id)
  File "/home/administrator/Desktops/Desktop1/study/django/django/proj_one/hometask_app/forms.py", line 12, in __init__
    self.good = forms.TextInput(initial=stuff.__str__())
TypeError: __init__() got an unexpected keyword argument 'initial'
ERROR 2023-10-27 21:06:43,697 basehttp 9204 128752527460096 "GET /goodedit/3 HTTP/1.1" 500 72001
INFO 2023-10-27 21:08:47,392 autoreload 9204 128752567879488 /home/administrator/Desktops/Desktop1/study/django/django/proj_one/hometask_app/forms.py changed, reloading.
INFO 2023-10-27 21:08:47,591 autoreload 9258 129587801532224 Watching for file changes with StatReloader
ERROR 2023-10-27 21:08:49,536 log 9258 129587686143744 Internal Server Error: /goodedit/3
Traceback (most recent call last):
  File "/home/administrator/Desktops/Desktop1/study/django/env/lib/python3.7/site-packages/django/core/handlers/exception.py", line 47, in inner
    response = get_response(request)
  File "/home/administrator/Desktops/Desktop1/study/django/env/lib/python3.7/site-packages/django/core/handlers/base.py", line 181, in _get_response
    response = wrapped_callback(request, *callback_args, **callback_kwargs)
  File "/home/administrator/Desktops/Desktop1/study/django/django/proj_one/hometask_app/views.py", line 41, in good_add_image
    form = AddImageToGoodForm(good_id=good_id)
  File "/home/administrator/Desktops/Desktop1/study/django/django/proj_one/hometask_app/forms.py", line 13, in __init__
    self.image = forms.ImageField(default=stuff.image_file)
  File "/home/administrator/Desktops/Desktop1/study/django/env/lib/python3.7/site-packages/django/forms/fields.py", line 565, in __init__
    super().__init__(**kwargs)
TypeError: __init__() got an unexpected keyword argument 'default'
ERROR 2023-10-27 21:08:49,536 basehttp 9258 129587686143744 "GET /goodedit/3 HTTP/1.1" 500 76439
INFO 2023-10-27 21:10:09,518 autoreload 9258 129587801532224 /home/administrator/Desktops/Desktop1/study/django/django/proj_one/hometask_app/models.py changed, reloading.
INFO 2023-10-27 21:10:09,701 autoreload 9308 131644046325568 Watching for file changes with StatReloader
ERROR 2023-10-27 21:10:13,620 log 9308 131644005906176 Internal Server Error: /goodedit/3
Traceback (most recent call last):
  File "/home/administrator/Desktops/Desktop1/study/django/env/lib/python3.7/site-packages/django/core/handlers/exception.py", line 47, in inner
    response = get_response(request)
  File "/home/administrator/Desktops/Desktop1/study/django/env/lib/python3.7/site-packages/django/core/handlers/base.py", line 181, in _get_response
    response = wrapped_callback(request, *callback_args, **callback_kwargs)
  File "/home/administrator/Desktops/Desktop1/study/django/django/proj_one/hometask_app/views.py", line 41, in good_add_image
    form = AddImageToGoodForm(good_id=good_id)
  File "/home/administrator/Desktops/Desktop1/study/django/django/proj_one/hometask_app/forms.py", line 13, in __init__
    self.image = forms.ImageField(default=stuff.image_file)
  File "/home/administrator/Desktops/Desktop1/study/django/env/lib/python3.7/site-packages/django/forms/fields.py", line 565, in __init__
    super().__init__(**kwargs)
TypeError: __init__() got an unexpected keyword argument 'default'
ERROR 2023-10-27 21:10:13,621 basehttp 9308 131644005906176 "GET /goodedit/3 HTTP/1.1" 500 76463
ERROR 2023-10-27 21:11:20,259 log 9308 131644005906176 Internal Server Error: /goodedit/3
Traceback (most recent call last):
  File "/home/administrator/Desktops/Desktop1/study/django/env/lib/python3.7/site-packages/django/core/handlers/exception.py", line 47, in inner
    response = get_response(request)
  File "/home/administrator/Desktops/Desktop1/study/django/env/lib/python3.7/site-packages/django/core/handlers/base.py", line 181, in _get_response
    response = wrapped_callback(request, *callback_args, **callback_kwargs)
  File "/home/administrator/Desktops/Desktop1/study/django/django/proj_one/hometask_app/views.py", line 41, in good_add_image
    form = AddImageToGoodForm(good_id=good_id)
  File "/home/administrator/Desktops/Desktop1/study/django/django/proj_one/hometask_app/forms.py", line 13, in __init__
    self.image = forms.ImageField(default=stuff.image_file)
  File "/home/administrator/Desktops/Desktop1/study/django/env/lib/python3.7/site-packages/django/forms/fields.py", line 565, in __init__
    super().__init__(**kwargs)
TypeError: __init__() got an unexpected keyword argument 'default'
ERROR 2023-10-27 21:11:20,259 basehttp 9308 131644005906176 "GET /goodedit/3 HTTP/1.1" 500 76463
INFO 2023-10-27 21:19:56,926 autoreload 9308 131644046325568 /home/administrator/Desktops/Desktop1/study/django/django/proj_one/hometask_app/forms.py changed, reloading.
INFO 2023-10-27 21:19:57,088 autoreload 9432 131642156623680 Watching for file changes with StatReloader
ERROR 2023-10-27 21:20:01,006 log 9432 131642116204288 Internal Server Error: /goodedit/3
Traceback (most recent call last):
  File "/home/administrator/Desktops/Desktop1/study/django/env/lib/python3.7/site-packages/django/core/handlers/exception.py", line 47, in inner
    response = get_response(request)
  File "/home/administrator/Desktops/Desktop1/study/django/env/lib/python3.7/site-packages/django/core/handlers/base.py", line 181, in _get_response
    response = wrapped_callback(request, *callback_args, **callback_kwargs)
  File "/home/administrator/Desktops/Desktop1/study/django/django/proj_one/hometask_app/views.py", line 41, in good_add_image
    form = AddImageToGoodForm(good_id=good_id)
  File "/home/administrator/Desktops/Desktop1/study/django/django/proj_one/hometask_app/forms.py", line 13, in __init__
    self.image = forms.ImageField(upload_to='hometask_app')  #default=stuff.image_file
  File "/home/administrator/Desktops/Desktop1/study/django/env/lib/python3.7/site-packages/django/forms/fields.py", line 565, in __init__
    super().__init__(**kwargs)
TypeError: __init__() got an unexpected keyword argument 'upload_to'
ERROR 2023-10-27 21:20:01,007 basehttp 9432 131642116204288 "GET /goodedit/3 HTTP/1.1" 500 76546
INFO 2023-10-27 21:20:26,463 autoreload 9432 131642156623680 /home/administrator/Desktops/Desktop1/study/django/django/proj_one/hometask_app/forms.py changed, reloading.
INFO 2023-10-27 21:20:26,639 autoreload 9480 138757573302080 Watching for file changes with StatReloader
INFO 2023-10-27 21:20:28,505 basehttp 9480 138757532882688 "GET /goodedit/3 HTTP/1.1" 200 784
ERROR 2023-10-27 21:20:31,097 log 9480 138757532882688 Internal Server Error: /goodedit/3
Traceback (most recent call last):
  File "/home/administrator/Desktops/Desktop1/study/django/env/lib/python3.7/site-packages/django/core/handlers/exception.py", line 47, in inner
    response = get_response(request)
  File "/home/administrator/Desktops/Desktop1/study/django/env/lib/python3.7/site-packages/django/core/handlers/base.py", line 181, in _get_response
    response = wrapped_callback(request, *callback_args, **callback_kwargs)
  File "/home/administrator/Desktops/Desktop1/study/django/django/proj_one/hometask_app/views.py", line 39, in good_add_image
    form = AddImageToGoodForm(request.POST, request.Files, good_id=-1)
AttributeError: 'WSGIRequest' object has no attribute 'Files'
ERROR 2023-10-27 21:20:31,097 basehttp 9480 138757532882688 "POST /goodedit/3 HTTP/1.1" 500 69099
INFO 2023-10-27 21:20:35,235 basehttp 9480 138757532882688 "GET /goodedit/3 HTTP/1.1" 200 784
INFO 2023-10-27 21:20:37,730 basehttp 9480 138757532882688 "GET /goodedit/3 HTTP/1.1" 200 784
INFO 2023-10-27 21:26:58,239 autoreload 9480 138757573302080 /home/administrator/Desktops/Desktop1/study/django/django/proj_one/hometask_app/forms.py changed, reloading.
INFO 2023-10-27 21:26:58,410 autoreload 9610 128754860377920 Watching for file changes with StatReloader
INFO 2023-10-27 21:30:53,110 autoreload 9610 128754860377920 /home/administrator/Desktops/Desktop1/study/django/django/proj_one/proj_one/settings.py changed, reloading.
INFO 2023-10-27 21:30:53,278 autoreload 9659 134172667922240 Watching for file changes with StatReloader
INFO 2023-10-27 21:31:17,593 autoreload 9659 134172667922240 /home/administrator/Desktops/Desktop1/study/django/django/proj_one/proj_one/settings.py changed, reloading.
INFO 2023-10-27 21:31:17,784 autoreload 9694 135352180680512 Watching for file changes with StatReloader
INFO 2023-10-27 21:34:42,718 autoreload 9694 135352180680512 /home/administrator/Desktops/Desktop1/study/django/django/proj_one/proj_one/settings.py changed, reloading.
INFO 2023-10-27 21:34:42,886 autoreload 9745 136211399477056 Watching for file changes with StatReloader
INFO 2023-10-27 21:36:52,305 autoreload 9745 136211399477056 /home/administrator/Desktops/Desktop1/study/django/django/proj_one/hometask_app/views.py changed, reloading.
INFO 2023-10-27 21:36:52,465 autoreload 9792 132278753302336 Watching for file changes with StatReloader
INFO 2023-10-27 21:44:43,654 autoreload 9792 132278753302336 /home/administrator/Desktops/Desktop1/study/django/django/proj_one/hometask_app/views.py changed, reloading.
INFO 2023-10-27 21:44:43,817 autoreload 9937 123378792040256 Watching for file changes with StatReloader
INFO 2023-10-27 21:44:46,919 autoreload 9937 123378792040256 /home/administrator/Desktops/Desktop1/study/django/django/proj_one/hometask_app/forms.py changed, reloading.
INFO 2023-10-27 21:44:47,074 autoreload 9962 129586265413440 Watching for file changes with StatReloader
INFO 2023-10-27 21:44:52,183 autoreload 9962 129586265413440 /home/administrator/Desktops/Desktop1/study/django/django/proj_one/hometask_app/forms.py changed, reloading.
INFO 2023-10-27 21:44:52,364 autoreload 9988 123677989939008 Watching for file changes with StatReloader
INFO 2023-10-27 21:45:29,097 basehttp 9988 123677878253312 "GET / HTTP/1.1" 200 573
INFO 2023-10-27 21:45:29,207 basehttp 9988 123677878253312 "GET /static/bootstrap.min.css HTTP/1.1" 200 4096
INFO 2023-10-27 21:45:47,662 basehttp 9988 123677878253312 "GET /goodedit/3 HTTP/1.1" 200 900
INFO 2023-10-27 21:46:24,724 basehttp 9988 123677878253312 "GET / HTTP/1.1" 200 573
INFO 2023-10-27 21:46:24,805 basehttp 9988 123677878253312 "GET /static/bootstrap.min.css HTTP/1.1" 200 4096
INFO 2023-10-27 21:46:31,355 basehttp 9988 123677878253312 "GET /goodedit/3 HTTP/1.1" 200 916
INFO 2023-10-27 21:46:56,259 basehttp 9988 123677878253312 "GET /goodedit/3 HTTP/1.1" 200 1028
ERROR 2023-10-27 21:50:17,842 log 9988 123677878253312 Internal Server Error: /goodedit/3
Traceback (most recent call last):
  File "/home/administrator/Desktops/Desktop1/study/django/env/lib/python3.7/site-packages/django/template/base.py", line 470, in parse
    compile_func = self.tags[command]
KeyError: 'static'

During handling of the above exception, another exception occurred:

Traceback (most recent call last):
  File "/home/administrator/Desktops/Desktop1/study/django/env/lib/python3.7/site-packages/django/core/handlers/exception.py", line 47, in inner
    response = get_response(request)
  File "/home/administrator/Desktops/Desktop1/study/django/env/lib/python3.7/site-packages/django/core/handlers/base.py", line 181, in _get_response
    response = wrapped_callback(request, *callback_args, **callback_kwargs)
  File "/home/administrator/Desktops/Desktop1/study/django/django/proj_one/hometask_app/views.py", line 50, in good_add_image
    return render(request,'hometask_app/good_edit.html',{'form':form, 'good':good})
  File "/home/administrator/Desktops/Desktop1/study/django/env/lib/python3.7/site-packages/django/shortcuts.py", line 19, in render
    content = loader.render_to_string(template_name, context, request, using=using)
  File "/home/administrator/Desktops/Desktop1/study/django/env/lib/python3.7/site-packages/django/template/loader.py", line 61, in render_to_string
    template = get_template(template_name, using=using)
  File "/home/administrator/Desktops/Desktop1/study/django/env/lib/python3.7/site-packages/django/template/loader.py", line 15, in get_template
    return engine.get_template(template_name)
  File "/home/administrator/Desktops/Desktop1/study/django/env/lib/python3.7/site-packages/django/template/backends/django.py", line 34, in get_template
    return Template(self.engine.get_template(template_name), self)
  File "/home/administrator/Desktops/Desktop1/study/django/env/lib/python3.7/site-packages/django/template/engine.py", line 143, in get_template
    template, origin = self.find_template(template_name)
  File "/home/administrator/Desktops/Desktop1/study/django/env/lib/python3.7/site-packages/django/template/engine.py", line 125, in find_template
    template = loader.get_template(name, skip=skip)
  File "/home/administrator/Desktops/Desktop1/study/django/env/lib/python3.7/site-packages/django/template/loaders/base.py", line 30, in get_template
    contents, origin, origin.template_name, self.engine,
  File "/home/administrator/Desktops/Desktop1/study/django/env/lib/python3.7/site-packages/django/template/base.py", line 155, in __init__
    self.nodelist = self.compile_nodelist()
  File "/home/administrator/Desktops/Desktop1/study/django/env/lib/python3.7/site-packages/django/template/base.py", line 193, in compile_nodelist
    return parser.parse()
  File "/home/administrator/Desktops/Desktop1/study/django/env/lib/python3.7/site-packages/django/template/base.py", line 478, in parse
    raise self.error(token, e)
  File "/home/administrator/Desktops/Desktop1/study/django/env/lib/python3.7/site-packages/django/template/base.py", line 476, in parse
    compiled_result = compile_func(self, token)
  File "/home/administrator/Desktops/Desktop1/study/django/env/lib/python3.7/site-packages/django/template/loader_tags.py", line 278, in do_extends
    nodelist = parser.parse()
  File "/home/administrator/Desktops/Desktop1/study/django/env/lib/python3.7/site-packages/django/template/base.py", line 478, in parse
    raise self.error(token, e)
  File "/home/administrator/Desktops/Desktop1/study/django/env/lib/python3.7/site-packages/django/template/base.py", line 476, in parse
    compiled_result = compile_func(self, token)
  File "/home/administrator/Desktops/Desktop1/study/django/env/lib/python3.7/site-packages/django/template/loader_tags.py", line 216, in do_block
    nodelist = parser.parse(('endblock',))
  File "/home/administrator/Desktops/Desktop1/study/django/env/lib/python3.7/site-packages/django/template/base.py", line 472, in parse
    self.invalid_block_tag(token, command, parse_until)
  File "/home/administrator/Desktops/Desktop1/study/django/env/lib/python3.7/site-packages/django/template/base.py", line 528, in invalid_block_tag
    get_text_list(["'%s'" % p for p in parse_until], 'or'),
django.template.exceptions.TemplateSyntaxError: Invalid block tag on line 6: 'static', expected 'endblock'. Did you forget to register or load this tag?
ERROR 2023-10-27 21:50:17,842 basehttp 9988 123677878253312 "GET /goodedit/3 HTTP/1.1" 500 160160
ERROR 2023-10-27 21:51:03,788 log 9988 123677878253312 Internal Server Error: /goodedit/3
Traceback (most recent call last):
  File "/home/administrator/Desktops/Desktop1/study/django/env/lib/python3.7/site-packages/django/template/base.py", line 470, in parse
    compile_func = self.tags[command]
KeyError: 'static'

During handling of the above exception, another exception occurred:

Traceback (most recent call last):
  File "/home/administrator/Desktops/Desktop1/study/django/env/lib/python3.7/site-packages/django/core/handlers/exception.py", line 47, in inner
    response = get_response(request)
  File "/home/administrator/Desktops/Desktop1/study/django/env/lib/python3.7/site-packages/django/core/handlers/base.py", line 181, in _get_response
    response = wrapped_callback(request, *callback_args, **callback_kwargs)
  File "/home/administrator/Desktops/Desktop1/study/django/django/proj_one/hometask_app/views.py", line 50, in good_add_image
    return render(request,'hometask_app/good_edit.html',{'form':form, 'good':good})
  File "/home/administrator/Desktops/Desktop1/study/django/env/lib/python3.7/site-packages/django/shortcuts.py", line 19, in render
    content = loader.render_to_string(template_name, context, request, using=using)
  File "/home/administrator/Desktops/Desktop1/study/django/env/lib/python3.7/site-packages/django/template/loader.py", line 61, in render_to_string
    template = get_template(template_name, using=using)
  File "/home/administrator/Desktops/Desktop1/study/django/env/lib/python3.7/site-packages/django/template/loader.py", line 15, in get_template
    return engine.get_template(template_name)
  File "/home/administrator/Desktops/Desktop1/study/django/env/lib/python3.7/site-packages/django/template/backends/django.py", line 34, in get_template
    return Template(self.engine.get_template(template_name), self)
  File "/home/administrator/Desktops/Desktop1/study/django/env/lib/python3.7/site-packages/django/template/engine.py", line 143, in get_template
    template, origin = self.find_template(template_name)
  File "/home/administrator/Desktops/Desktop1/study/django/env/lib/python3.7/site-packages/django/template/engine.py", line 125, in find_template
    template = loader.get_template(name, skip=skip)
  File "/home/administrator/Desktops/Desktop1/study/django/env/lib/python3.7/site-packages/django/template/loaders/base.py", line 30, in get_template
    contents, origin, origin.template_name, self.engine,
  File "/home/administrator/Desktops/Desktop1/study/django/env/lib/python3.7/site-packages/django/template/base.py", line 155, in __init__
    self.nodelist = self.compile_nodelist()
  File "/home/administrator/Desktops/Desktop1/study/django/env/lib/python3.7/site-packages/django/template/base.py", line 193, in compile_nodelist
    return parser.parse()
  File "/home/administrator/Desktops/Desktop1/study/django/env/lib/python3.7/site-packages/django/template/base.py", line 478, in parse
    raise self.error(token, e)
  File "/home/administrator/Desktops/Desktop1/study/django/env/lib/python3.7/site-packages/django/template/base.py", line 476, in parse
    compiled_result = compile_func(self, token)
  File "/home/administrator/Desktops/Desktop1/study/django/env/lib/python3.7/site-packages/django/template/loader_tags.py", line 278, in do_extends
    nodelist = parser.parse()
  File "/home/administrator/Desktops/Desktop1/study/django/env/lib/python3.7/site-packages/django/template/base.py", line 478, in parse
    raise self.error(token, e)
  File "/home/administrator/Desktops/Desktop1/study/django/env/lib/python3.7/site-packages/django/template/base.py", line 476, in parse
    compiled_result = compile_func(self, token)
  File "/home/administrator/Desktops/Desktop1/study/django/env/lib/python3.7/site-packages/django/template/loader_tags.py", line 216, in do_block
    nodelist = parser.parse(('endblock',))
  File "/home/administrator/Desktops/Desktop1/study/django/env/lib/python3.7/site-packages/django/template/base.py", line 472, in parse
    self.invalid_block_tag(token, command, parse_until)
  File "/home/administrator/Desktops/Desktop1/study/django/env/lib/python3.7/site-packages/django/template/base.py", line 528, in invalid_block_tag
    get_text_list(["'%s'" % p for p in parse_until], 'or'),
django.template.exceptions.TemplateSyntaxError: Invalid block tag on line 6: 'static', expected 'endblock'. Did you forget to register or load this tag?
ERROR 2023-10-27 21:51:03,788 basehttp 9988 123677878253312 "GET /goodedit/3 HTTP/1.1" 500 160160
ERROR 2023-10-27 21:51:50,766 log 9988 123677878253312 Internal Server Error: /goodedit/3
Traceback (most recent call last):
  File "/home/administrator/Desktops/Desktop1/study/django/env/lib/python3.7/site-packages/django/core/handlers/exception.py", line 47, in inner
    response = get_response(request)
  File "/home/administrator/Desktops/Desktop1/study/django/env/lib/python3.7/site-packages/django/core/handlers/base.py", line 181, in _get_response
    response = wrapped_callback(request, *callback_args, **callback_kwargs)
  File "/home/administrator/Desktops/Desktop1/study/django/django/proj_one/hometask_app/views.py", line 50, in good_add_image
    return render(request,'hometask_app/good_edit.html',{'form':form, 'good':good})
  File "/home/administrator/Desktops/Desktop1/study/django/env/lib/python3.7/site-packages/django/shortcuts.py", line 19, in render
    content = loader.render_to_string(template_name, context, request, using=using)
  File "/home/administrator/Desktops/Desktop1/study/django/env/lib/python3.7/site-packages/django/template/loader.py", line 61, in render_to_string
    template = get_template(template_name, using=using)
  File "/home/administrator/Desktops/Desktop1/study/django/env/lib/python3.7/site-packages/django/template/loader.py", line 15, in get_template
    return engine.get_template(template_name)
  File "/home/administrator/Desktops/Desktop1/study/django/env/lib/python3.7/site-packages/django/template/backends/django.py", line 34, in get_template
    return Template(self.engine.get_template(template_name), self)
  File "/home/administrator/Desktops/Desktop1/study/django/env/lib/python3.7/site-packages/django/template/engine.py", line 143, in get_template
    template, origin = self.find_template(template_name)
  File "/home/administrator/Desktops/Desktop1/study/django/env/lib/python3.7/site-packages/django/template/engine.py", line 125, in find_template
    template = loader.get_template(name, skip=skip)
  File "/home/administrator/Desktops/Desktop1/study/django/env/lib/python3.7/site-packages/django/template/loaders/base.py", line 30, in get_template
    contents, origin, origin.template_name, self.engine,
  File "/home/administrator/Desktops/Desktop1/study/django/env/lib/python3.7/site-packages/django/template/base.py", line 155, in __init__
    self.nodelist = self.compile_nodelist()
  File "/home/administrator/Desktops/Desktop1/study/django/env/lib/python3.7/site-packages/django/template/base.py", line 193, in compile_nodelist
    return parser.parse()
  File "/home/administrator/Desktops/Desktop1/study/django/env/lib/python3.7/site-packages/django/template/base.py", line 478, in parse
    raise self.error(token, e)
  File "/home/administrator/Desktops/Desktop1/study/django/env/lib/python3.7/site-packages/django/template/base.py", line 476, in parse
    compiled_result = compile_func(self, token)
  File "/home/administrator/Desktops/Desktop1/study/django/env/lib/python3.7/site-packages/django/template/loader_tags.py", line 278, in do_extends
    nodelist = parser.parse()
  File "/home/administrator/Desktops/Desktop1/study/django/env/lib/python3.7/site-packages/django/template/base.py", line 478, in parse
    raise self.error(token, e)
  File "/home/administrator/Desktops/Desktop1/study/django/env/lib/python3.7/site-packages/django/template/base.py", line 476, in parse
    compiled_result = compile_func(self, token)
  File "/home/administrator/Desktops/Desktop1/study/django/env/lib/python3.7/site-packages/django/template/loader_tags.py", line 216, in do_block
    nodelist = parser.parse(('endblock',))
  File "/home/administrator/Desktops/Desktop1/study/django/env/lib/python3.7/site-packages/django/template/base.py", line 478, in parse
    raise self.error(token, e)
  File "/home/administrator/Desktops/Desktop1/study/django/env/lib/python3.7/site-packages/django/template/base.py", line 476, in parse
    compiled_result = compile_func(self, token)
  File "/home/administrator/Desktops/Desktop1/study/django/env/lib/python3.7/site-packages/django/templatetags/static.py", line 159, in do_static
    return StaticNode.handle_token(parser, token)
  File "/home/administrator/Desktops/Desktop1/study/django/env/lib/python3.7/site-packages/django/templatetags/static.py", line 133, in handle_token
    path = parser.compile_filter(bits[1])
  File "/home/administrator/Desktops/Desktop1/study/django/env/lib/python3.7/site-packages/django/template/base.py", line 563, in compile_filter
    return FilterExpression(token, self)
  File "/home/administrator/Desktops/Desktop1/study/django/env/lib/python3.7/site-packages/django/template/base.py", line 663, in __init__
    "from '%s'" % (token[upto:], token))
django.template.exceptions.TemplateSyntaxError: Could not parse the remainder: '+good.image_file' from ''media/hometask_app/'+good.image_file'
ERROR 2023-10-27 21:51:50,766 basehttp 9988 123677878253312 "GET /goodedit/3 HTTP/1.1" 500 174277
INFO 2023-10-27 21:52:47,317 basehttp 9988 123677878253312 "GET /goodedit/3 HTTP/1.1" 200 1091
WARNING 2023-10-27 21:52:47,338 basehttp 9988 123677878253312 "GET /static/media/hometask_app/%20noimage.png HTTP/1.1" 404 1854
INFO 2023-10-27 21:53:20,121 basehttp 9988 123677878253312 "GET /goodedit/3 HTTP/1.1" 200 1090
INFO 2023-10-27 21:53:22,334 basehttp 9988 123677878253312 "GET /goodedit/3 HTTP/1.1" 200 1090
INFO 2023-10-27 21:53:22,357 basehttp 9988 123677878253312 "GET /static/media/hometask_app/noimage.png HTTP/1.1" 200 2501
INFO 2023-10-27 21:54:44,260 autoreload 9988 123677989939008 /home/administrator/Desktops/Desktop1/study/django/django/proj_one/hometask_app/views.py changed, reloading.
INFO 2023-10-27 21:54:44,427 autoreload 11064 124026461398848 Watching for file changes with StatReloader
INFO 2023-10-27 21:58:17,715 basehttp 11064 124026420979456 "GET /goodedit/3 HTTP/1.1" 200 1090
ERROR 2023-10-27 22:00:09,258 log 11064 124026420979456 Internal Server Error: /goodedit/3
Traceback (most recent call last):
  File "/home/administrator/Desktops/Desktop1/study/django/env/lib/python3.7/site-packages/django/core/handlers/exception.py", line 47, in inner
    response = get_response(request)
  File "/home/administrator/Desktops/Desktop1/study/django/env/lib/python3.7/site-packages/django/core/handlers/base.py", line 181, in _get_response
    response = wrapped_callback(request, *callback_args, **callback_kwargs)
  File "/home/administrator/Desktops/Desktop1/study/django/django/proj_one/hometask_app/views.py", line 44, in good_add_image
    form = AddImageToGoodForm(request.POST, request.Files)
AttributeError: 'WSGIRequest' object has no attribute 'Files'
ERROR 2023-10-27 22:00:09,259 basehttp 11064 124026420979456 "POST /goodedit/3 HTTP/1.1" 500 69699
INFO 2023-10-27 22:00:35,433 autoreload 11064 124026461398848 /home/administrator/Desktops/Desktop1/study/django/django/proj_one/hometask_app/views.py changed, reloading.
INFO 2023-10-27 22:00:35,642 autoreload 11272 129563791906624 Watching for file changes with StatReloader
INFO 2023-10-27 22:00:39,604 basehttp 11272 129563751487232 "GET /goodedit/3 HTTP/1.1" 200 1090
INFO 2023-10-27 22:00:40,519 basehttp 11272 129563751487232 "GET /goodedit/3 HTTP/1.1" 200 1090
INFO 2023-10-27 22:00:55,426 basehttp 11272 129563751487232 "POST /goodedit/3 HTTP/1.1" 200 1150
INFO 2023-10-27 22:01:06,534 basehttp 11272 129563751487232 "POST /goodedit/3 HTTP/1.1" 200 1150
INFO 2023-10-27 22:01:22,256 basehttp 11272 129563751487232 "POST /goodedit/3 HTTP/1.1" 200 1150
INFO 2023-10-27 22:01:27,244 basehttp 11272 129563751487232 "POST /goodedit/3 HTTP/1.1" 200 1150
INFO 2023-10-27 22:01:29,449 basehttp 11272 129563751487232 "GET /goodedit/1 HTTP/1.1" 200 1090
INFO 2023-10-27 22:01:32,711 basehttp 11272 129563751487232 "GET /goodedit/2 HTTP/1.1" 200 1090
INFO 2023-10-27 22:01:35,410 basehttp 11272 129563751487232 "GET /goodedit/3 HTTP/1.1" 200 1090
INFO 2023-10-27 22:02:21,776 basehttp 11272 129563751487232 "POST /goodedit/3 HTTP/1.1" 200 1150
INFO 2023-10-27 22:04:10,615 autoreload 11272 129563791906624 /home/administrator/Desktops/Desktop1/study/django/django/proj_one/hometask_app/views.py changed, reloading.
INFO 2023-10-27 22:04:10,767 autoreload 11635 137481458534208 Watching for file changes with StatReloader
INFO 2023-10-27 22:04:14,465 basehttp 11635 137481418114816 "GET /goodedit/3 HTTP/1.1" 200 1090
INFO 2023-10-27 22:04:16,041 basehttp 11635 137481418114816 "GET /goodedit/3 HTTP/1.1" 200 1090
INFO 2023-10-27 22:04:17,288 basehttp 11635 137481418114816 "POST /goodedit/3 HTTP/1.1" 200 1150
INFO 2023-10-27 22:04:37,357 autoreload 11749 139936458909504 Watching for file changes with StatReloader
INFO 2023-10-27 22:04:46,014 basehttp 11749 139936418490112 "GET /goods/ HTTP/1.1" 200 16275
ERROR 2023-10-27 22:06:37,710 log 11749 139936418490112 Internal Server Error: /goods/
Traceback (most recent call last):
  File "/home/administrator/Desktops/Desktop1/study/django/env/lib/python3.7/site-packages/django/core/handlers/exception.py", line 47, in inner
    response = get_response(request)
  File "/home/administrator/Desktops/Desktop1/study/django/env/lib/python3.7/site-packages/django/core/handlers/base.py", line 181, in _get_response
    response = wrapped_callback(request, *callback_args, **callback_kwargs)
  File "/home/administrator/Desktops/Desktop1/study/django/django/proj_one/hometask_app/views.py", line 37, in all_goods_list
    return render(request,'hometask_app/all_goods.html',{'goods':goods})
  File "/home/administrator/Desktops/Desktop1/study/django/env/lib/python3.7/site-packages/django/shortcuts.py", line 19, in render
    content = loader.render_to_string(template_name, context, request, using=using)
  File "/home/administrator/Desktops/Desktop1/study/django/env/lib/python3.7/site-packages/django/template/loader.py", line 62, in render_to_string
    return template.render(context, request)
  File "/home/administrator/Desktops/Desktop1/study/django/env/lib/python3.7/site-packages/django/template/backends/django.py", line 61, in render
    return self.template.render(context)
  File "/home/administrator/Desktops/Desktop1/study/django/env/lib/python3.7/site-packages/django/template/base.py", line 170, in render
    return self._render(context)
  File "/home/administrator/Desktops/Desktop1/study/django/env/lib/python3.7/site-packages/django/template/base.py", line 162, in _render
    return self.nodelist.render(context)
  File "/home/administrator/Desktops/Desktop1/study/django/env/lib/python3.7/site-packages/django/template/base.py", line 938, in render
    bit = node.render_annotated(context)
  File "/home/administrator/Desktops/Desktop1/study/django/env/lib/python3.7/site-packages/django/template/base.py", line 905, in render_annotated
    return self.render(context)
  File "/home/administrator/Desktops/Desktop1/study/django/env/lib/python3.7/site-packages/django/template/loader_tags.py", line 150, in render
    return compiled_parent._render(context)
  File "/home/administrator/Desktops/Desktop1/study/django/env/lib/python3.7/site-packages/django/template/base.py", line 162, in _render
    return self.nodelist.render(context)
  File "/home/administrator/Desktops/Desktop1/study/django/env/lib/python3.7/site-packages/django/template/base.py", line 938, in render
    bit = node.render_annotated(context)
  File "/home/administrator/Desktops/Desktop1/study/django/env/lib/python3.7/site-packages/django/template/base.py", line 905, in render_annotated
    return self.render(context)
  File "/home/administrator/Desktops/Desktop1/study/django/env/lib/python3.7/site-packages/django/template/loader_tags.py", line 62, in render
    result = block.nodelist.render(context)
  File "/home/administrator/Desktops/Desktop1/study/django/env/lib/python3.7/site-packages/django/template/base.py", line 938, in render
    bit = node.render_annotated(context)
  File "/home/administrator/Desktops/Desktop1/study/django/env/lib/python3.7/site-packages/django/template/base.py", line 905, in render_annotated
    return self.render(context)
  File "/home/administrator/Desktops/Desktop1/study/django/env/lib/python3.7/site-packages/django/template/defaulttags.py", line 315, in render
    return nodelist.render(context)
  File "/home/administrator/Desktops/Desktop1/study/django/env/lib/python3.7/site-packages/django/template/base.py", line 938, in render
    bit = node.render_annotated(context)
  File "/home/administrator/Desktops/Desktop1/study/django/env/lib/python3.7/site-packages/django/template/base.py", line 905, in render_annotated
    return self.render(context)
  File "/home/administrator/Desktops/Desktop1/study/django/env/lib/python3.7/site-packages/django/template/defaulttags.py", line 214, in render
    nodelist.append(node.render_annotated(context))
  File "/home/administrator/Desktops/Desktop1/study/django/env/lib/python3.7/site-packages/django/template/base.py", line 905, in render_annotated
    return self.render(context)
  File "/home/administrator/Desktops/Desktop1/study/django/env/lib/python3.7/site-packages/django/template/defaulttags.py", line 449, in render
    url = reverse(view_name, args=args, kwargs=kwargs, current_app=current_app)
  File "/home/administrator/Desktops/Desktop1/study/django/env/lib/python3.7/site-packages/django/urls/base.py", line 86, in reverse
    return resolver._reverse_with_prefix(view, prefix, *args, **kwargs)
  File "/home/administrator/Desktops/Desktop1/study/django/env/lib/python3.7/site-packages/django/urls/resolvers.py", line 698, in _reverse_with_prefix
    raise NoReverseMatch(msg)
django.urls.exceptions.NoReverseMatch: Reverse for 'good_add_image' with no arguments not found. 1 pattern(s) tried: ['goodedit/(?P<good_id>[0-9]+)\\Z']
ERROR 2023-10-27 22:06:37,711 basehttp 11749 139936418490112 "GET /goods/ HTTP/1.1" 500 242011
ERROR 2023-10-27 22:07:19,985 log 11749 139936418490112 Internal Server Error: /goods/
Traceback (most recent call last):
  File "/home/administrator/Desktops/Desktop1/study/django/env/lib/python3.7/site-packages/django/core/handlers/exception.py", line 47, in inner
    response = get_response(request)
  File "/home/administrator/Desktops/Desktop1/study/django/env/lib/python3.7/site-packages/django/core/handlers/base.py", line 181, in _get_response
    response = wrapped_callback(request, *callback_args, **callback_kwargs)
  File "/home/administrator/Desktops/Desktop1/study/django/django/proj_one/hometask_app/views.py", line 37, in all_goods_list
    return render(request,'hometask_app/all_goods.html',{'goods':goods})
  File "/home/administrator/Desktops/Desktop1/study/django/env/lib/python3.7/site-packages/django/shortcuts.py", line 19, in render
    content = loader.render_to_string(template_name, context, request, using=using)
  File "/home/administrator/Desktops/Desktop1/study/django/env/lib/python3.7/site-packages/django/template/loader.py", line 62, in render_to_string
    return template.render(context, request)
  File "/home/administrator/Desktops/Desktop1/study/django/env/lib/python3.7/site-packages/django/template/backends/django.py", line 61, in render
    return self.template.render(context)
  File "/home/administrator/Desktops/Desktop1/study/django/env/lib/python3.7/site-packages/django/template/base.py", line 170, in render
    return self._render(context)
  File "/home/administrator/Desktops/Desktop1/study/django/env/lib/python3.7/site-packages/django/template/base.py", line 162, in _render
    return self.nodelist.render(context)
  File "/home/administrator/Desktops/Desktop1/study/django/env/lib/python3.7/site-packages/django/template/base.py", line 938, in render
    bit = node.render_annotated(context)
  File "/home/administrator/Desktops/Desktop1/study/django/env/lib/python3.7/site-packages/django/template/base.py", line 905, in render_annotated
    return self.render(context)
  File "/home/administrator/Desktops/Desktop1/study/django/env/lib/python3.7/site-packages/django/template/loader_tags.py", line 150, in render
    return compiled_parent._render(context)
  File "/home/administrator/Desktops/Desktop1/study/django/env/lib/python3.7/site-packages/django/template/base.py", line 162, in _render
    return self.nodelist.render(context)
  File "/home/administrator/Desktops/Desktop1/study/django/env/lib/python3.7/site-packages/django/template/base.py", line 938, in render
    bit = node.render_annotated(context)
  File "/home/administrator/Desktops/Desktop1/study/django/env/lib/python3.7/site-packages/django/template/base.py", line 905, in render_annotated
    return self.render(context)
  File "/home/administrator/Desktops/Desktop1/study/django/env/lib/python3.7/site-packages/django/template/loader_tags.py", line 62, in render
    result = block.nodelist.render(context)
  File "/home/administrator/Desktops/Desktop1/study/django/env/lib/python3.7/site-packages/django/template/base.py", line 938, in render
    bit = node.render_annotated(context)
  File "/home/administrator/Desktops/Desktop1/study/django/env/lib/python3.7/site-packages/django/template/base.py", line 905, in render_annotated
    return self.render(context)
  File "/home/administrator/Desktops/Desktop1/study/django/env/lib/python3.7/site-packages/django/template/defaulttags.py", line 315, in render
    return nodelist.render(context)
  File "/home/administrator/Desktops/Desktop1/study/django/env/lib/python3.7/site-packages/django/template/base.py", line 938, in render
    bit = node.render_annotated(context)
  File "/home/administrator/Desktops/Desktop1/study/django/env/lib/python3.7/site-packages/django/template/base.py", line 905, in render_annotated
    return self.render(context)
  File "/home/administrator/Desktops/Desktop1/study/django/env/lib/python3.7/site-packages/django/template/defaulttags.py", line 214, in render
    nodelist.append(node.render_annotated(context))
  File "/home/administrator/Desktops/Desktop1/study/django/env/lib/python3.7/site-packages/django/template/base.py", line 905, in render_annotated
    return self.render(context)
  File "/home/administrator/Desktops/Desktop1/study/django/env/lib/python3.7/site-packages/django/template/defaulttags.py", line 449, in render
    url = reverse(view_name, args=args, kwargs=kwargs, current_app=current_app)
  File "/home/administrator/Desktops/Desktop1/study/django/env/lib/python3.7/site-packages/django/urls/base.py", line 86, in reverse
    return resolver._reverse_with_prefix(view, prefix, *args, **kwargs)
  File "/home/administrator/Desktops/Desktop1/study/django/env/lib/python3.7/site-packages/django/urls/resolvers.py", line 698, in _reverse_with_prefix
    raise NoReverseMatch(msg)
django.urls.exceptions.NoReverseMatch: Reverse for 'good_add_image' with no arguments not found. 1 pattern(s) tried: ['goodedit/(?P<good_id>[0-9]+)\\Z']
ERROR 2023-10-27 22:07:19,986 basehttp 11749 139936418490112 "GET /goods/ HTTP/1.1" 500 242011
ERROR 2023-10-27 22:07:22,348 log 11749 139936418490112 Internal Server Error: /goods/
Traceback (most recent call last):
  File "/home/administrator/Desktops/Desktop1/study/django/env/lib/python3.7/site-packages/django/core/handlers/exception.py", line 47, in inner
    response = get_response(request)
  File "/home/administrator/Desktops/Desktop1/study/django/env/lib/python3.7/site-packages/django/core/handlers/base.py", line 181, in _get_response
    response = wrapped_callback(request, *callback_args, **callback_kwargs)
  File "/home/administrator/Desktops/Desktop1/study/django/django/proj_one/hometask_app/views.py", line 37, in all_goods_list
    return render(request,'hometask_app/all_goods.html',{'goods':goods})
  File "/home/administrator/Desktops/Desktop1/study/django/env/lib/python3.7/site-packages/django/shortcuts.py", line 19, in render
    content = loader.render_to_string(template_name, context, request, using=using)
  File "/home/administrator/Desktops/Desktop1/study/django/env/lib/python3.7/site-packages/django/template/loader.py", line 62, in render_to_string
    return template.render(context, request)
  File "/home/administrator/Desktops/Desktop1/study/django/env/lib/python3.7/site-packages/django/template/backends/django.py", line 61, in render
    return self.template.render(context)
  File "/home/administrator/Desktops/Desktop1/study/django/env/lib/python3.7/site-packages/django/template/base.py", line 170, in render
    return self._render(context)
  File "/home/administrator/Desktops/Desktop1/study/django/env/lib/python3.7/site-packages/django/template/base.py", line 162, in _render
    return self.nodelist.render(context)
  File "/home/administrator/Desktops/Desktop1/study/django/env/lib/python3.7/site-packages/django/template/base.py", line 938, in render
    bit = node.render_annotated(context)
  File "/home/administrator/Desktops/Desktop1/study/django/env/lib/python3.7/site-packages/django/template/base.py", line 905, in render_annotated
    return self.render(context)
  File "/home/administrator/Desktops/Desktop1/study/django/env/lib/python3.7/site-packages/django/template/loader_tags.py", line 150, in render
    return compiled_parent._render(context)
  File "/home/administrator/Desktops/Desktop1/study/django/env/lib/python3.7/site-packages/django/template/base.py", line 162, in _render
    return self.nodelist.render(context)
  File "/home/administrator/Desktops/Desktop1/study/django/env/lib/python3.7/site-packages/django/template/base.py", line 938, in render
    bit = node.render_annotated(context)
  File "/home/administrator/Desktops/Desktop1/study/django/env/lib/python3.7/site-packages/django/template/base.py", line 905, in render_annotated
    return self.render(context)
  File "/home/administrator/Desktops/Desktop1/study/django/env/lib/python3.7/site-packages/django/template/loader_tags.py", line 62, in render
    result = block.nodelist.render(context)
  File "/home/administrator/Desktops/Desktop1/study/django/env/lib/python3.7/site-packages/django/template/base.py", line 938, in render
    bit = node.render_annotated(context)
  File "/home/administrator/Desktops/Desktop1/study/django/env/lib/python3.7/site-packages/django/template/base.py", line 905, in render_annotated
    return self.render(context)
  File "/home/administrator/Desktops/Desktop1/study/django/env/lib/python3.7/site-packages/django/template/defaulttags.py", line 315, in render
    return nodelist.render(context)
  File "/home/administrator/Desktops/Desktop1/study/django/env/lib/python3.7/site-packages/django/template/base.py", line 938, in render
    bit = node.render_annotated(context)
  File "/home/administrator/Desktops/Desktop1/study/django/env/lib/python3.7/site-packages/django/template/base.py", line 905, in render_annotated
    return self.render(context)
  File "/home/administrator/Desktops/Desktop1/study/django/env/lib/python3.7/site-packages/django/template/defaulttags.py", line 214, in render
    nodelist.append(node.render_annotated(context))
  File "/home/administrator/Desktops/Desktop1/study/django/env/lib/python3.7/site-packages/django/template/base.py", line 905, in render_annotated
    return self.render(context)
  File "/home/administrator/Desktops/Desktop1/study/django/env/lib/python3.7/site-packages/django/template/defaulttags.py", line 449, in render
    url = reverse(view_name, args=args, kwargs=kwargs, current_app=current_app)
  File "/home/administrator/Desktops/Desktop1/study/django/env/lib/python3.7/site-packages/django/urls/base.py", line 86, in reverse
    return resolver._reverse_with_prefix(view, prefix, *args, **kwargs)
  File "/home/administrator/Desktops/Desktop1/study/django/env/lib/python3.7/site-packages/django/urls/resolvers.py", line 698, in _reverse_with_prefix
    raise NoReverseMatch(msg)
django.urls.exceptions.NoReverseMatch: Reverse for 'good_add_image' with no arguments not found. 1 pattern(s) tried: ['goodedit/(?P<good_id>[0-9]+)\\Z']
ERROR 2023-10-27 22:07:22,348 basehttp 11749 139936418490112 "GET /goods/ HTTP/1.1" 500 242011
INFO 2023-10-27 22:07:27,772 basehttp 11749 139936418490112 "GET / HTTP/1.1" 200 573
ERROR 2023-10-27 22:07:32,964 log 11749 139936418490112 Internal Server Error: /goods/
Traceback (most recent call last):
  File "/home/administrator/Desktops/Desktop1/study/django/env/lib/python3.7/site-packages/django/core/handlers/exception.py", line 47, in inner
    response = get_response(request)
  File "/home/administrator/Desktops/Desktop1/study/django/env/lib/python3.7/site-packages/django/core/handlers/base.py", line 181, in _get_response
    response = wrapped_callback(request, *callback_args, **callback_kwargs)
  File "/home/administrator/Desktops/Desktop1/study/django/django/proj_one/hometask_app/views.py", line 37, in all_goods_list
    return render(request,'hometask_app/all_goods.html',{'goods':goods})
  File "/home/administrator/Desktops/Desktop1/study/django/env/lib/python3.7/site-packages/django/shortcuts.py", line 19, in render
    content = loader.render_to_string(template_name, context, request, using=using)
  File "/home/administrator/Desktops/Desktop1/study/django/env/lib/python3.7/site-packages/django/template/loader.py", line 62, in render_to_string
    return template.render(context, request)
  File "/home/administrator/Desktops/Desktop1/study/django/env/lib/python3.7/site-packages/django/template/backends/django.py", line 61, in render
    return self.template.render(context)
  File "/home/administrator/Desktops/Desktop1/study/django/env/lib/python3.7/site-packages/django/template/base.py", line 170, in render
    return self._render(context)
  File "/home/administrator/Desktops/Desktop1/study/django/env/lib/python3.7/site-packages/django/template/base.py", line 162, in _render
    return self.nodelist.render(context)
  File "/home/administrator/Desktops/Desktop1/study/django/env/lib/python3.7/site-packages/django/template/base.py", line 938, in render
    bit = node.render_annotated(context)
  File "/home/administrator/Desktops/Desktop1/study/django/env/lib/python3.7/site-packages/django/template/base.py", line 905, in render_annotated
    return self.render(context)
  File "/home/administrator/Desktops/Desktop1/study/django/env/lib/python3.7/site-packages/django/template/loader_tags.py", line 150, in render
    return compiled_parent._render(context)
  File "/home/administrator/Desktops/Desktop1/study/django/env/lib/python3.7/site-packages/django/template/base.py", line 162, in _render
    return self.nodelist.render(context)
  File "/home/administrator/Desktops/Desktop1/study/django/env/lib/python3.7/site-packages/django/template/base.py", line 938, in render
    bit = node.render_annotated(context)
  File "/home/administrator/Desktops/Desktop1/study/django/env/lib/python3.7/site-packages/django/template/base.py", line 905, in render_annotated
    return self.render(context)
  File "/home/administrator/Desktops/Desktop1/study/django/env/lib/python3.7/site-packages/django/template/loader_tags.py", line 62, in render
    result = block.nodelist.render(context)
  File "/home/administrator/Desktops/Desktop1/study/django/env/lib/python3.7/site-packages/django/template/base.py", line 938, in render
    bit = node.render_annotated(context)
  File "/home/administrator/Desktops/Desktop1/study/django/env/lib/python3.7/site-packages/django/template/base.py", line 905, in render_annotated
    return self.render(context)
  File "/home/administrator/Desktops/Desktop1/study/django/env/lib/python3.7/site-packages/django/template/defaulttags.py", line 315, in render
    return nodelist.render(context)
  File "/home/administrator/Desktops/Desktop1/study/django/env/lib/python3.7/site-packages/django/template/base.py", line 938, in render
    bit = node.render_annotated(context)
  File "/home/administrator/Desktops/Desktop1/study/django/env/lib/python3.7/site-packages/django/template/base.py", line 905, in render_annotated
    return self.render(context)
  File "/home/administrator/Desktops/Desktop1/study/django/env/lib/python3.7/site-packages/django/template/defaulttags.py", line 214, in render
    nodelist.append(node.render_annotated(context))
  File "/home/administrator/Desktops/Desktop1/study/django/env/lib/python3.7/site-packages/django/template/base.py", line 905, in render_annotated
    return self.render(context)
  File "/home/administrator/Desktops/Desktop1/study/django/env/lib/python3.7/site-packages/django/template/defaulttags.py", line 449, in render
    url = reverse(view_name, args=args, kwargs=kwargs, current_app=current_app)
  File "/home/administrator/Desktops/Desktop1/study/django/env/lib/python3.7/site-packages/django/urls/base.py", line 86, in reverse
    return resolver._reverse_with_prefix(view, prefix, *args, **kwargs)
  File "/home/administrator/Desktops/Desktop1/study/django/env/lib/python3.7/site-packages/django/urls/resolvers.py", line 698, in _reverse_with_prefix
    raise NoReverseMatch(msg)
django.urls.exceptions.NoReverseMatch: Reverse for 'good_add_image' with no arguments not found. 1 pattern(s) tried: ['goodedit/(?P<good_id>[0-9]+)\\Z']
ERROR 2023-10-27 22:07:32,964 basehttp 11749 139936418490112 "GET /goods/ HTTP/1.1" 500 242011
ERROR 2023-10-27 22:08:27,875 log 11749 139936418490112 Internal Server Error: /goods/
Traceback (most recent call last):
  File "/home/administrator/Desktops/Desktop1/study/django/env/lib/python3.7/site-packages/django/core/handlers/exception.py", line 47, in inner
    response = get_response(request)
  File "/home/administrator/Desktops/Desktop1/study/django/env/lib/python3.7/site-packages/django/core/handlers/base.py", line 181, in _get_response
    response = wrapped_callback(request, *callback_args, **callback_kwargs)
  File "/home/administrator/Desktops/Desktop1/study/django/django/proj_one/hometask_app/views.py", line 37, in all_goods_list
    return render(request,'hometask_app/all_goods.html',{'goods':goods})
  File "/home/administrator/Desktops/Desktop1/study/django/env/lib/python3.7/site-packages/django/shortcuts.py", line 19, in render
    content = loader.render_to_string(template_name, context, request, using=using)
  File "/home/administrator/Desktops/Desktop1/study/django/env/lib/python3.7/site-packages/django/template/loader.py", line 62, in render_to_string
    return template.render(context, request)
  File "/home/administrator/Desktops/Desktop1/study/django/env/lib/python3.7/site-packages/django/template/backends/django.py", line 61, in render
    return self.template.render(context)
  File "/home/administrator/Desktops/Desktop1/study/django/env/lib/python3.7/site-packages/django/template/base.py", line 170, in render
    return self._render(context)
  File "/home/administrator/Desktops/Desktop1/study/django/env/lib/python3.7/site-packages/django/template/base.py", line 162, in _render
    return self.nodelist.render(context)
  File "/home/administrator/Desktops/Desktop1/study/django/env/lib/python3.7/site-packages/django/template/base.py", line 938, in render
    bit = node.render_annotated(context)
  File "/home/administrator/Desktops/Desktop1/study/django/env/lib/python3.7/site-packages/django/template/base.py", line 905, in render_annotated
    return self.render(context)
  File "/home/administrator/Desktops/Desktop1/study/django/env/lib/python3.7/site-packages/django/template/loader_tags.py", line 150, in render
    return compiled_parent._render(context)
  File "/home/administrator/Desktops/Desktop1/study/django/env/lib/python3.7/site-packages/django/template/base.py", line 162, in _render
    return self.nodelist.render(context)
  File "/home/administrator/Desktops/Desktop1/study/django/env/lib/python3.7/site-packages/django/template/base.py", line 938, in render
    bit = node.render_annotated(context)
  File "/home/administrator/Desktops/Desktop1/study/django/env/lib/python3.7/site-packages/django/template/base.py", line 905, in render_annotated
    return self.render(context)
  File "/home/administrator/Desktops/Desktop1/study/django/env/lib/python3.7/site-packages/django/template/loader_tags.py", line 62, in render
    result = block.nodelist.render(context)
  File "/home/administrator/Desktops/Desktop1/study/django/env/lib/python3.7/site-packages/django/template/base.py", line 938, in render
    bit = node.render_annotated(context)
  File "/home/administrator/Desktops/Desktop1/study/django/env/lib/python3.7/site-packages/django/template/base.py", line 905, in render_annotated
    return self.render(context)
  File "/home/administrator/Desktops/Desktop1/study/django/env/lib/python3.7/site-packages/django/template/defaulttags.py", line 315, in render
    return nodelist.render(context)
  File "/home/administrator/Desktops/Desktop1/study/django/env/lib/python3.7/site-packages/django/template/base.py", line 938, in render
    bit = node.render_annotated(context)
  File "/home/administrator/Desktops/Desktop1/study/django/env/lib/python3.7/site-packages/django/template/base.py", line 905, in render_annotated
    return self.render(context)
  File "/home/administrator/Desktops/Desktop1/study/django/env/lib/python3.7/site-packages/django/template/defaulttags.py", line 214, in render
    nodelist.append(node.render_annotated(context))
  File "/home/administrator/Desktops/Desktop1/study/django/env/lib/python3.7/site-packages/django/template/base.py", line 905, in render_annotated
    return self.render(context)
  File "/home/administrator/Desktops/Desktop1/study/django/env/lib/python3.7/site-packages/django/template/defaulttags.py", line 449, in render
    url = reverse(view_name, args=args, kwargs=kwargs, current_app=current_app)
  File "/home/administrator/Desktops/Desktop1/study/django/env/lib/python3.7/site-packages/django/urls/base.py", line 86, in reverse
    return resolver._reverse_with_prefix(view, prefix, *args, **kwargs)
  File "/home/administrator/Desktops/Desktop1/study/django/env/lib/python3.7/site-packages/django/urls/resolvers.py", line 698, in _reverse_with_prefix
    raise NoReverseMatch(msg)
django.urls.exceptions.NoReverseMatch: Reverse for 'good_add_image/<good.pk>' not found. 'good_add_image/<good.pk>' is not a valid view function or pattern name.
ERROR 2023-10-27 22:08:27,876 basehttp 11749 139936418490112 "GET /goods/ HTTP/1.1" 500 240559
ERROR 2023-10-27 22:09:25,833 log 11749 139936418490112 Internal Server Error: /goods/
Traceback (most recent call last):
  File "/home/administrator/Desktops/Desktop1/study/django/env/lib/python3.7/site-packages/django/core/handlers/exception.py", line 47, in inner
    response = get_response(request)
  File "/home/administrator/Desktops/Desktop1/study/django/env/lib/python3.7/site-packages/django/core/handlers/base.py", line 181, in _get_response
    response = wrapped_callback(request, *callback_args, **callback_kwargs)
  File "/home/administrator/Desktops/Desktop1/study/django/django/proj_one/hometask_app/views.py", line 37, in all_goods_list
    return render(request,'hometask_app/all_goods.html',{'goods':goods})
  File "/home/administrator/Desktops/Desktop1/study/django/env/lib/python3.7/site-packages/django/shortcuts.py", line 19, in render
    content = loader.render_to_string(template_name, context, request, using=using)
  File "/home/administrator/Desktops/Desktop1/study/django/env/lib/python3.7/site-packages/django/template/loader.py", line 62, in render_to_string
    return template.render(context, request)
  File "/home/administrator/Desktops/Desktop1/study/django/env/lib/python3.7/site-packages/django/template/backends/django.py", line 61, in render
    return self.template.render(context)
  File "/home/administrator/Desktops/Desktop1/study/django/env/lib/python3.7/site-packages/django/template/base.py", line 170, in render
    return self._render(context)
  File "/home/administrator/Desktops/Desktop1/study/django/env/lib/python3.7/site-packages/django/template/base.py", line 162, in _render
    return self.nodelist.render(context)
  File "/home/administrator/Desktops/Desktop1/study/django/env/lib/python3.7/site-packages/django/template/base.py", line 938, in render
    bit = node.render_annotated(context)
  File "/home/administrator/Desktops/Desktop1/study/django/env/lib/python3.7/site-packages/django/template/base.py", line 905, in render_annotated
    return self.render(context)
  File "/home/administrator/Desktops/Desktop1/study/django/env/lib/python3.7/site-packages/django/template/loader_tags.py", line 150, in render
    return compiled_parent._render(context)
  File "/home/administrator/Desktops/Desktop1/study/django/env/lib/python3.7/site-packages/django/template/base.py", line 162, in _render
    return self.nodelist.render(context)
  File "/home/administrator/Desktops/Desktop1/study/django/env/lib/python3.7/site-packages/django/template/base.py", line 938, in render
    bit = node.render_annotated(context)
  File "/home/administrator/Desktops/Desktop1/study/django/env/lib/python3.7/site-packages/django/template/base.py", line 905, in render_annotated
    return self.render(context)
  File "/home/administrator/Desktops/Desktop1/study/django/env/lib/python3.7/site-packages/django/template/loader_tags.py", line 62, in render
    result = block.nodelist.render(context)
  File "/home/administrator/Desktops/Desktop1/study/django/env/lib/python3.7/site-packages/django/template/base.py", line 938, in render
    bit = node.render_annotated(context)
  File "/home/administrator/Desktops/Desktop1/study/django/env/lib/python3.7/site-packages/django/template/base.py", line 905, in render_annotated
    return self.render(context)
  File "/home/administrator/Desktops/Desktop1/study/django/env/lib/python3.7/site-packages/django/template/defaulttags.py", line 315, in render
    return nodelist.render(context)
  File "/home/administrator/Desktops/Desktop1/study/django/env/lib/python3.7/site-packages/django/template/base.py", line 938, in render
    bit = node.render_annotated(context)
  File "/home/administrator/Desktops/Desktop1/study/django/env/lib/python3.7/site-packages/django/template/base.py", line 905, in render_annotated
    return self.render(context)
  File "/home/administrator/Desktops/Desktop1/study/django/env/lib/python3.7/site-packages/django/template/defaulttags.py", line 214, in render
    nodelist.append(node.render_annotated(context))
  File "/home/administrator/Desktops/Desktop1/study/django/env/lib/python3.7/site-packages/django/template/base.py", line 905, in render_annotated
    return self.render(context)
  File "/home/administrator/Desktops/Desktop1/study/django/env/lib/python3.7/site-packages/django/template/defaulttags.py", line 449, in render
    url = reverse(view_name, args=args, kwargs=kwargs, current_app=current_app)
  File "/home/administrator/Desktops/Desktop1/study/django/env/lib/python3.7/site-packages/django/urls/base.py", line 86, in reverse
    return resolver._reverse_with_prefix(view, prefix, *args, **kwargs)
  File "/home/administrator/Desktops/Desktop1/study/django/env/lib/python3.7/site-packages/django/urls/resolvers.py", line 698, in _reverse_with_prefix
    raise NoReverseMatch(msg)
django.urls.exceptions.NoReverseMatch: Reverse for 'good_add_image' with no arguments not found. 1 pattern(s) tried: ['goodedit/(?P<good_id>[0-9]+)\\Z']
ERROR 2023-10-27 22:09:25,834 basehttp 11749 139936418490112 "GET /goods/ HTTP/1.1" 500 242011
INFO 2023-10-27 22:11:55,463 basehttp 11749 139936418490112 "GET /goods/ HTTP/1.1" 200 17367
INFO 2023-10-27 22:11:56,921 basehttp 11749 139936418490112 "GET /goodedit/1 HTTP/1.1" 200 1090
INFO 2023-10-27 22:11:56,955 basehttp 11749 139936418490112 "GET /static/media/hometask_app/noimage.png HTTP/1.1" 304 0
INFO 2023-10-27 22:12:06,032 basehttp 11749 139936418490112 "POST /goodedit/1 HTTP/1.1" 200 1150
INFO 2023-10-27 22:13:41,203 autoreload 11749 139936458909504 /home/administrator/Desktops/Desktop1/study/django/django/proj_one/hometask_app/views.py changed, reloading.
INFO 2023-10-27 22:13:41,367 autoreload 12163 133680551888704 Watching for file changes with StatReloader
INFO 2023-10-27 22:13:49,260 basehttp 12163 133680511469312 "GET /goods/ HTTP/1.1" 200 17367
INFO 2023-10-27 22:13:51,085 basehttp 12163 133680511469312 "GET /goodedit/10 HTTP/1.1" 200 1093
INFO 2023-10-27 22:13:58,790 basehttp 12163 133680511469312 "POST /goodedit/10 HTTP/1.1" 200 1153
INFO 2023-10-27 22:18:14,492 autoreload 12163 133680551888704 /home/administrator/Desktops/Desktop1/study/django/django/proj_one/hometask_app/views.py changed, reloading.
INFO 2023-10-27 22:18:14,665 autoreload 12319 136792002107200 Watching for file changes with StatReloader
ERROR 2023-10-27 22:18:19,566 log 12319 136791889803008 Internal Server Error: /goodedit/10
Traceback (most recent call last):
  File "/home/administrator/Desktops/Desktop1/study/django/env/lib/python3.7/site-packages/django/core/handlers/exception.py", line 47, in inner
    response = get_response(request)
  File "/home/administrator/Desktops/Desktop1/study/django/env/lib/python3.7/site-packages/django/core/handlers/base.py", line 181, in _get_response
    response = wrapped_callback(request, *callback_args, **callback_kwargs)
  File "/home/administrator/Desktops/Desktop1/study/django/django/proj_one/hometask_app/views.py", line 45, in good_add_image
    print(form.image.initial)
AttributeError: 'AddImageToGoodForm' object has no attribute 'image'
ERROR 2023-10-27 22:18:19,567 basehttp 12319 136791889803008 "POST /goodedit/10 HTTP/1.1" 500 69913
INFO 2023-10-27 22:20:22,998 autoreload 12319 136792002107200 /home/administrator/Desktops/Desktop1/study/django/django/proj_one/hometask_app/views.py changed, reloading.
INFO 2023-10-27 22:20:23,168 autoreload 12404 137246383011648 Watching for file changes with StatReloader
INFO 2023-10-27 22:20:28,639 basehttp 12404 137246342592256 "POST /goodedit/10 HTTP/1.1" 200 1155
INFO 2023-10-27 22:20:41,336 basehttp 12404 137246342592256 "POST /goodedit/10 HTTP/1.1" 200 1155
INFO 2023-10-27 22:22:35,731 autoreload 12404 137246383011648 /home/administrator/Desktops/Desktop1/study/django/django/proj_one/hometask_app/views.py changed, reloading.
INFO 2023-10-27 22:22:35,896 autoreload 12537 128189480171328 Watching for file changes with StatReloader
INFO 2023-10-27 22:22:44,063 basehttp 12537 128189439751936 "POST /goodedit/10 HTTP/1.1" 200 1155
INFO 2023-10-27 22:23:28,623 autoreload 12537 128189480171328 /home/administrator/Desktops/Desktop1/study/django/django/proj_one/hometask_app/views.py changed, reloading.
INFO 2023-10-27 22:23:28,793 autoreload 12619 137060492658496 Watching for file changes with StatReloader
INFO 2023-10-27 22:23:35,955 basehttp 12619 137060452239104 "POST /goodedit/10 HTTP/1.1" 200 1155
INFO 2023-10-27 22:23:43,205 basehttp 12619 137060452239104 "POST /goodedit/10 HTTP/1.1" 200 1155
INFO 2023-10-27 22:24:08,163 basehttp 12619 137060452239104 "POST /goodedit/10 HTTP/1.1" 200 1155
INFO 2023-10-27 22:26:29,451 basehttp 12619 137060452239104 "GET /goods/ HTTP/1.1" 200 17367
INFO 2023-10-27 22:26:30,992 basehttp 12619 137060452239104 "GET /goodedit/7 HTTP/1.1" 200 1122
INFO 2023-10-27 22:26:35,867 basehttp 12619 137060452239104 "POST /goodedit/7 HTTP/1.1" 200 1112
WARNING 2023-10-27 22:26:35,904 basehttp 12619 137060452239104 "GET /static/media/hometask_app/image7 HTTP/1.1" 404 1834
INFO 2023-10-27 22:26:42,068 basehttp 12619 137060452239104 "POST /goodedit/7 HTTP/1.1" 200 1112
WARNING 2023-10-27 22:26:42,080 basehttp 12619 137060452239104 "GET /static/media/hometask_app/image7 HTTP/1.1" 404 1834
INFO 2023-10-27 22:26:46,279 basehttp 12619 137060452239104 "GET /goodedit/7 HTTP/1.1" 200 1112
INFO 2023-10-27 22:26:48,731 basehttp 12619 137060452239104 "GET /goodedit/7 HTTP/1.1" 200 1112
WARNING 2023-10-27 22:26:48,774 basehttp 12619 137060452239104 "GET /static/media/hometask_app/image7 HTTP/1.1" 404 1834
INFO 2023-10-27 22:30:31,230 autoreload 12619 137060492658496 /home/administrator/Desktops/Desktop1/study/django/django/proj_one/proj_one/settings.py changed, reloading.
INFO 2023-10-27 22:30:31,430 autoreload 12986 133152306562880 Watching for file changes with StatReloader
INFO 2023-10-27 22:30:38,084 basehttp 12986 133152266143488 "GET / HTTP/1.1" 200 573
INFO 2023-10-27 22:30:38,217 basehttp 12986 133152266143488 "GET /static/bootstrap.min.css HTTP/1.1" 200 4096
INFO 2023-10-27 22:30:48,684 basehttp 12986 133152266143488 "GET /goods/ HTTP/1.1" 200 17362
INFO 2023-10-27 22:30:50,619 basehttp 12986 133152266143488 "GET /goodedit/7 HTTP/1.1" 200 1112
WARNING 2023-10-27 22:30:50,652 basehttp 12986 133152266143488 "GET /static/media/hometask_app/image7 HTTP/1.1" 404 1834
INFO 2023-10-27 22:30:57,342 basehttp 12986 133152266143488 "POST /goodedit/7 HTTP/1.1" 200 1112
WARNING 2023-10-27 22:30:57,374 basehttp 12986 133152266143488 "GET /static/media/hometask_app/image7 HTTP/1.1" 404 1834
INFO 2023-10-27 22:31:04,301 basehttp 12986 133152266143488 "GET /goods/ HTTP/1.1" 200 17362
INFO 2023-10-27 22:31:06,149 basehttp 12986 133152266143488 "GET /goodedit/7 HTTP/1.1" 200 1112
WARNING 2023-10-27 22:31:06,199 basehttp 12986 133152266143488 "GET /static/media/hometask_app/image7 HTTP/1.1" 404 1834
INFO 2023-10-27 22:32:57,052 autoreload 12986 133152306562880 /home/administrator/Desktops/Desktop1/study/django/django/proj_one/proj_one/settings.py changed, reloading.
INFO 2023-10-27 22:32:57,221 autoreload 13524 135984473593664 Watching for file changes with StatReloader
INFO 2023-10-27 22:33:13,451 autoreload 13524 135984473593664 /home/administrator/Desktops/Desktop1/study/django/django/proj_one/hometask_app/views.py changed, reloading.
INFO 2023-10-27 22:33:13,606 autoreload 13568 130910674859840 Watching for file changes with StatReloader
INFO 2023-10-27 22:33:24,787 basehttp 13568 130910634440448 "GET /goods/ HTTP/1.1" 200 17362
INFO 2023-10-27 22:33:26,978 basehttp 13568 130910634440448 "GET /goodedit/7 HTTP/1.1" 200 1112
WARNING 2023-10-27 22:33:27,014 basehttp 13568 130910634440448 "GET /static/media/hometask_app/image7 HTTP/1.1" 404 1834
INFO 2023-10-27 22:33:31,028 basehttp 13568 130910634440448 "POST /goodedit/7 HTTP/1.1" 200 1112
INFO 2023-10-27 22:33:31,056 basehttp 13568 130910634440448 "GET /static/media/hometask_app/image7 HTTP/1.1" 200 2172
INFO 2023-10-27 22:33:44,781 basehttp 13568 130910634440448 "GET /goods/ HTTP/1.1" 200 17362
INFO 2023-10-27 22:33:47,583 basehttp 13568 130910634440448 "GET /goodedit/3 HTTP/1.1" 200 1122
INFO 2023-10-27 22:33:47,621 basehttp 13568 130910634440448 "GET /static/media/hometask_app/noimage.png HTTP/1.1" 304 0
INFO 2023-10-27 22:33:58,117 basehttp 13568 130910634440448 "POST /goodedit/3 HTTP/1.1" 200 1112
INFO 2023-10-27 22:33:58,134 basehttp 13568 130910634440448 "GET /static/media/hometask_app/image3 HTTP/1.1" 200 2172
INFO 2023-10-27 22:34:06,697 basehttp 13568 130910634440448 "GET /goods/ HTTP/1.1" 200 17357
INFO 2023-10-27 22:34:16,780 basehttp 13568 130910634440448 "GET /goodedit/7 HTTP/1.1" 200 1112
INFO 2023-10-27 22:34:16,806 basehttp 13568 130910634440448 "GET /static/media/hometask_app/image7 HTTP/1.1" 304 0
INFO 2023-10-27 22:34:19,595 basehttp 13568 130910634440448 "GET /goodedit/3 HTTP/1.1" 200 1112
INFO 2023-10-27 22:34:19,633 basehttp 13568 130910634440448 "GET /static/media/hometask_app/image3 HTTP/1.1" 304 0
INFO 2023-10-27 22:34:25,748 basehttp 13568 130910634440448 "GET /goodedit/7 HTTP/1.1" 200 1112
INFO 2023-10-27 22:34:25,774 basehttp 13568 130910634440448 "GET /static/media/hometask_app/image7 HTTP/1.1" 304 0
INFO 2023-10-27 22:34:28,674 basehttp 13568 130910634440448 "GET /goodedit/3 HTTP/1.1" 200 1112
INFO 2023-10-27 22:34:28,714 basehttp 13568 130910634440448 "GET /static/media/hometask_app/image3 HTTP/1.1" 304 0
INFO 2023-10-28 20:03:41,498 autoreload 3484 140007889147712 Watching for file changes with StatReloader
INFO 2023-10-28 20:03:43,806 basehttp 3484 140007848728320 "GET / HTTP/1.1" 200 573
INFO 2023-10-28 20:03:43,848 basehttp 3484 140007848728320 "GET /static/bootstrap.min.css HTTP/1.1" 200 232948
WARNING 2023-10-28 20:03:43,902 log 3484 140007848728320 Not Found: /favicon.ico
WARNING 2023-10-28 20:03:43,903 basehttp 3484 140007848728320 "GET /favicon.ico HTTP/1.1" 404 3037
INFO 2023-10-28 20:03:47,735 basehttp 3484 140007848728320 "GET /goods/ HTTP/1.1" 200 17357
INFO 2023-10-28 20:03:49,713 basehttp 3484 140007848728320 "GET /goodedit/3 HTTP/1.1" 200 1112
INFO 2023-10-28 20:03:49,759 basehttp 3484 140007848728320 "GET /static/media/hometask_app/image3 HTTP/1.1" 304 0
INFO 2023-10-28 20:03:53,785 basehttp 3484 140007848728320 "GET /goodedit/1 HTTP/1.1" 200 1122
INFO 2023-10-28 20:03:53,814 basehttp 3484 140007848728320 "GET /static/media/hometask_app/noimage.png HTTP/1.1" 304 0
INFO 2023-10-28 20:04:01,452 basehttp 3484 140007848728320 "GET /goodedit/1 HTTP/1.1" 200 1122
INFO 2023-10-28 20:04:06,388 basehttp 3484 140007848728320 "POST /goodedit/1 HTTP/1.1" 200 1112
INFO 2023-10-28 20:04:06,426 basehttp 3484 140007848728320 "GET /static/media/hometask_app/image1 HTTP/1.1" 200 2172
INFO 2023-10-28 20:04:24,022 basehttp 3484 140007848728320 "GET / HTTP/1.1" 200 573
INFO 2023-10-28 20:04:26,384 basehttp 3484 140007848728320 "GET /about/ HTTP/1.1" 200 406
INFO 2023-10-28 20:04:31,746 basehttp 3484 140007848728320 "GET / HTTP/1.1" 200 573
INFO 2023-10-28 20:08:12,079 autoreload 4137 133117614806848 Watching for file changes with StatReloader
INFO 2023-10-28 20:08:16,235 basehttp 4137 133117574387456 "GET / HTTP/1.1" 200 573
INFO 2023-10-28 20:08:22,599 basehttp 4137 133117574387456 "GET /admin HTTP/1.1" 301 0
INFO 2023-10-28 20:08:22,613 basehttp 4137 133117574387456 "GET /admin/ HTTP/1.1" 302 0
INFO 2023-10-28 20:08:22,671 basehttp 4137 133117574387456 "GET /admin/login/?next=/admin/ HTTP/1.1" 200 2214
INFO 2023-10-28 20:08:22,746 basehttp 4137 133117564946176 "GET /static/admin/css/nav_sidebar.css HTTP/1.1" 200 2271
INFO 2023-10-28 20:08:22,747 basehttp 4137 133117574387456 "GET /static/admin/css/base.css HTTP/1.1" 200 19513
INFO 2023-10-28 20:08:22,748 basehttp 4137 133117343954688 "GET /static/admin/css/login.css HTTP/1.1" 200 939
INFO 2023-10-28 20:08:22,748 basehttp 4137 133117556553472 "GET /static/admin/js/nav_sidebar.js HTTP/1.1" 200 1360
INFO 2023-10-28 20:08:22,749 basehttp 4137 133117335561984 "GET /static/admin/css/responsive.css HTTP/1.1" 200 18545
INFO 2023-10-28 20:08:22,790 basehttp 4137 133117574387456 "GET /static/admin/css/fonts.css HTTP/1.1" 200 423
INFO 2023-10-28 20:08:22,838 basehttp 4137 133117335561984 "GET /static/admin/fonts/Roboto-Light-webfont.woff HTTP/1.1" 200 85692
INFO 2023-10-28 20:08:22,839 basehttp 4137 133117574387456 "GET /static/admin/fonts/Roboto-Regular-webfont.woff HTTP/1.1" 200 85876
INFO 2023-10-28 20:08:35,750 basehttp 4137 133117574387456 "POST /admin/login/?next=/admin/ HTTP/1.1" 302 0
INFO 2023-10-28 20:08:35,765 basehttp 4137 133117574387456 "GET /admin/ HTTP/1.1" 200 3332
INFO 2023-10-28 20:08:35,840 basehttp 4137 133117574387456 "GET /static/admin/css/dashboard.css HTTP/1.1" 200 380
INFO 2023-10-28 20:08:35,888 basehttp 4137 133117574387456 "GET /static/admin/img/icon-addlink.svg HTTP/1.1" 200 331
INFO 2023-10-28 20:08:35,888 basehttp 4137 133117335561984 "GET /static/admin/img/icon-changelink.svg HTTP/1.1" 200 380
INFO 2023-10-28 20:08:35,902 basehttp 4137 133117335561984 "GET /static/admin/fonts/Roboto-Bold-webfont.woff HTTP/1.1" 200 86184
INFO 2023-10-28 20:08:46,467 basehttp 4137 133117335561984 "GET /admin/auth/user/add/ HTTP/1.1" 200 6881
INFO 2023-10-28 20:08:46,486 basehttp 4137 133117335561984 "GET /static/admin/css/forms.css HTTP/1.1" 200 8804
INFO 2023-10-28 20:08:46,494 basehttp 4137 133117574387456 "GET /admin/jsi18n/ HTTP/1.1" 200 3195
INFO 2023-10-28 20:08:46,495 basehttp 4137 133117556553472 "GET /static/admin/js/jquery.init.js HTTP/1.1" 200 347
INFO 2023-10-28 20:08:46,499 basehttp 4137 133117556553472 "GET /static/admin/js/urlify.js HTTP/1.1" 200 7902
INFO 2023-10-28 20:08:46,500 basehttp 4137 133117574387456 "GET /static/admin/js/actions.js HTTP/1.1" 200 7867
INFO 2023-10-28 20:08:46,500 basehttp 4137 133117325068032 "GET /static/admin/js/admin/RelatedObjectLookups.js HTTP/1.1" 200 5984
INFO 2023-10-28 20:08:46,502 basehttp 4137 133117343954688 "GET /static/admin/js/core.js HTTP/1.1" 200 5698
INFO 2023-10-28 20:08:46,502 basehttp 4137 133117325068032 "GET /static/admin/js/prepopulate.js HTTP/1.1" 200 1531
INFO 2023-10-28 20:08:46,505 basehttp 4137 133117564946176 "GET /static/admin/js/vendor/jquery/jquery.js HTTP/1.1" 200 287630
INFO 2023-10-28 20:08:46,508 basehttp 4137 133117564946176 "GET /static/admin/js/change_form.js HTTP/1.1" 200 606
INFO 2023-10-28 20:08:46,508 basehttp 4137 133117343954688 "GET /static/admin/js/vendor/xregexp/xregexp.js HTTP/1.1" 200 232381
INFO 2023-10-28 20:08:46,528 basehttp 4137 133117335561984 "GET /static/admin/js/prepopulate_init.js HTTP/1.1" 200 492
INFO 2023-10-28 20:08:46,545 basehttp 4137 133117556553472 "GET /static/admin/css/widgets.css HTTP/1.1" 200 11097
INFO 2023-10-28 20:09:19,376 basehttp 4137 133117564946176 "POST /admin/auth/user/add/ HTTP/1.1" 200 7118
INFO 2023-10-28 20:09:19,430 basehttp 4137 133117564946176 "GET /admin/jsi18n/ HTTP/1.1" 200 3195
INFO 2023-10-28 20:09:52,664 basehttp 4137 133117564946176 "POST /admin/auth/user/add/ HTTP/1.1" 200 7043
INFO 2023-10-28 20:09:52,722 basehttp 4137 133117564946176 "GET /admin/jsi18n/ HTTP/1.1" 200 3195
INFO 2023-10-28 20:10:12,569 basehttp 4137 133117564946176 "POST /admin/auth/user/add/ HTTP/1.1" 200 7043
INFO 2023-10-28 20:10:12,629 basehttp 4137 133117564946176 "GET /admin/jsi18n/ HTTP/1.1" 200 3195
INFO 2023-10-28 20:10:32,248 basehttp 4137 133117564946176 "POST /admin/auth/user/add/ HTTP/1.1" 200 7043
INFO 2023-10-28 20:10:32,284 basehttp 4137 133117564946176 "GET /admin/jsi18n/ HTTP/1.1" 200 3195
INFO 2023-10-28 20:10:49,306 basehttp 4137 133117564946176 "POST /admin/auth/user/add/ HTTP/1.1" 302 0
INFO 2023-10-28 20:10:49,355 basehttp 4137 133117564946176 "GET /admin/auth/user/2/change/ HTTP/1.1" 200 16089
INFO 2023-10-28 20:10:49,437 basehttp 4137 133117556553472 "GET /static/admin/js/calendar.js HTTP/1.1" 200 8466
INFO 2023-10-28 20:10:49,438 basehttp 4137 133117564946176 "GET /admin/jsi18n/ HTTP/1.1" 200 3195
INFO 2023-10-28 20:10:49,439 basehttp 4137 133117335561984 "GET /static/admin/js/admin/DateTimeShortcuts.js HTTP/1.1" 200 19634
INFO 2023-10-28 20:10:49,440 basehttp 4137 133117335561984 "GET /static/admin/js/SelectBox.js HTTP/1.1" 200 4360
INFO 2023-10-28 20:10:49,441 basehttp 4137 133117556553472 "GET /static/admin/js/SelectFilter2.js HTTP/1.1" 200 12350
INFO 2023-10-28 20:10:49,506 basehttp 4137 133117564946176 "GET /static/admin/img/icon-yes.svg HTTP/1.1" 200 436
INFO 2023-10-28 20:10:49,559 basehttp 4137 133117335561984 "GET /static/admin/img/search.svg HTTP/1.1" 200 458
INFO 2023-10-28 20:10:49,559 basehttp 4137 133117564946176 "GET /static/admin/img/icon-unknown.svg HTTP/1.1" 200 655
INFO 2023-10-28 20:10:49,560 basehttp 4137 133117556553472 "GET /static/admin/img/selector-icons.svg HTTP/1.1" 200 3291
INFO 2023-10-28 20:10:49,561 basehttp 4137 133117335561984 "GET /static/admin/img/icon-unknown-alt.svg HTTP/1.1" 200 655
INFO 2023-10-28 20:10:49,562 basehttp 4137 133117556553472 "GET /static/admin/img/icon-calendar.svg HTTP/1.1" 200 1086
INFO 2023-10-28 20:10:49,562 basehttp 4137 133117343954688 "GET /static/admin/img/icon-clock.svg HTTP/1.1" 200 677
INFO 2023-10-28 20:11:31,385 basehttp 4137 133117564946176 "GET /admin/auth/group/ HTTP/1.1" 200 4758
INFO 2023-10-28 20:11:31,423 basehttp 4137 133117564946176 "GET /static/admin/css/changelists.css HTTP/1.1" 200 6874
INFO 2023-10-28 20:11:31,425 basehttp 4137 133117335561984 "GET /admin/jsi18n/ HTTP/1.1" 200 3195
INFO 2023-10-28 20:11:31,477 basehttp 4137 133117564946176 "GET /static/admin/img/tooltag-add.svg HTTP/1.1" 200 331
INFO 2023-10-28 20:11:34,115 basehttp 4137 133117564946176 "GET /admin/auth/group/add/ HTTP/1.1" 200 8493
INFO 2023-10-28 20:11:34,142 basehttp 4137 133117564946176 "GET /admin/jsi18n/ HTTP/1.1" 200 3195
INFO 2023-10-28 20:12:38,434 basehttp 4137 133117564946176 "POST /admin/auth/group/add/ HTTP/1.1" 302 0
INFO 2023-10-28 20:12:38,464 basehttp 4137 133117564946176 "GET /admin/auth/group/ HTTP/1.1" 200 6093
INFO 2023-10-28 20:12:38,546 basehttp 4137 133117564946176 "GET /admin/jsi18n/ HTTP/1.1" 200 3195
INFO 2023-10-28 20:12:43,339 basehttp 4137 133117564946176 "GET /admin/auth/group/1/change/ HTTP/1.1" 200 8820
INFO 2023-10-28 20:12:43,450 basehttp 4137 133117564946176 "GET /admin/jsi18n/ HTTP/1.1" 200 3195
INFO 2023-10-28 20:12:48,079 basehttp 4137 133117564946176 "GET /admin/auth/user/ HTTP/1.1" 200 8479
INFO 2023-10-28 20:12:48,106 basehttp 4137 133117564946176 "GET /admin/jsi18n/ HTTP/1.1" 200 3195
INFO 2023-10-28 20:12:48,154 basehttp 4137 133117335561984 "GET /static/admin/img/icon-no.svg HTTP/1.1" 200 560
INFO 2023-10-28 20:12:48,169 basehttp 4137 133117564946176 "GET /static/admin/img/sorting-icons.svg HTTP/1.1" 200 1097
INFO 2023-10-28 20:12:50,626 basehttp 4137 133117564946176 "GET /admin/auth/user/2/change/ HTTP/1.1" 200 15906
INFO 2023-10-28 20:12:50,662 basehttp 4137 133117564946176 "GET /admin/jsi18n/ HTTP/1.1" 200 3195
INFO 2023-10-28 20:12:57,221 basehttp 4137 133117564946176 "POST /admin/auth/user/2/change/ HTTP/1.1" 302 0
INFO 2023-10-28 20:12:57,241 basehttp 4137 133117564946176 "GET /admin/auth/user/ HTTP/1.1" 200 8672
INFO 2023-10-28 20:12:57,326 basehttp 4137 133117564946176 "GET /admin/jsi18n/ HTTP/1.1" 200 3195
INFO 2023-10-28 20:13:02,880 basehttp 4137 133117564946176 "GET /admin/auth/user/2/change/ HTTP/1.1" 200 15915
INFO 2023-10-28 20:13:02,915 basehttp 4137 133117564946176 "GET /admin/jsi18n/ HTTP/1.1" 200 3195
INFO 2023-10-28 20:13:06,990 basehttp 4137 133117564946176 "POST /admin/auth/user/2/change/ HTTP/1.1" 302 0
INFO 2023-10-28 20:13:07,014 basehttp 4137 133117564946176 "GET /admin/auth/user/ HTTP/1.1" 200 8672
INFO 2023-10-28 20:13:07,083 basehttp 4137 133117564946176 "GET /admin/jsi18n/ HTTP/1.1" 200 3195
INFO 2023-10-28 20:23:22,108 autoreload 5672 136984063379264 Watching for file changes with StatReloader
INFO 2023-10-28 20:23:26,119 basehttp 5672 136983955371776 "GET / HTTP/1.1" 200 573
INFO 2023-10-28 20:23:26,150 basehttp 5672 136983955371776 "GET /static/bootstrap.min.css HTTP/1.1" 200 4096
WARNING 2023-10-28 20:23:26,154 log 5672 136983946979072 Not Found: /favicon.ico
WARNING 2023-10-28 20:23:26,155 basehttp 5672 136983946979072 "GET /favicon.ico HTTP/1.1" 404 3037
INFO 2023-10-28 20:23:33,184 basehttp 5672 136983946979072 "GET /admin/ HTTP/1.1" 200 4482
INFO 2023-10-28 20:23:33,223 basehttp 5672 136983946979072 "GET /static/admin/img/icon-addlink.svg HTTP/1.1" 200 331
INFO 2023-10-28 20:23:33,224 basehttp 5672 136983955371776 "GET /static/admin/img/icon-changelink.svg HTTP/1.1" 200 380
INFO 2023-10-28 20:23:42,407 autoreload 5672 136984063379264 /home/administrator/Desktops/Desktop1/study/django/django/proj_one/hometask_app/admin.py changed, reloading.
INFO 2023-10-28 20:23:42,579 autoreload 5823 135558084413248 Watching for file changes with StatReloader
INFO 2023-10-28 20:23:51,755 autoreload 5823 135558084413248 /home/administrator/Desktops/Desktop1/study/django/django/proj_one/hometask_app/admin.py changed, reloading.
INFO 2023-10-28 20:23:51,919 autoreload 5848 132301503612736 Watching for file changes with StatReloader
INFO 2023-10-28 20:24:05,127 autoreload 5848 132301503612736 /home/administrator/Desktops/Desktop1/study/django/django/proj_one/hometask_app/admin.py changed, reloading.
INFO 2023-10-28 20:24:05,281 autoreload 5886 136204365309760 Watching for file changes with StatReloader
INFO 2023-10-28 20:24:42,624 autoreload 5886 136204365309760 /home/administrator/Desktops/Desktop1/study/django/django/proj_one/hometask_app/admin.py changed, reloading.
INFO 2023-10-28 20:24:42,777 autoreload 5922 124100013360960 Watching for file changes with StatReloader
INFO 2023-10-28 20:24:45,466 basehttp 5922 124099972941568 "GET /admin/ HTTP/1.1" 200 6049
INFO 2023-10-28 20:24:49,548 basehttp 5922 124099972941568 "GET /admin/hometask_app/client/ HTTP/1.1" 200 36415
INFO 2023-10-28 20:24:49,594 basehttp 5922 124099972941568 "GET /admin/jsi18n/ HTTP/1.1" 200 3195
INFO 2023-10-28 20:24:49,617 basehttp 5922 124099972941568 "GET /static/admin/img/tooltag-add.svg HTTP/1.1" 200 331
INFO 2023-10-28 20:24:58,334 basehttp 5922 124099972941568 "GET /admin/hometask_app/client/100/change/ HTTP/1.1" 200 9047
INFO 2023-10-28 20:24:58,358 basehttp 5922 124099972941568 "GET /admin/jsi18n/ HTTP/1.1" 200 3195
INFO 2023-10-28 20:24:58,358 basehttp 5922 124099962451712 "GET /static/admin/js/admin/DateTimeShortcuts.js HTTP/1.1" 200 19634
INFO 2023-10-28 20:24:58,364 basehttp 5922 124099962451712 "GET /static/admin/js/change_form.js HTTP/1.1" 200 606
INFO 2023-10-28 20:24:58,368 basehttp 5922 124099962451712 "GET /static/admin/js/prepopulate_init.js HTTP/1.1" 200 492
INFO 2023-10-28 20:24:58,457 basehttp 5922 124099972941568 "GET /static/admin/img/icon-calendar.svg HTTP/1.1" 200 1086
INFO 2023-10-28 20:25:07,820 basehttp 5922 124099972941568 "GET /admin/hometask_app/goodone/ HTTP/1.1" 200 39306
INFO 2023-10-28 20:25:07,859 basehttp 5922 124099972941568 "GET /admin/jsi18n/ HTTP/1.1" 200 3195
INFO 2023-10-28 20:25:10,270 basehttp 5922 124099972941568 "GET /admin/hometask_app/order/ HTTP/1.1" 200 81747
INFO 2023-10-28 20:25:10,314 basehttp 5922 124099972941568 "GET /admin/jsi18n/ HTTP/1.1" 200 3195
INFO 2023-10-28 20:25:20,399 basehttp 5922 124099972941568 "GET /admin/hometask_app/order/?p=19 HTTP/1.1" 200 7959
INFO 2023-10-28 20:25:20,422 basehttp 5922 124099972941568 "GET /admin/jsi18n/ HTTP/1.1" 200 3195
INFO 2023-10-28 20:25:23,313 basehttp 5922 124099972941568 "GET /admin/hometask_app/order/?p=18 HTTP/1.1" 200 83045
INFO 2023-10-28 20:25:23,334 basehttp 5922 124099972941568 "GET /admin/jsi18n/ HTTP/1.1" 200 3195
INFO 2023-10-28 20:25:55,138 basehttp 5922 124099972941568 "GET /admin/hometask_app/client/ HTTP/1.1" 200 36415
INFO 2023-10-28 20:25:55,175 basehttp 5922 124099972941568 "GET /admin/jsi18n/ HTTP/1.1" 200 3195
INFO 2023-10-28 20:25:56,485 basehttp 5922 124099972941568 "GET /admin/hometask_app/goodone/ HTTP/1.1" 200 39306
INFO 2023-10-28 20:25:56,517 basehttp 5922 124099972941568 "GET /admin/jsi18n/ HTTP/1.1" 200 3195
INFO 2023-10-28 20:25:57,901 basehttp 5922 124099972941568 "GET /admin/hometask_app/order/ HTTP/1.1" 200 81747
INFO 2023-10-28 20:25:57,926 basehttp 5922 124099972941568 "GET /admin/jsi18n/ HTTP/1.1" 200 3195
INFO 2023-10-28 20:26:00,291 basehttp 5922 124099972941568 "GET /admin/hometask_app/goodone/ HTTP/1.1" 200 39306
INFO 2023-10-28 20:26:00,315 basehttp 5922 124099972941568 "GET /admin/jsi18n/ HTTP/1.1" 200 3195
INFO 2023-10-28 20:26:02,683 basehttp 5922 124099972941568 "GET /admin/hometask_app/client/ HTTP/1.1" 200 36415
INFO 2023-10-28 20:26:02,735 basehttp 5922 124099972941568 "GET /admin/jsi18n/ HTTP/1.1" 200 3195
INFO 2023-10-28 20:26:07,853 basehttp 5922 124099972941568 "GET /admin/hometask_app/client/100/change/ HTTP/1.1" 200 9047
INFO 2023-10-28 20:26:07,874 basehttp 5922 124099972941568 "GET /admin/jsi18n/ HTTP/1.1" 200 3195
INFO 2023-10-28 21:04:05,332 basehttp 5922 124099972941568 "GET /admin/hometask_app/client/100/history/ HTTP/1.1" 200 4792
INFO 2023-10-28 21:04:30,541 basehttp 5922 124099972941568 "GET /admin/hometask_app/client/100/change/ HTTP/1.1" 200 9047
INFO 2023-10-28 21:16:54,296 autoreload 5922 124100013360960 /home/administrator/Desktops/Desktop1/study/django/django/proj_one/hometask_app/models.py changed, reloading.
INFO 2023-10-28 21:16:54,470 autoreload 6561 128639460214592 Watching for file changes with StatReloader
INFO 2023-10-28 21:16:56,683 basehttp 6561 128639419795200 "GET /admin/hometask_app/client/ HTTP/1.1" 200 29131
INFO 2023-10-28 21:16:56,719 basehttp 6561 128639419795200 "GET /admin/jsi18n/ HTTP/1.1" 200 3195
WARNING 2023-10-28 21:16:56,794 log 6561 128639419795200 Not Found: /favicon.ico
WARNING 2023-10-28 21:16:56,795 basehttp 6561 128639419795200 "GET /favicon.ico HTTP/1.1" 404 3037
INFO 2023-10-28 21:17:06,683 autoreload 6561 128639460214592 /home/administrator/Desktops/Desktop1/study/django/django/proj_one/hometask_app/models.py changed, reloading.
INFO 2023-10-28 21:17:06,891 autoreload 6612 139716801001280 Watching for file changes with StatReloader
INFO 2023-10-28 21:17:07,591 basehttp 6612 139716760844032 "GET /admin/hometask_app/client/ HTTP/1.1" 200 36415
INFO 2023-10-28 21:17:07,607 basehttp 6612 139716760844032 "GET /admin/jsi18n/ HTTP/1.1" 200 3195
INFO 2023-10-28 21:18:34,735 autoreload 6612 139716801001280 /home/administrator/Desktops/Desktop1/study/django/django/proj_one/proj_one/settings.py changed, reloading.
INFO 2023-10-28 21:18:34,911 autoreload 6727 126525399365440 Watching for file changes with StatReloader
INFO 2023-10-28 21:22:58,512 basehttp 6727 126525358683904 "GET /admin/ HTTP/1.1" 200 6486
INFO 2023-10-28 21:37:36,538 autoreload 6727 126525399365440 /home/administrator/Desktops/Desktop1/study/django/django/proj_one/hometask_app/admin.py changed, reloading.
INFO 2023-10-28 21:37:36,713 autoreload 6885 137898307991360 Watching for file changes with StatReloader
INFO 2023-10-28 21:37:41,845 basehttp 6885 137898267309824 "GET /admin/hometask_app/client/ HTTP/1.1" 200 36847
INFO 2023-10-28 21:37:41,891 basehttp 6885 137898267309824 "GET /admin/jsi18n/ HTTP/1.1" 200 15618
WARNING 2023-10-28 21:37:41,926 log 6885 137898267309824 Not Found: /favicon.ico
WARNING 2023-10-28 21:37:41,926 basehttp 6885 137898267309824 "GET /favicon.ico HTTP/1.1" 404 3037
INFO 2023-10-28 21:38:11,163 autoreload 6885 137898307991360 /home/administrator/Desktops/Desktop1/study/django/django/proj_one/hometask_app/admin.py changed, reloading.
INFO 2023-10-28 21:38:11,336 autoreload 6951 126534680872768 Watching for file changes with StatReloader
INFO 2023-10-28 21:38:12,823 basehttp 6951 126534568376064 "GET /admin/hometask_app/client/ HTTP/1.1" 200 37071
INFO 2023-10-28 21:38:12,853 basehttp 6951 126534568376064 "GET /admin/jsi18n/ HTTP/1.1" 200 15618
INFO 2023-10-28 21:38:17,743 basehttp 6951 126534568376064 "GET /admin/hometask_app/goodone/ HTTP/1.1" 200 35085
INFO 2023-10-28 21:38:17,767 basehttp 6951 126534568376064 "GET /admin/jsi18n/ HTTP/1.1" 200 15618
INFO 2023-10-28 21:38:21,460 basehttp 6951 126534568376064 "GET /admin/hometask_app/order/ HTTP/1.1" 200 53164
INFO 2023-10-28 21:38:21,503 basehttp 6951 126534568376064 "GET /admin/jsi18n/ HTTP/1.1" 200 15618
INFO 2023-10-28 21:38:57,933 basehttp 6951 126534568376064 "GET /admin/hometask_app/order/?o=2 HTTP/1.1" 200 55086
INFO 2023-10-28 21:38:57,978 basehttp 6951 126534568376064 "GET /admin/jsi18n/ HTTP/1.1" 200 15618
INFO 2023-10-28 21:38:58,011 basehttp 6951 126534568376064 "GET /static/admin/img/sorting-icons.svg HTTP/1.1" 200 1097
INFO 2023-10-28 21:39:02,739 basehttp 6951 126534568376064 "GET /admin/hometask_app/order/?o=4.2 HTTP/1.1" 200 56655
INFO 2023-10-28 21:39:02,762 basehttp 6951 126534568376064 "GET /admin/jsi18n/ HTTP/1.1" 200 15618
INFO 2023-10-28 21:39:17,810 basehttp 6951 126534568376064 "GET /admin/hometask_app/order/?o=4 HTTP/1.1" 200 55961
INFO 2023-10-28 21:39:17,848 basehttp 6951 126534568376064 "GET /admin/jsi18n/ HTTP/1.1" 200 15618
INFO 2023-10-28 21:39:19,547 basehttp 6951 126534568376064 "GET /admin/hometask_app/order/?o=2.4 HTTP/1.1" 200 55780
INFO 2023-10-28 21:39:19,566 basehttp 6951 126534568376064 "GET /admin/jsi18n/ HTTP/1.1" 200 15618
INFO 2023-10-28 21:39:21,587 basehttp 6951 126534568376064 "GET /admin/hometask_app/order/?o=-2.4 HTTP/1.1" 200 56937
INFO 2023-10-28 21:39:21,629 basehttp 6951 126534568376064 "GET /admin/jsi18n/ HTTP/1.1" 200 15618
INFO 2023-10-28 21:39:24,347 basehttp 6951 126534568376064 "GET /admin/hometask_app/order/?o=2.4 HTTP/1.1" 200 55780
INFO 2023-10-28 21:39:24,368 basehttp 6951 126534568376064 "GET /admin/jsi18n/ HTTP/1.1" 200 15618
INFO 2023-10-28 21:39:32,290 basehttp 6951 126534568376064 "GET /admin/hometask_app/goodone/ HTTP/1.1" 200 35085
INFO 2023-10-28 21:39:32,312 basehttp 6951 126534568376064 "GET /admin/jsi18n/ HTTP/1.1" 200 15618
INFO 2023-10-28 21:39:34,412 basehttp 6951 126534568376064 "GET /admin/hometask_app/client/ HTTP/1.1" 200 37071
INFO 2023-10-28 21:39:34,452 basehttp 6951 126534568376064 "GET /admin/jsi18n/ HTTP/1.1" 200 15618
INFO 2023-10-28 21:39:35,547 basehttp 6951 126534568376064 "GET /admin/hometask_app/order/ HTTP/1.1" 200 53164
INFO 2023-10-28 21:39:35,577 basehttp 6951 126534568376064 "GET /admin/jsi18n/ HTTP/1.1" 200 15618
INFO 2023-10-28 21:39:38,500 basehttp 6951 126534568376064 "GET /admin/hometask_app/order/1791/change/ HTTP/1.1" 200 37918
INFO 2023-10-28 21:39:38,538 basehttp 6951 126534568376064 "GET /admin/jsi18n/ HTTP/1.1" 200 15618
INFO 2023-10-28 21:39:38,644 basehttp 6951 126534568376064 "GET /static/admin/img/icon-clock.svg HTTP/1.1" 200 677
INFO 2023-10-28 21:40:14,309 basehttp 6951 126534568376064 "GET /admin/hometask_app/order/ HTTP/1.1" 200 53164
INFO 2023-10-28 21:40:36,196 basehttp 6951 126534568376064 "GET /admin/hometask_app/order/?o=2 HTTP/1.1" 200 55086
INFO 2023-10-28 21:40:36,237 basehttp 6951 126534568376064 "GET /admin/jsi18n/ HTTP/1.1" 200 15618
INFO 2023-10-28 21:40:37,877 basehttp 6951 126534568376064 "GET /admin/hometask_app/order/18/change/?_changelist_filters=o%3D2 HTTP/1.1" 200 38697
INFO 2023-10-28 21:40:37,911 basehttp 6951 126534568376064 "GET /admin/jsi18n/ HTTP/1.1" 200 15618
INFO 2023-10-28 21:41:46,524 basehttp 6951 126534568376064 "GET /admin/hometask_app/order/?o=2 HTTP/1.1" 200 55086
INFO 2023-10-28 21:41:53,321 basehttp 6951 126534568376064 "GET /admin/hometask_app/order/73/change/?_changelist_filters=o%3D2 HTTP/1.1" 200 37981
INFO 2023-10-28 21:41:53,354 basehttp 6951 126534568376064 "GET /admin/jsi18n/ HTTP/1.1" 200 15618
INFO 2023-10-28 21:42:42,210 basehttp 6951 126534568376064 "GET /admin/hometask_app/goodone/add/?_to_field=id&_popup=1 HTTP/1.1" 200 5679
INFO 2023-10-28 21:42:42,255 basehttp 6951 126534568376064 "GET /admin/jsi18n/ HTTP/1.1" 200 15618
INFO 2023-10-28 21:43:02,156 basehttp 6951 126534568376064 "GET /admin/hometask_app/order/?o=2 HTTP/1.1" 200 55086
INFO 2023-10-28 21:43:04,873 basehttp 6951 126534568376064 "GET /admin/hometask_app/order/76/change/?_changelist_filters=o%3D2 HTTP/1.1" 200 38956
INFO 2023-10-28 21:43:04,901 basehttp 6951 126534568376064 "GET /admin/jsi18n/ HTTP/1.1" 200 15618
INFO 2023-10-28 21:43:40,886 basehttp 6951 126534568376064 "GET /admin/hometask_app/order/ HTTP/1.1" 200 53164
INFO 2023-10-28 21:43:40,919 basehttp 6951 126534568376064 "GET /admin/jsi18n/ HTTP/1.1" 200 15618
INFO 2023-10-28 21:45:43,717 autoreload 6951 126534680872768 /home/administrator/Desktops/Desktop1/study/django/django/proj_one/hometask_app/admin.py changed, reloading.
INFO 2023-10-28 21:45:43,886 autoreload 7406 123882465724224 Watching for file changes with StatReloader
INFO 2023-10-28 21:45:47,765 basehttp 7406 123882357913344 "GET /admin/hometask_app/order/ HTTP/1.1" 200 52112
INFO 2023-10-28 21:45:47,786 basehttp 7406 123882357913344 "GET /admin/jsi18n/ HTTP/1.1" 200 15618
INFO 2023-10-28 21:45:57,292 basehttp 7406 123882357913344 "GET /admin/hometask_app/order/?o=2 HTTP/1.1" 200 55082
INFO 2023-10-28 21:45:57,345 basehttp 7406 123882357913344 "GET /admin/jsi18n/ HTTP/1.1" 200 15618
INFO 2023-10-28 21:45:59,446 basehttp 7406 123882357913344 "GET /admin/hometask_app/order/?o=-2 HTTP/1.1" 200 56253
INFO 2023-10-28 21:45:59,484 basehttp 7406 123882357913344 "GET /admin/jsi18n/ HTTP/1.1" 200 15618
INFO 2023-10-28 21:46:01,862 basehttp 7406 123882357913344 "GET /admin/hometask_app/order/?o=2 HTTP/1.1" 200 55082
INFO 2023-10-28 21:46:01,890 basehttp 7406 123882357913344 "GET /admin/jsi18n/ HTTP/1.1" 200 15618
INFO 2023-10-28 21:46:06,220 basehttp 7406 123882357913344 "GET /admin/hometask_app/order/?o=-2 HTTP/1.1" 200 56253
INFO 2023-10-28 21:46:06,251 basehttp 7406 123882357913344 "GET /admin/jsi18n/ HTTP/1.1" 200 15618
INFO 2023-10-28 21:46:23,206 basehttp 7406 123882357913344 "GET /admin/hometask_app/order/?o= HTTP/1.1" 200 54672
INFO 2023-10-28 21:46:23,240 basehttp 7406 123882357913344 "GET /admin/jsi18n/ HTTP/1.1" 200 15618
INFO 2023-10-28 21:46:27,051 basehttp 7406 123882357913344 "GET /admin/hometask_app/order/?o=&p=19 HTTP/1.1" 200 8547
INFO 2023-10-28 21:46:27,078 basehttp 7406 123882357913344 "GET /admin/jsi18n/ HTTP/1.1" 200 15618
INFO 2023-10-28 21:46:30,017 basehttp 7406 123882357913344 "GET /admin/hometask_app/order/?o=&p=1 HTTP/1.1" 200 55480
INFO 2023-10-28 21:46:30,071 basehttp 7406 123882357913344 "GET /admin/jsi18n/ HTTP/1.1" 200 15618
INFO 2023-10-28 21:49:08,598 autoreload 7406 123882465724224 /home/administrator/Desktops/Desktop1/study/django/django/proj_one/hometask_app/admin.py changed, reloading.
INFO 2023-10-28 21:49:08,806 autoreload 7571 140489157838656 Watching for file changes with StatReloader
INFO 2023-10-28 21:49:12,546 basehttp 7571 140489050027776 "GET /admin/hometask_app/goodone/ HTTP/1.1" 200 43125
INFO 2023-10-28 21:49:12,598 basehttp 7571 140489050027776 "GET /admin/jsi18n/ HTTP/1.1" 200 15618
INFO 2023-10-28 21:49:16,625 basehttp 7571 140489050027776 "GET /admin/hometask_app/goodone/?name=stuff49 HTTP/1.1" 200 16077
INFO 2023-10-28 21:49:16,660 basehttp 7571 140489050027776 "GET /admin/jsi18n/ HTTP/1.1" 200 15618
INFO 2023-10-28 21:49:19,971 basehttp 7571 140489050027776 "GET /admin/hometask_app/goodone/? HTTP/1.1" 200 43125
INFO 2023-10-28 21:49:20,006 basehttp 7571 140489050027776 "GET /admin/jsi18n/ HTTP/1.1" 200 15618
INFO 2023-10-28 21:49:35,540 basehttp 7571 140489050027776 "GET /admin/hometask_app/goodone/?name=stuff20 HTTP/1.1" 200 16077
INFO 2023-10-28 21:49:35,571 basehttp 7571 140489050027776 "GET /admin/jsi18n/ HTTP/1.1" 200 15618
INFO 2023-10-28 21:49:37,049 basehttp 7571 140489050027776 "GET /admin/hometask_app/goodone/? HTTP/1.1" 200 43125
INFO 2023-10-28 21:49:37,081 basehttp 7571 140489050027776 "GET /admin/jsi18n/ HTTP/1.1" 200 15618
INFO 2023-10-28 21:49:40,517 basehttp 7571 140489050027776 "GET /admin/hometask_app/goodone/?name=stuff56 HTTP/1.1" 200 16077
INFO 2023-10-28 21:49:40,542 basehttp 7571 140489050027776 "GET /admin/jsi18n/ HTTP/1.1" 200 15618
INFO 2023-10-28 21:49:42,075 basehttp 7571 140489050027776 "GET /admin/hometask_app/goodone/?name=stuff29 HTTP/1.1" 200 16077
INFO 2023-10-28 21:49:42,095 basehttp 7571 140489050027776 "GET /admin/jsi18n/ HTTP/1.1" 200 15618
INFO 2023-10-28 21:49:43,445 basehttp 7571 140489050027776 "GET /admin/hometask_app/goodone/?name=stuff11 HTTP/1.1" 200 16077
INFO 2023-10-28 21:49:43,472 basehttp 7571 140489050027776 "GET /admin/jsi18n/ HTTP/1.1" 200 15618
INFO 2023-10-28 21:49:44,283 basehttp 7571 140489050027776 "GET /admin/hometask_app/goodone/?name=stuff12 HTTP/1.1" 200 16077
INFO 2023-10-28 21:49:44,303 basehttp 7571 140489050027776 "GET /admin/jsi18n/ HTTP/1.1" 200 15618
INFO 2023-10-28 21:49:47,844 basehttp 7571 140489050027776 "GET /admin/hometask_app/goodone/? HTTP/1.1" 200 43125
INFO 2023-10-28 21:49:47,887 basehttp 7571 140489050027776 "GET /admin/jsi18n/ HTTP/1.1" 200 15618
INFO 2023-10-28 21:49:54,839 basehttp 7571 140489050027776 "GET /admin/hometask_app/goodone/?name=stuff1 HTTP/1.1" 200 16056
INFO 2023-10-28 21:49:54,855 basehttp 7571 140489050027776 "GET /admin/jsi18n/ HTTP/1.1" 200 15618
INFO 2023-10-28 21:49:56,642 basehttp 7571 140489050027776 "GET /admin/hometask_app/goodone/?name=stuff1 HTTP/1.1" 200 16056
INFO 2023-10-28 21:49:56,659 basehttp 7571 140489050027776 "GET /admin/jsi18n/ HTTP/1.1" 200 15618
INFO 2023-10-28 21:51:46,139 autoreload 7571 140489157838656 /home/administrator/Desktops/Desktop1/study/django/django/proj_one/hometask_app/admin.py changed, reloading.
INFO 2023-10-28 21:51:46,305 autoreload 7766 123966249920320 Watching for file changes with StatReloader
INFO 2023-10-28 21:51:50,242 basehttp 7766 123966209238784 "GET / HTTP/1.1" 200 573
INFO 2023-10-28 21:51:57,264 basehttp 7766 123966209238784 "GET /admin/hometask_app/client/ HTTP/1.1" 200 37395
INFO 2023-10-28 21:51:57,304 basehttp 7766 123966209238784 "GET /admin/jsi18n/ HTTP/1.1" 200 15618
INFO 2023-10-28 21:51:57,349 basehttp 7766 123966199273216 "GET /static/admin/img/search.svg HTTP/1.1" 200 458
INFO 2023-10-28 21:52:04,242 basehttp 7766 123966209238784 "GET /admin/hometask_app/client/?q=88 HTTP/1.1" 200 8099
INFO 2023-10-28 21:52:04,267 basehttp 7766 123966199273216 "GET /admin/jsi18n/ HTTP/1.1" 200 15618
INFO 2023-10-28 21:52:34,764 basehttp 7766 123966209238784 "GET /admin/hometask_app/client/?q=*1 HTTP/1.1" 200 7033
INFO 2023-10-28 21:52:34,808 basehttp 7766 123966199273216 "GET /admin/jsi18n/ HTTP/1.1" 200 15618
INFO 2023-10-28 21:52:39,144 basehttp 7766 123966209238784 "GET /admin/hometask_app/client/?q=*1* HTTP/1.1" 200 7039
INFO 2023-10-28 21:52:39,174 basehttp 7766 123966199273216 "GET /admin/jsi18n/ HTTP/1.1" 200 15618
INFO 2023-10-28 21:53:27,380 basehttp 7766 123966209238784 "GET /admin/hometask_app/client/?q= HTTP/1.1" 200 39947
INFO 2023-10-28 21:53:27,399 basehttp 7766 123966199273216 "GET /admin/jsi18n/ HTTP/1.1" 200 15618
INFO 2023-10-28 21:53:42,701 basehttp 7766 123966209238784 "GET /admin/hometask_app/client/?q=User%256 HTTP/1.1" 200 7041
INFO 2023-10-28 21:53:42,728 basehttp 7766 123966199273216 "GET /admin/jsi18n/ HTTP/1.1" 200 15618
INFO 2023-10-28 21:53:48,220 basehttp 7766 123966209238784 "GET /admin/hometask_app/client/?q=User*6 HTTP/1.1" 200 7041
INFO 2023-10-28 21:53:48,249 basehttp 7766 123966199273216 "GET /admin/jsi18n/ HTTP/1.1" 200 15618
INFO 2023-10-28 21:53:52,251 basehttp 7766 123966209238784 "GET /admin/hometask_app/client/?q=User%216 HTTP/1.1" 200 7041
INFO 2023-10-28 21:53:52,274 basehttp 7766 123966199273216 "GET /admin/jsi18n/ HTTP/1.1" 200 15618
INFO 2023-10-28 21:53:58,646 basehttp 7766 123966209238784 "GET /admin/hometask_app/client/?q=User6 HTTP/1.1" 200 11402
INFO 2023-10-28 21:53:58,665 basehttp 7766 123966199273216 "GET /admin/jsi18n/ HTTP/1.1" 200 15618
INFO 2023-10-28 22:07:54,040 autoreload 7766 123966249920320 /home/administrator/Desktops/Desktop1/study/django/django/proj_one/hometask_app/admin.py changed, reloading.
INFO 2023-10-28 22:07:54,192 autoreload 8252 129826642339648 Watching for file changes with StatReloader
INFO 2023-10-28 22:07:58,181 basehttp 8252 129826526590720 "GET /admin/hometask_app/order/ HTTP/1.1" 200 52112
INFO 2023-10-28 22:07:58,223 basehttp 8252 129826526590720 "GET /admin/jsi18n/ HTTP/1.1" 200 15618
ERROR 2023-10-28 22:08:00,708 log 8252 129826526590720 Internal Server Error: /admin/hometask_app/order/1/change/
Traceback (most recent call last):
  File "/home/administrator/Desktops/Desktop1/study/django/env/lib/python3.7/site-packages/django/contrib/admin/options.py", line 710, in get_form
    return modelform_factory(self.model, **defaults)
  File "/home/administrator/Desktops/Desktop1/study/django/env/lib/python3.7/site-packages/django/forms/models.py", line 563, in modelform_factory
    return type(form)(class_name, (form,), form_class_attrs)
  File "/home/administrator/Desktops/Desktop1/study/django/env/lib/python3.7/site-packages/django/forms/models.py", line 276, in __new__
    raise FieldError(message)
django.core.exceptions.FieldError: Unknown field(s) (total_price) specified for Order

During handling of the above exception, another exception occurred:

Traceback (most recent call last):
  File "/home/administrator/Desktops/Desktop1/study/django/env/lib/python3.7/site-packages/django/core/handlers/exception.py", line 47, in inner
    response = get_response(request)
  File "/home/administrator/Desktops/Desktop1/study/django/env/lib/python3.7/site-packages/django/core/handlers/base.py", line 181, in _get_response
    response = wrapped_callback(request, *callback_args, **callback_kwargs)
  File "/home/administrator/Desktops/Desktop1/study/django/env/lib/python3.7/site-packages/django/contrib/admin/options.py", line 616, in wrapper
    return self.admin_site.admin_view(view)(*args, **kwargs)
  File "/home/administrator/Desktops/Desktop1/study/django/env/lib/python3.7/site-packages/django/utils/decorators.py", line 130, in _wrapped_view
    response = view_func(request, *args, **kwargs)
  File "/home/administrator/Desktops/Desktop1/study/django/env/lib/python3.7/site-packages/django/views/decorators/cache.py", line 44, in _wrapped_view_func
    response = view_func(request, *args, **kwargs)
  File "/home/administrator/Desktops/Desktop1/study/django/env/lib/python3.7/site-packages/django/contrib/admin/sites.py", line 232, in inner
    return view(request, *args, **kwargs)
  File "/home/administrator/Desktops/Desktop1/study/django/env/lib/python3.7/site-packages/django/contrib/admin/options.py", line 1660, in change_view
    return self.changeform_view(request, object_id, form_url, extra_context)
  File "/home/administrator/Desktops/Desktop1/study/django/env/lib/python3.7/site-packages/django/utils/decorators.py", line 43, in _wrapper
    return bound_method(*args, **kwargs)
  File "/home/administrator/Desktops/Desktop1/study/django/env/lib/python3.7/site-packages/django/utils/decorators.py", line 130, in _wrapped_view
    response = view_func(request, *args, **kwargs)
  File "/home/administrator/Desktops/Desktop1/study/django/env/lib/python3.7/site-packages/django/contrib/admin/options.py", line 1540, in changeform_view
    return self._changeform_view(request, object_id, form_url, extra_context)
  File "/home/administrator/Desktops/Desktop1/study/django/env/lib/python3.7/site-packages/django/contrib/admin/options.py", line 1575, in _changeform_view
    request, obj, change=not add, fields=flatten_fieldsets(fieldsets)
  File "/home/administrator/Desktops/Desktop1/study/django/env/lib/python3.7/site-packages/django/contrib/admin/options.py", line 714, in get_form
    % (e, self.__class__.__name__)
django.core.exceptions.FieldError: Unknown field(s) (total_price) specified for Order. Check fields/fieldsets/exclude attributes of class OrderAdminView.
ERROR 2023-10-28 22:08:00,710 basehttp 8252 129826526590720 "GET /admin/hometask_app/order/1/change/ HTTP/1.1" 500 139332
INFO 2023-10-28 22:09:06,365 basehttp 8252 129826526590720 "GET /admin/ HTTP/1.1" 200 6486
INFO 2023-10-28 22:09:11,256 basehttp 8252 129826526590720 "GET /admin/hometask_app/order/ HTTP/1.1" 200 52112
INFO 2023-10-28 22:09:11,290 basehttp 8252 129826526590720 "GET /admin/jsi18n/ HTTP/1.1" 200 15618
ERROR 2023-10-28 22:09:17,182 log 8252 129826526590720 Internal Server Error: /admin/hometask_app/order/2/change/
Traceback (most recent call last):
  File "/home/administrator/Desktops/Desktop1/study/django/env/lib/python3.7/site-packages/django/contrib/admin/options.py", line 710, in get_form
    return modelform_factory(self.model, **defaults)
  File "/home/administrator/Desktops/Desktop1/study/django/env/lib/python3.7/site-packages/django/forms/models.py", line 563, in modelform_factory
    return type(form)(class_name, (form,), form_class_attrs)
  File "/home/administrator/Desktops/Desktop1/study/django/env/lib/python3.7/site-packages/django/forms/models.py", line 276, in __new__
    raise FieldError(message)
django.core.exceptions.FieldError: Unknown field(s) (total_price) specified for Order

During handling of the above exception, another exception occurred:

Traceback (most recent call last):
  File "/home/administrator/Desktops/Desktop1/study/django/env/lib/python3.7/site-packages/django/core/handlers/exception.py", line 47, in inner
    response = get_response(request)
  File "/home/administrator/Desktops/Desktop1/study/django/env/lib/python3.7/site-packages/django/core/handlers/base.py", line 181, in _get_response
    response = wrapped_callback(request, *callback_args, **callback_kwargs)
  File "/home/administrator/Desktops/Desktop1/study/django/env/lib/python3.7/site-packages/django/contrib/admin/options.py", line 616, in wrapper
    return self.admin_site.admin_view(view)(*args, **kwargs)
  File "/home/administrator/Desktops/Desktop1/study/django/env/lib/python3.7/site-packages/django/utils/decorators.py", line 130, in _wrapped_view
    response = view_func(request, *args, **kwargs)
  File "/home/administrator/Desktops/Desktop1/study/django/env/lib/python3.7/site-packages/django/views/decorators/cache.py", line 44, in _wrapped_view_func
    response = view_func(request, *args, **kwargs)
  File "/home/administrator/Desktops/Desktop1/study/django/env/lib/python3.7/site-packages/django/contrib/admin/sites.py", line 232, in inner
    return view(request, *args, **kwargs)
  File "/home/administrator/Desktops/Desktop1/study/django/env/lib/python3.7/site-packages/django/contrib/admin/options.py", line 1660, in change_view
    return self.changeform_view(request, object_id, form_url, extra_context)
  File "/home/administrator/Desktops/Desktop1/study/django/env/lib/python3.7/site-packages/django/utils/decorators.py", line 43, in _wrapper
    return bound_method(*args, **kwargs)
  File "/home/administrator/Desktops/Desktop1/study/django/env/lib/python3.7/site-packages/django/utils/decorators.py", line 130, in _wrapped_view
    response = view_func(request, *args, **kwargs)
  File "/home/administrator/Desktops/Desktop1/study/django/env/lib/python3.7/site-packages/django/contrib/admin/options.py", line 1540, in changeform_view
    return self._changeform_view(request, object_id, form_url, extra_context)
  File "/home/administrator/Desktops/Desktop1/study/django/env/lib/python3.7/site-packages/django/contrib/admin/options.py", line 1575, in _changeform_view
    request, obj, change=not add, fields=flatten_fieldsets(fieldsets)
  File "/home/administrator/Desktops/Desktop1/study/django/env/lib/python3.7/site-packages/django/contrib/admin/options.py", line 714, in get_form
    % (e, self.__class__.__name__)
django.core.exceptions.FieldError: Unknown field(s) (total_price) specified for Order. Check fields/fieldsets/exclude attributes of class OrderAdminView.
ERROR 2023-10-28 22:09:17,183 basehttp 8252 129826526590720 "GET /admin/hometask_app/order/2/change/ HTTP/1.1" 500 138612
INFO 2023-10-28 22:11:30,509 autoreload 8252 129826642339648 /home/administrator/Desktops/Desktop1/study/django/django/proj_one/hometask_app/admin.py changed, reloading.
INFO 2023-10-28 22:11:30,667 autoreload 8413 132158970775360 Watching for file changes with StatReloader
INFO 2023-10-28 22:11:34,804 autoreload 8413 132158970775360 /home/administrator/Desktops/Desktop1/study/django/django/proj_one/hometask_app/admin.py changed, reloading.
INFO 2023-10-28 22:11:34,961 autoreload 8434 136559003666240 Watching for file changes with StatReloader
INFO 2023-10-28 22:12:22,480 autoreload 8434 136559003666240 /home/administrator/Desktops/Desktop1/study/django/django/proj_one/hometask_app/admin.py changed, reloading.
INFO 2023-10-28 22:12:22,637 autoreload 8461 132290894636864 Watching for file changes with StatReloader
ERROR 2023-10-28 22:12:24,831 log 8461 132290853955328 Internal Server Error: /admin/hometask_app/order/2/change/
Traceback (most recent call last):
  File "/home/administrator/Desktops/Desktop1/study/django/env/lib/python3.7/site-packages/django/contrib/admin/options.py", line 710, in get_form
    return modelform_factory(self.model, **defaults)
  File "/home/administrator/Desktops/Desktop1/study/django/env/lib/python3.7/site-packages/django/forms/models.py", line 563, in modelform_factory
    return type(form)(class_name, (form,), form_class_attrs)
  File "/home/administrator/Desktops/Desktop1/study/django/env/lib/python3.7/site-packages/django/forms/models.py", line 276, in __new__
    raise FieldError(message)
django.core.exceptions.FieldError: Unknown field(s) (total_price) specified for Order

During handling of the above exception, another exception occurred:

Traceback (most recent call last):
  File "/home/administrator/Desktops/Desktop1/study/django/env/lib/python3.7/site-packages/django/core/handlers/exception.py", line 47, in inner
    response = get_response(request)
  File "/home/administrator/Desktops/Desktop1/study/django/env/lib/python3.7/site-packages/django/core/handlers/base.py", line 181, in _get_response
    response = wrapped_callback(request, *callback_args, **callback_kwargs)
  File "/home/administrator/Desktops/Desktop1/study/django/env/lib/python3.7/site-packages/django/contrib/admin/options.py", line 616, in wrapper
    return self.admin_site.admin_view(view)(*args, **kwargs)
  File "/home/administrator/Desktops/Desktop1/study/django/env/lib/python3.7/site-packages/django/utils/decorators.py", line 130, in _wrapped_view
    response = view_func(request, *args, **kwargs)
  File "/home/administrator/Desktops/Desktop1/study/django/env/lib/python3.7/site-packages/django/views/decorators/cache.py", line 44, in _wrapped_view_func
    response = view_func(request, *args, **kwargs)
  File "/home/administrator/Desktops/Desktop1/study/django/env/lib/python3.7/site-packages/django/contrib/admin/sites.py", line 232, in inner
    return view(request, *args, **kwargs)
  File "/home/administrator/Desktops/Desktop1/study/django/env/lib/python3.7/site-packages/django/contrib/admin/options.py", line 1660, in change_view
    return self.changeform_view(request, object_id, form_url, extra_context)
  File "/home/administrator/Desktops/Desktop1/study/django/env/lib/python3.7/site-packages/django/utils/decorators.py", line 43, in _wrapper
    return bound_method(*args, **kwargs)
  File "/home/administrator/Desktops/Desktop1/study/django/env/lib/python3.7/site-packages/django/utils/decorators.py", line 130, in _wrapped_view
    response = view_func(request, *args, **kwargs)
  File "/home/administrator/Desktops/Desktop1/study/django/env/lib/python3.7/site-packages/django/contrib/admin/options.py", line 1540, in changeform_view
    return self._changeform_view(request, object_id, form_url, extra_context)
  File "/home/administrator/Desktops/Desktop1/study/django/env/lib/python3.7/site-packages/django/contrib/admin/options.py", line 1575, in _changeform_view
    request, obj, change=not add, fields=flatten_fieldsets(fieldsets)
  File "/home/administrator/Desktops/Desktop1/study/django/env/lib/python3.7/site-packages/django/contrib/admin/options.py", line 714, in get_form
    % (e, self.__class__.__name__)
django.core.exceptions.FieldError: Unknown field(s) (total_price) specified for Order. Check fields/fieldsets/exclude attributes of class OrderAdminView.
ERROR 2023-10-28 22:12:24,833 basehttp 8461 132290853955328 "GET /admin/hometask_app/order/2/change/ HTTP/1.1" 500 138632
INFO 2023-10-28 22:12:55,053 autoreload 8461 132290894636864 /home/administrator/Desktops/Desktop1/study/django/django/proj_one/hometask_app/admin.py changed, reloading.
INFO 2023-10-28 22:12:55,201 autoreload 8512 123755400345408 Watching for file changes with StatReloader
INFO 2023-10-28 22:13:12,693 basehttp 8512 123755359663872 "GET /admin/hometask_app/order/2/change/ HTTP/1.1" 200 38364
INFO 2023-10-28 22:13:12,707 basehttp 8512 123755349698304 "GET /static/admin/js/collapse.js HTTP/1.1" 200 1803
INFO 2023-10-28 22:13:12,710 basehttp 8512 123755359663872 "GET /admin/jsi18n/ HTTP/1.1" 200 15618
INFO 2023-10-28 22:14:29,840 basehttp 8512 123755359663872 "GET /admin/hometask_app/goodone/ HTTP/1.1" 200 43125
INFO 2023-10-28 22:14:29,871 basehttp 8512 123755359663872 "GET /admin/jsi18n/ HTTP/1.1" 200 15618
INFO 2023-10-28 22:14:31,341 basehttp 8512 123755359663872 "GET /admin/hometask_app/goodone/100/change/ HTTP/1.1" 200 10021
INFO 2023-10-28 22:14:31,364 basehttp 8512 123755359663872 "GET /admin/jsi18n/ HTTP/1.1" 200 15618
INFO 2023-10-28 22:14:36,350 basehttp 8512 123755359663872 "GET /admin/hometask_app/goodone/ HTTP/1.1" 200 43125
INFO 2023-10-28 22:14:36,381 basehttp 8512 123755359663872 "GET /admin/jsi18n/ HTTP/1.1" 200 15618
INFO 2023-10-28 22:14:39,052 basehttp 8512 123755359663872 "GET /admin/hometask_app/goodone/?o=1 HTTP/1.1" 200 46951
INFO 2023-10-28 22:14:39,085 basehttp 8512 123755359663872 "GET /admin/jsi18n/ HTTP/1.1" 200 15618
INFO 2023-10-28 22:14:42,068 basehttp 8512 123755359663872 "GET /admin/hometask_app/goodone/1/change/?_changelist_filters=o%3D1 HTTP/1.1" 200 10067
INFO 2023-10-28 22:14:42,103 basehttp 8512 123755359663872 "GET /admin/jsi18n/ HTTP/1.1" 200 15618
INFO 2023-10-28 22:14:49,367 basehttp 8512 123755359663872 "GET /admin/hometask_app/client/ HTTP/1.1" 200 37395
INFO 2023-10-28 22:14:49,410 basehttp 8512 123755359663872 "GET /admin/jsi18n/ HTTP/1.1" 200 15618
INFO 2023-10-28 22:20:14,275 basehttp 8512 123755359663872 "GET /admin/hometask_app/order/ HTTP/1.1" 200 52112
INFO 2023-10-28 22:20:14,323 basehttp 8512 123755359663872 "GET /admin/jsi18n/ HTTP/1.1" 200 15618
WARNING 2023-10-28 22:20:14,362 log 8512 123755359663872 Not Found: /favicon.ico
WARNING 2023-10-28 22:20:14,362 basehttp 8512 123755359663872 "GET /favicon.ico HTTP/1.1" 404 3037
INFO 2023-10-28 22:20:16,749 basehttp 8512 123755359663872 "GET /admin/hometask_app/order/2/change/ HTTP/1.1" 200 38364
INFO 2023-10-28 22:20:16,798 basehttp 8512 123755359663872 "GET /admin/jsi18n/ HTTP/1.1" 200 15618
INFO 2023-10-28 22:25:32,836 autoreload 8512 123755400345408 /home/administrator/Desktops/Desktop1/study/django/django/proj_one/hometask_app/admin.py changed, reloading.
INFO 2023-10-28 22:25:33,005 autoreload 9517 138742880139072 Watching for file changes with StatReloader
INFO 2023-10-28 22:25:38,766 basehttp 9517 138742839457536 "GET /admin/hometask_app/order/2/change/ HTTP/1.1" 200 38766
INFO 2023-10-28 22:25:38,784 basehttp 9517 138742839457536 "GET /admin/jsi18n/ HTTP/1.1" 200 15618
WARNING 2023-10-28 22:25:38,870 log 9517 138742839457536 Not Found: /favicon.ico
WARNING 2023-10-28 22:25:38,871 basehttp 9517 138742839457536 "GET /favicon.ico HTTP/1.1" 404 3037
INFO 2023-10-28 22:26:20,548 autoreload 9517 138742880139072 /home/administrator/Desktops/Desktop1/study/django/django/proj_one/hometask_app/admin.py changed, reloading.
INFO 2023-10-28 22:26:20,718 autoreload 9584 124999723747136 Watching for file changes with StatReloader
INFO 2023-10-28 22:26:22,092 basehttp 9584 124999683065600 "GET /admin/hometask_app/order/2/change/ HTTP/1.1" 200 25807
INFO 2023-10-28 22:26:22,129 basehttp 9584 124999683065600 "GET /admin/jsi18n/ HTTP/1.1" 200 15618
WARNING 2023-10-28 22:26:22,204 log 9584 124999683065600 Not Found: /favicon.ico
WARNING 2023-10-28 22:26:22,205 basehttp 9584 124999683065600 "GET /favicon.ico HTTP/1.1" 404 3037
INFO 2023-10-28 22:26:59,165 autoreload 9584 124999723747136 /home/administrator/Desktops/Desktop1/study/django/django/proj_one/hometask_app/admin.py changed, reloading.
INFO 2023-10-28 22:26:59,366 autoreload 9634 128362734860096 Watching for file changes with StatReloader
INFO 2023-10-28 22:27:00,102 basehttp 9634 128362694440704 "GET /admin/hometask_app/order/2/change/ HTTP/1.1" 200 25815
INFO 2023-10-28 22:27:00,115 basehttp 9634 128362694440704 "GET /admin/jsi18n/ HTTP/1.1" 200 15618
